<?xml version="1.0" encoding="UTF-8"?>
<coverage generated="1585879656705" clover="3.2.0">
  <project timestamp="1585879656705" name="All files">
    <metrics statements="218" coveredstatements="218" conditionals="4" coveredconditionals="4" methods="107" coveredmethods="107" elements="329" coveredelements="329" complexity="0" loc="218" ncloc="218" packages="2" files="49" classes="49"/>
    <package name="ast">
      <metrics statements="94" coveredstatements="94" conditionals="0" coveredconditionals="0" methods="42" coveredmethods="42"/>
      <file name="None.js" path="/Users/Shanaya/Desktop/Compilers/realhotgirlscript/ast/None.js">
        <metrics statements="1" coveredstatements="1" conditionals="0" coveredconditionals="0" methods="0" coveredmethods="0"/>
        <line num="1" count="1" type="stmt"/>
      </file>
      <file name="argument.js" path="/Users/Shanaya/Desktop/Compilers/realhotgirlscript/ast/argument.js">
        <metrics statements="2" coveredstatements="2" conditionals="0" coveredconditionals="0" methods="1" coveredmethods="1"/>
        <line num="1" count="1" type="stmt"/>
        <line num="3" count="34" type="stmt"/>
      </file>
      <file name="array-expression.js" path="/Users/Shanaya/Desktop/Compilers/realhotgirlscript/ast/array-expression.js">
        <metrics statements="2" coveredstatements="2" conditionals="0" coveredconditionals="0" methods="1" coveredmethods="1"/>
        <line num="1" count="1" type="stmt"/>
        <line num="3" count="2" type="stmt"/>
      </file>
      <file name="array-type.js" path="/Users/Shanaya/Desktop/Compilers/realhotgirlscript/ast/array-type.js">
        <metrics statements="2" coveredstatements="2" conditionals="0" coveredconditionals="0" methods="1" coveredmethods="1"/>
        <line num="1" count="1" type="stmt"/>
        <line num="3" count="5" type="stmt"/>
      </file>
      <file name="assignment-statement.js" path="/Users/Shanaya/Desktop/Compilers/realhotgirlscript/ast/assignment-statement.js">
        <metrics statements="2" coveredstatements="2" conditionals="0" coveredconditionals="0" methods="1" coveredmethods="1"/>
        <line num="1" count="1" type="stmt"/>
        <line num="3" count="15" type="stmt"/>
      </file>
      <file name="binary-expression.js" path="/Users/Shanaya/Desktop/Compilers/realhotgirlscript/ast/binary-expression.js">
        <metrics statements="2" coveredstatements="2" conditionals="0" coveredconditionals="0" methods="1" coveredmethods="1"/>
        <line num="1" count="1" type="stmt"/>
        <line num="3" count="97" type="stmt"/>
      </file>
      <file name="block.js" path="/Users/Shanaya/Desktop/Compilers/realhotgirlscript/ast/block.js">
        <metrics statements="2" coveredstatements="2" conditionals="0" coveredconditionals="0" methods="1" coveredmethods="1"/>
        <line num="1" count="1" type="stmt"/>
        <line num="3" count="166" type="stmt"/>
      </file>
      <file name="boolean-literal.js" path="/Users/Shanaya/Desktop/Compilers/realhotgirlscript/ast/boolean-literal.js">
        <metrics statements="2" coveredstatements="2" conditionals="0" coveredconditionals="0" methods="1" coveredmethods="1"/>
        <line num="1" count="1" type="stmt"/>
        <line num="3" count="13" type="stmt"/>
      </file>
      <file name="boolean-type.js" path="/Users/Shanaya/Desktop/Compilers/realhotgirlscript/ast/boolean-type.js">
        <metrics statements="1" coveredstatements="1" conditionals="0" coveredconditionals="0" methods="0" coveredmethods="0"/>
        <line num="1" count="1" type="stmt"/>
      </file>
      <file name="break-statement.js" path="/Users/Shanaya/Desktop/Compilers/realhotgirlscript/ast/break-statement.js">
        <metrics statements="1" coveredstatements="1" conditionals="0" coveredconditionals="0" methods="0" coveredmethods="0"/>
        <line num="1" count="1" type="stmt"/>
      </file>
      <file name="call.js" path="/Users/Shanaya/Desktop/Compilers/realhotgirlscript/ast/call.js">
        <metrics statements="2" coveredstatements="2" conditionals="0" coveredconditionals="0" methods="1" coveredmethods="1"/>
        <line num="1" count="1" type="stmt"/>
        <line num="3" count="37" type="stmt"/>
      </file>
      <file name="case.js" path="/Users/Shanaya/Desktop/Compilers/realhotgirlscript/ast/case.js">
        <metrics statements="2" coveredstatements="2" conditionals="0" coveredconditionals="0" methods="1" coveredmethods="1"/>
        <line num="1" count="1" type="stmt"/>
        <line num="3" count="6" type="stmt"/>
      </file>
      <file name="class-declaration.js" path="/Users/Shanaya/Desktop/Compilers/realhotgirlscript/ast/class-declaration.js">
        <metrics statements="2" coveredstatements="2" conditionals="0" coveredconditionals="0" methods="1" coveredmethods="1"/>
        <line num="1" count="1" type="stmt"/>
        <line num="3" count="8" type="stmt"/>
      </file>
      <file name="closure.js" path="/Users/Shanaya/Desktop/Compilers/realhotgirlscript/ast/closure.js">
        <metrics statements="2" coveredstatements="2" conditionals="0" coveredconditionals="0" methods="1" coveredmethods="1"/>
        <line num="1" count="1" type="stmt"/>
        <line num="3" count="2" type="stmt"/>
      </file>
      <file name="continue-statement.js" path="/Users/Shanaya/Desktop/Compilers/realhotgirlscript/ast/continue-statement.js">
        <metrics statements="1" coveredstatements="1" conditionals="0" coveredconditionals="0" methods="0" coveredmethods="0"/>
        <line num="1" count="1" type="stmt"/>
      </file>
      <file name="default-case.js" path="/Users/Shanaya/Desktop/Compilers/realhotgirlscript/ast/default-case.js">
        <metrics statements="2" coveredstatements="2" conditionals="0" coveredconditionals="0" methods="1" coveredmethods="1"/>
        <line num="1" count="1" type="stmt"/>
        <line num="3" count="3" type="stmt"/>
      </file>
      <file name="dict-expression.js" path="/Users/Shanaya/Desktop/Compilers/realhotgirlscript/ast/dict-expression.js">
        <metrics statements="2" coveredstatements="2" conditionals="0" coveredconditionals="0" methods="1" coveredmethods="1"/>
        <line num="1" count="1" type="stmt"/>
        <line num="3" count="5" type="stmt"/>
      </file>
      <file name="dict-type.js" path="/Users/Shanaya/Desktop/Compilers/realhotgirlscript/ast/dict-type.js">
        <metrics statements="2" coveredstatements="2" conditionals="0" coveredconditionals="0" methods="1" coveredmethods="1"/>
        <line num="1" count="1" type="stmt"/>
        <line num="3" count="7" type="stmt"/>
      </file>
      <file name="exponent.js" path="/Users/Shanaya/Desktop/Compilers/realhotgirlscript/ast/exponent.js">
        <metrics statements="2" coveredstatements="2" conditionals="0" coveredconditionals="0" methods="1" coveredmethods="1"/>
        <line num="1" count="1" type="stmt"/>
        <line num="3" count="2" type="stmt"/>
      </file>
      <file name="fraction.js" path="/Users/Shanaya/Desktop/Compilers/realhotgirlscript/ast/fraction.js">
        <metrics statements="2" coveredstatements="2" conditionals="0" coveredconditionals="0" methods="1" coveredmethods="1"/>
        <line num="1" count="1" type="stmt"/>
        <line num="3" count="2" type="stmt"/>
      </file>
      <file name="function-declaration.js" path="/Users/Shanaya/Desktop/Compilers/realhotgirlscript/ast/function-declaration.js">
        <metrics statements="2" coveredstatements="2" conditionals="0" coveredconditionals="0" methods="1" coveredmethods="1"/>
        <line num="1" count="1" type="stmt"/>
        <line num="3" count="57" type="stmt"/>
      </file>
      <file name="id-type.js" path="/Users/Shanaya/Desktop/Compilers/realhotgirlscript/ast/id-type.js">
        <metrics statements="2" coveredstatements="2" conditionals="0" coveredconditionals="0" methods="1" coveredmethods="1"/>
        <line num="1" count="1" type="stmt"/>
        <line num="3" count="2" type="stmt"/>
      </file>
      <file name="identifier-declaration.js" path="/Users/Shanaya/Desktop/Compilers/realhotgirlscript/ast/identifier-declaration.js">
        <metrics statements="2" coveredstatements="2" conditionals="0" coveredconditionals="0" methods="1" coveredmethods="1"/>
        <line num="1" count="1" type="stmt"/>
        <line num="3" count="59" type="stmt"/>
      </file>
      <file name="identifier-expression.js" path="/Users/Shanaya/Desktop/Compilers/realhotgirlscript/ast/identifier-expression.js">
        <metrics statements="2" coveredstatements="2" conditionals="0" coveredconditionals="0" methods="1" coveredmethods="1"/>
        <line num="1" count="1" type="stmt"/>
        <line num="3" count="136" type="stmt"/>
      </file>
      <file name="if-statement.js" path="/Users/Shanaya/Desktop/Compilers/realhotgirlscript/ast/if-statement.js">
        <metrics statements="2" coveredstatements="2" conditionals="0" coveredconditionals="0" methods="1" coveredmethods="1"/>
        <line num="1" count="1" type="stmt"/>
        <line num="3" count="30" type="stmt"/>
      </file>
      <file name="keyvalue-expression.js" path="/Users/Shanaya/Desktop/Compilers/realhotgirlscript/ast/keyvalue-expression.js">
        <metrics statements="2" coveredstatements="2" conditionals="0" coveredconditionals="0" methods="1" coveredmethods="1"/>
        <line num="1" count="1" type="stmt"/>
        <line num="3" count="12" type="stmt"/>
      </file>
      <file name="long-type.js" path="/Users/Shanaya/Desktop/Compilers/realhotgirlscript/ast/long-type.js">
        <metrics statements="1" coveredstatements="1" conditionals="0" coveredconditionals="0" methods="0" coveredmethods="0"/>
        <line num="1" count="1" type="stmt"/>
      </file>
      <file name="loop.js" path="/Users/Shanaya/Desktop/Compilers/realhotgirlscript/ast/loop.js">
        <metrics statements="5" coveredstatements="5" conditionals="0" coveredconditionals="0" methods="2" coveredmethods="2"/>
        <line num="13" count="6" type="stmt"/>
        <line num="14" count="6" type="stmt"/>
        <line num="28" count="12" type="stmt"/>
        <line num="29" count="12" type="stmt"/>
        <line num="33" count="1" type="stmt"/>
      </file>
      <file name="numeric-literal.js" path="/Users/Shanaya/Desktop/Compilers/realhotgirlscript/ast/numeric-literal.js">
        <metrics statements="2" coveredstatements="2" conditionals="0" coveredconditionals="0" methods="1" coveredmethods="1"/>
        <line num="1" count="1" type="stmt"/>
        <line num="3" count="202" type="stmt"/>
      </file>
      <file name="numeric-type.js" path="/Users/Shanaya/Desktop/Compilers/realhotgirlscript/ast/numeric-type.js">
        <metrics statements="1" coveredstatements="1" conditionals="0" coveredconditionals="0" methods="0" coveredmethods="0"/>
        <line num="1" count="1" type="stmt"/>
      </file>
      <file name="optional-type.js" path="/Users/Shanaya/Desktop/Compilers/realhotgirlscript/ast/optional-type.js">
        <metrics statements="2" coveredstatements="2" conditionals="0" coveredconditionals="0" methods="1" coveredmethods="1"/>
        <line num="1" count="1" type="stmt"/>
        <line num="3" count="14" type="stmt"/>
      </file>
      <file name="parameter.js" path="/Users/Shanaya/Desktop/Compilers/realhotgirlscript/ast/parameter.js">
        <metrics statements="2" coveredstatements="2" conditionals="0" coveredconditionals="0" methods="1" coveredmethods="1"/>
        <line num="1" count="1" type="stmt"/>
        <line num="3" count="43" type="stmt"/>
      </file>
      <file name="print-statement.js" path="/Users/Shanaya/Desktop/Compilers/realhotgirlscript/ast/print-statement.js">
        <metrics statements="2" coveredstatements="2" conditionals="0" coveredconditionals="0" methods="1" coveredmethods="1"/>
        <line num="1" count="1" type="stmt"/>
        <line num="3" count="100" type="stmt"/>
      </file>
      <file name="print.js" path="/Users/Shanaya/Desktop/Compilers/realhotgirlscript/ast/print.js">
        <metrics statements="2" coveredstatements="2" conditionals="0" coveredconditionals="0" methods="1" coveredmethods="1"/>
        <line num="1" count="1" type="stmt"/>
        <line num="3" count="100" type="stmt"/>
      </file>
      <file name="program.js" path="/Users/Shanaya/Desktop/Compilers/realhotgirlscript/ast/program.js">
        <metrics statements="2" coveredstatements="2" conditionals="0" coveredconditionals="0" methods="1" coveredmethods="1"/>
        <line num="1" count="1" type="stmt"/>
        <line num="3" count="29" type="stmt"/>
      </file>
      <file name="return-statement.js" path="/Users/Shanaya/Desktop/Compilers/realhotgirlscript/ast/return-statement.js">
        <metrics statements="2" coveredstatements="2" conditionals="0" coveredconditionals="0" methods="1" coveredmethods="1"/>
        <line num="1" count="1" type="stmt"/>
        <line num="3" count="14" type="stmt"/>
      </file>
      <file name="set-expression.js" path="/Users/Shanaya/Desktop/Compilers/realhotgirlscript/ast/set-expression.js">
        <metrics statements="3" coveredstatements="3" conditionals="0" coveredconditionals="0" methods="1" coveredmethods="1"/>
        <line num="1" count="1" type="stmt"/>
        <line num="3" count="1" type="stmt"/>
        <line num="5" count="4" type="stmt"/>
      </file>
      <file name="set-type.js" path="/Users/Shanaya/Desktop/Compilers/realhotgirlscript/ast/set-type.js">
        <metrics statements="2" coveredstatements="2" conditionals="0" coveredconditionals="0" methods="1" coveredmethods="1"/>
        <line num="1" count="1" type="stmt"/>
        <line num="3" count="7" type="stmt"/>
      </file>
      <file name="simple-statement-call.js" path="/Users/Shanaya/Desktop/Compilers/realhotgirlscript/ast/simple-statement-call.js">
        <metrics statements="2" coveredstatements="2" conditionals="0" coveredconditionals="0" methods="1" coveredmethods="1"/>
        <line num="1" count="1" type="stmt"/>
        <line num="3" count="36" type="stmt"/>
      </file>
      <file name="string-literal.js" path="/Users/Shanaya/Desktop/Compilers/realhotgirlscript/ast/string-literal.js">
        <metrics statements="2" coveredstatements="2" conditionals="0" coveredconditionals="0" methods="1" coveredmethods="1"/>
        <line num="1" count="1" type="stmt"/>
        <line num="3" count="134" type="stmt"/>
      </file>
      <file name="string-type.js" path="/Users/Shanaya/Desktop/Compilers/realhotgirlscript/ast/string-type.js">
        <metrics statements="1" coveredstatements="1" conditionals="0" coveredconditionals="0" methods="0" coveredmethods="0"/>
        <line num="1" count="1" type="stmt"/>
      </file>
      <file name="subscripted-expression.js" path="/Users/Shanaya/Desktop/Compilers/realhotgirlscript/ast/subscripted-expression.js">
        <metrics statements="2" coveredstatements="2" conditionals="0" coveredconditionals="0" methods="1" coveredmethods="1"/>
        <line num="1" count="1" type="stmt"/>
        <line num="3" count="4" type="stmt"/>
      </file>
      <file name="switch-statement.js" path="/Users/Shanaya/Desktop/Compilers/realhotgirlscript/ast/switch-statement.js">
        <metrics statements="2" coveredstatements="2" conditionals="0" coveredconditionals="0" methods="1" coveredmethods="1"/>
        <line num="1" count="1" type="stmt"/>
        <line num="3" count="3" type="stmt"/>
      </file>
      <file name="tuple-expression.js" path="/Users/Shanaya/Desktop/Compilers/realhotgirlscript/ast/tuple-expression.js">
        <metrics statements="3" coveredstatements="3" conditionals="0" coveredconditionals="0" methods="1" coveredmethods="1"/>
        <line num="1" count="1" type="stmt"/>
        <line num="3" count="1" type="stmt"/>
        <line num="5" count="4" type="stmt"/>
      </file>
      <file name="tuple-type.js" path="/Users/Shanaya/Desktop/Compilers/realhotgirlscript/ast/tuple-type.js">
        <metrics statements="2" coveredstatements="2" conditionals="0" coveredconditionals="0" methods="1" coveredmethods="1"/>
        <line num="1" count="1" type="stmt"/>
        <line num="3" count="7" type="stmt"/>
      </file>
      <file name="unary-expression.js" path="/Users/Shanaya/Desktop/Compilers/realhotgirlscript/ast/unary-expression.js">
        <metrics statements="2" coveredstatements="2" conditionals="0" coveredconditionals="0" methods="1" coveredmethods="1"/>
        <line num="1" count="1" type="stmt"/>
        <line num="3" count="15" type="stmt"/>
      </file>
      <file name="variable-declaration.js" path="/Users/Shanaya/Desktop/Compilers/realhotgirlscript/ast/variable-declaration.js">
        <metrics statements="2" coveredstatements="2" conditionals="0" coveredconditionals="0" methods="1" coveredmethods="1"/>
        <line num="1" count="1" type="stmt"/>
        <line num="3" count="59" type="stmt"/>
      </file>
      <file name="while-statement.js" path="/Users/Shanaya/Desktop/Compilers/realhotgirlscript/ast/while-statement.js">
        <metrics statements="2" coveredstatements="2" conditionals="0" coveredconditionals="0" methods="1" coveredmethods="1"/>
        <line num="1" count="1" type="stmt"/>
        <line num="3" count="7" type="stmt"/>
      </file>
    </package>
    <package name="syntax">
      <metrics statements="124" coveredstatements="124" conditionals="4" coveredconditionals="4" methods="65" coveredmethods="65"/>
      <file name="parser.js" path="/Users/Shanaya/Desktop/Compilers/realhotgirlscript/syntax/parser.js">
        <metrics statements="124" coveredstatements="124" conditionals="4" coveredconditionals="4" methods="65" coveredmethods="65"/>
        <line num="1" count="1" type="stmt"/>
        <line num="3" count="1" type="stmt"/>
        <line num="5" count="1" type="stmt"/>
        <line num="6" count="1" type="stmt"/>
        <line num="7" count="1" type="stmt"/>
        <line num="8" count="1" type="stmt"/>
        <line num="9" count="1" type="stmt"/>
        <line num="10" count="1" type="stmt"/>
        <line num="11" count="1" type="stmt"/>
        <line num="12" count="1" type="stmt"/>
        <line num="13" count="1" type="stmt"/>
        <line num="14" count="1" type="stmt"/>
        <line num="15" count="1" type="stmt"/>
        <line num="16" count="1" type="stmt"/>
        <line num="17" count="1" type="stmt"/>
        <line num="18" count="1" type="stmt"/>
        <line num="19" count="1" type="stmt"/>
        <line num="20" count="1" type="stmt"/>
        <line num="21" count="1" type="stmt"/>
        <line num="22" count="1" type="stmt"/>
        <line num="23" count="1" type="stmt"/>
        <line num="24" count="1" type="stmt"/>
        <line num="25" count="1" type="stmt"/>
        <line num="26" count="1" type="stmt"/>
        <line num="27" count="1" type="stmt"/>
        <line num="28" count="1" type="stmt"/>
        <line num="29" count="1" type="stmt"/>
        <line num="30" count="1" type="stmt"/>
        <line num="31" count="1" type="stmt"/>
        <line num="32" count="1" type="stmt"/>
        <line num="33" count="1" type="stmt"/>
        <line num="34" count="1" type="stmt"/>
        <line num="35" count="1" type="stmt"/>
        <line num="36" count="1" type="stmt"/>
        <line num="37" count="1" type="stmt"/>
        <line num="38" count="1" type="stmt"/>
        <line num="39" count="1" type="stmt"/>
        <line num="40" count="1" type="stmt"/>
        <line num="41" count="1" type="stmt"/>
        <line num="42" count="1" type="stmt"/>
        <line num="43" count="1" type="stmt"/>
        <line num="44" count="1" type="stmt"/>
        <line num="45" count="1" type="stmt"/>
        <line num="46" count="1" type="stmt"/>
        <line num="47" count="1" type="stmt"/>
        <line num="48" count="1" type="stmt"/>
        <line num="49" count="1" type="stmt"/>
        <line num="50" count="1" type="stmt"/>
        <line num="51" count="1" type="stmt"/>
        <line num="52" count="1" type="stmt"/>
        <line num="54" count="1" type="stmt"/>
        <line num="59" count="849" type="cond" truecount="2" falsecount="0"/>
        <line num="63" count="1" type="stmt"/>
        <line num="65" count="29" type="stmt"/>
        <line num="68" count="256" type="stmt"/>
        <line num="71" count="8" type="stmt"/>
        <line num="74" count="57" type="stmt"/>
        <line num="83" count="7" type="stmt"/>
        <line num="87" count="30" type="stmt"/>
        <line num="88" count="30" type="stmt"/>
        <line num="89" count="30" type="stmt"/>
        <line num="90" count="30" type="stmt"/>
        <line num="94" count="3" type="stmt"/>
        <line num="114" count="6" type="stmt"/>
        <line num="126" count="12" type="stmt"/>
        <line num="131" count="59" type="stmt"/>
        <line num="140" count="15" type="stmt"/>
        <line num="144" count="36" type="stmt"/>
        <line num="148" count="100" type="stmt"/>
        <line num="152" count="11" type="stmt"/>
        <line num="156" count="4" type="stmt"/>
        <line num="160" count="14" type="stmt"/>
        <line num="164" count="166" type="stmt"/>
        <line num="168" count="100" type="stmt"/>
        <line num="172" count="6" type="stmt"/>
        <line num="176" count="3" type="stmt"/>
        <line num="180" count="4" type="stmt"/>
        <line num="184" count="4" type="stmt"/>
        <line num="188" count="57" type="stmt"/>
        <line num="192" count="20" type="stmt"/>
        <line num="196" count="9" type="stmt"/>
        <line num="200" count="7" type="stmt"/>
        <line num="204" count="1" type="stmt"/>
        <line num="208" count="7" type="stmt"/>
        <line num="212" count="3" type="stmt"/>
        <line num="216" count="2" type="stmt"/>
        <line num="220" count="2" type="stmt"/>
        <line num="224" count="4" type="stmt"/>
        <line num="228" count="5" type="stmt"/>
        <line num="232" count="4" type="stmt"/>
        <line num="236" count="35" type="stmt"/>
        <line num="240" count="12" type="stmt"/>
        <line num="244" count="37" type="stmt"/>
        <line num="248" count="2" type="stmt"/>
        <line num="252" count="2" type="stmt"/>
        <line num="256" count="136" type="stmt"/>
        <line num="260" count="59" type="stmt"/>
        <line num="264" count="43" type="stmt"/>
        <line num="272" count="34" type="stmt"/>
        <line num="276" count="14" type="stmt"/>
        <line num="280" count="2" type="stmt"/>
        <line num="284" count="222" type="stmt"/>
        <line num="288" count="43" type="stmt"/>
        <line num="292" count="392" type="stmt"/>
        <line num="296" count="102" type="stmt"/>
        <line num="300" count="1" type="stmt"/>
        <line num="304" count="26" type="stmt"/>
        <line num="308" count="29" type="stmt"/>
        <line num="312" count="5" type="stmt"/>
        <line num="316" count="7" type="stmt"/>
        <line num="320" count="7" type="stmt"/>
        <line num="324" count="7" type="stmt"/>
        <line num="328" count="202" type="stmt"/>
        <line num="337" count="13" type="stmt"/>
        <line num="341" count="134" type="stmt"/>
        <line num="345" count="238" type="stmt"/>
        <line num="349" count="2" type="stmt"/>
        <line num="353" count="2" type="stmt"/>
        <line num="356" count="5" type="stmt"/>
        <line num="361" count="1" type="stmt"/>
        <line num="362" count="33" type="stmt"/>
        <line num="363" count="33" type="cond" truecount="2" falsecount="0"/>
        <line num="364" count="4" type="stmt"/>
        <line num="366" count="29" type="stmt"/>
      </file>
    </package>
  </project>
</coverage>
