{"/Users/sas/Desktop/McLovin It/Junior Year/Work Hard/Semester 2/Compilers/realhotgirlscript/ast/argument.js": {"path":"/Users/sas/Desktop/McLovin It/Junior Year/Work Hard/Semester 2/Compilers/realhotgirlscript/ast/argument.js","statementMap":{"0":{"start":{"line":1,"column":0},"end":{"line":5,"column":2}},"1":{"start":{"line":3,"column":4},"end":{"line":3,"column":50}}},"fnMap":{"0":{"name":"(anonymous_0)","decl":{"start":{"line":2,"column":2},"end":{"line":2,"column":3}},"loc":{"start":{"line":2,"column":36},"end":{"line":4,"column":3}},"line":2}},"branchMap":{},"s":{"0":1,"1":34},"f":{"0":34},"b":{},"_coverageSchema":"1a1c01bbd47fc00a2c39e90264f33305004495a9","hash":"dcdb44634234a2c4ad669cdbc9c04ce85905ba77"}
,"/Users/sas/Desktop/McLovin It/Junior Year/Work Hard/Semester 2/Compilers/realhotgirlscript/ast/array-expression.js": {"path":"/Users/sas/Desktop/McLovin It/Junior Year/Work Hard/Semester 2/Compilers/realhotgirlscript/ast/array-expression.js","statementMap":{"0":{"start":{"line":1,"column":0},"end":{"line":5,"column":2}},"1":{"start":{"line":3,"column":4},"end":{"line":3,"column":33}}},"fnMap":{"0":{"name":"(anonymous_0)","decl":{"start":{"line":2,"column":2},"end":{"line":2,"column":3}},"loc":{"start":{"line":2,"column":26},"end":{"line":4,"column":3}},"line":2}},"branchMap":{},"s":{"0":1,"1":2},"f":{"0":2},"b":{},"_coverageSchema":"1a1c01bbd47fc00a2c39e90264f33305004495a9","hash":"eeaecc775088162cfe9fae0730980a40f9f2b088"}
,"/Users/sas/Desktop/McLovin It/Junior Year/Work Hard/Semester 2/Compilers/realhotgirlscript/ast/array-type.js": {"path":"/Users/sas/Desktop/McLovin It/Junior Year/Work Hard/Semester 2/Compilers/realhotgirlscript/ast/array-type.js","statementMap":{"0":{"start":{"line":1,"column":0},"end":{"line":5,"column":2}},"1":{"start":{"line":3,"column":4},"end":{"line":3,"column":39}}},"fnMap":{"0":{"name":"(anonymous_0)","decl":{"start":{"line":2,"column":2},"end":{"line":2,"column":3}},"loc":{"start":{"line":2,"column":25},"end":{"line":4,"column":3}},"line":2}},"branchMap":{},"s":{"0":1,"1":5},"f":{"0":5},"b":{},"_coverageSchema":"1a1c01bbd47fc00a2c39e90264f33305004495a9","hash":"1eb9eddd8bb1ce4e2994da0950c4a2de32bfc744"}
,"/Users/sas/Desktop/McLovin It/Junior Year/Work Hard/Semester 2/Compilers/realhotgirlscript/ast/assignment-statement.js": {"path":"/Users/sas/Desktop/McLovin It/Junior Year/Work Hard/Semester 2/Compilers/realhotgirlscript/ast/assignment-statement.js","statementMap":{"0":{"start":{"line":1,"column":0},"end":{"line":5,"column":2}},"1":{"start":{"line":3,"column":4},"end":{"line":3,"column":44}}},"fnMap":{"0":{"name":"(anonymous_0)","decl":{"start":{"line":2,"column":2},"end":{"line":2,"column":3}},"loc":{"start":{"line":2,"column":30},"end":{"line":4,"column":3}},"line":2}},"branchMap":{},"s":{"0":1,"1":15},"f":{"0":15},"b":{},"_coverageSchema":"1a1c01bbd47fc00a2c39e90264f33305004495a9","hash":"457f3dfe3eb1eeb0f84a559888b0c8a238e202bd"}
,"/Users/sas/Desktop/McLovin It/Junior Year/Work Hard/Semester 2/Compilers/realhotgirlscript/ast/binary-expression.js": {"path":"/Users/sas/Desktop/McLovin It/Junior Year/Work Hard/Semester 2/Compilers/realhotgirlscript/ast/binary-expression.js","statementMap":{"0":{"start":{"line":1,"column":0},"end":{"line":5,"column":2}},"1":{"start":{"line":3,"column":4},"end":{"line":3,"column":45}}},"fnMap":{"0":{"name":"(anonymous_0)","decl":{"start":{"line":2,"column":2},"end":{"line":2,"column":3}},"loc":{"start":{"line":2,"column":31},"end":{"line":4,"column":3}},"line":2}},"branchMap":{},"s":{"0":1,"1":97},"f":{"0":97},"b":{},"_coverageSchema":"1a1c01bbd47fc00a2c39e90264f33305004495a9","hash":"87b90556c230dfc7dbe6de467e55e9096e2a5b95"}
,"/Users/sas/Desktop/McLovin It/Junior Year/Work Hard/Semester 2/Compilers/realhotgirlscript/ast/block.js": {"path":"/Users/sas/Desktop/McLovin It/Junior Year/Work Hard/Semester 2/Compilers/realhotgirlscript/ast/block.js","statementMap":{"0":{"start":{"line":1,"column":0},"end":{"line":5,"column":2}},"1":{"start":{"line":3,"column":4},"end":{"line":3,"column":33}}},"fnMap":{"0":{"name":"(anonymous_0)","decl":{"start":{"line":2,"column":2},"end":{"line":2,"column":3}},"loc":{"start":{"line":2,"column":26},"end":{"line":4,"column":3}},"line":2}},"branchMap":{},"s":{"0":1,"1":166},"f":{"0":166},"b":{},"_coverageSchema":"1a1c01bbd47fc00a2c39e90264f33305004495a9","hash":"d47fa7694acc7e3ff7a64d0e622e76ac34e6a255"}
,"/Users/sas/Desktop/McLovin It/Junior Year/Work Hard/Semester 2/Compilers/realhotgirlscript/ast/boolean-literal.js": {"path":"/Users/sas/Desktop/McLovin It/Junior Year/Work Hard/Semester 2/Compilers/realhotgirlscript/ast/boolean-literal.js","statementMap":{"0":{"start":{"line":1,"column":0},"end":{"line":5,"column":4}},"1":{"start":{"line":3,"column":6},"end":{"line":3,"column":25}}},"fnMap":{"0":{"name":"(anonymous_0)","decl":{"start":{"line":2,"column":4},"end":{"line":2,"column":5}},"loc":{"start":{"line":2,"column":23},"end":{"line":4,"column":5}},"line":2}},"branchMap":{},"s":{"0":1,"1":13},"f":{"0":13},"b":{},"_coverageSchema":"1a1c01bbd47fc00a2c39e90264f33305004495a9","hash":"14257686ccdb0f24ff529a660cd41f08747368cf"}
,"/Users/sas/Desktop/McLovin It/Junior Year/Work Hard/Semester 2/Compilers/realhotgirlscript/ast/boolean-type.js": {"path":"/Users/sas/Desktop/McLovin It/Junior Year/Work Hard/Semester 2/Compilers/realhotgirlscript/ast/boolean-type.js","statementMap":{"0":{"start":{"line":1,"column":0},"end":{"line":2,"column":2}}},"fnMap":{},"branchMap":{},"s":{"0":1},"f":{},"b":{},"_coverageSchema":"1a1c01bbd47fc00a2c39e90264f33305004495a9","hash":"df7d1985ac62b40eeee6e5e980367632a9ab6c6d"}
,"/Users/sas/Desktop/McLovin It/Junior Year/Work Hard/Semester 2/Compilers/realhotgirlscript/ast/break-statement.js": {"path":"/Users/sas/Desktop/McLovin It/Junior Year/Work Hard/Semester 2/Compilers/realhotgirlscript/ast/break-statement.js","statementMap":{"0":{"start":{"line":1,"column":0},"end":{"line":1,"column":41}}},"fnMap":{},"branchMap":{},"s":{"0":1},"f":{},"b":{},"_coverageSchema":"1a1c01bbd47fc00a2c39e90264f33305004495a9","hash":"a70aec5329289cd503269e6eab66d178dd065c53"}
,"/Users/sas/Desktop/McLovin It/Junior Year/Work Hard/Semester 2/Compilers/realhotgirlscript/ast/call.js": {"path":"/Users/sas/Desktop/McLovin It/Junior Year/Work Hard/Semester 2/Compilers/realhotgirlscript/ast/call.js","statementMap":{"0":{"start":{"line":1,"column":0},"end":{"line":5,"column":2}},"1":{"start":{"line":3,"column":4},"end":{"line":3,"column":44}}},"fnMap":{"0":{"name":"(anonymous_0)","decl":{"start":{"line":2,"column":2},"end":{"line":2,"column":3}},"loc":{"start":{"line":2,"column":31},"end":{"line":4,"column":3}},"line":2}},"branchMap":{},"s":{"0":1,"1":37},"f":{"0":37},"b":{},"_coverageSchema":"1a1c01bbd47fc00a2c39e90264f33305004495a9","hash":"05fb6b10879f8c7c4a3afeb694b9cc02e6a369ad"}
,"/Users/sas/Desktop/McLovin It/Junior Year/Work Hard/Semester 2/Compilers/realhotgirlscript/ast/case.js": {"path":"/Users/sas/Desktop/McLovin It/Junior Year/Work Hard/Semester 2/Compilers/realhotgirlscript/ast/case.js","statementMap":{"0":{"start":{"line":1,"column":0},"end":{"line":5,"column":2}},"1":{"start":{"line":3,"column":8},"end":{"line":3,"column":50}}},"fnMap":{"0":{"name":"(anonymous_0)","decl":{"start":{"line":2,"column":4},"end":{"line":2,"column":5}},"loc":{"start":{"line":2,"column":34},"end":{"line":4,"column":5}},"line":2}},"branchMap":{},"s":{"0":1,"1":6},"f":{"0":6},"b":{},"_coverageSchema":"1a1c01bbd47fc00a2c39e90264f33305004495a9","hash":"3436472c4445ef22a521e19935959143cff8834b"}
,"/Users/sas/Desktop/McLovin It/Junior Year/Work Hard/Semester 2/Compilers/realhotgirlscript/ast/class-declaration.js": {"path":"/Users/sas/Desktop/McLovin It/Junior Year/Work Hard/Semester 2/Compilers/realhotgirlscript/ast/class-declaration.js","statementMap":{"0":{"start":{"line":1,"column":0},"end":{"line":5,"column":2}},"1":{"start":{"line":3,"column":4},"end":{"line":3,"column":46}}},"fnMap":{"0":{"name":"(anonymous_0)","decl":{"start":{"line":2,"column":2},"end":{"line":2,"column":3}},"loc":{"start":{"line":2,"column":32},"end":{"line":4,"column":3}},"line":2}},"branchMap":{},"s":{"0":1,"1":8},"f":{"0":8},"b":{},"_coverageSchema":"1a1c01bbd47fc00a2c39e90264f33305004495a9","hash":"21bf758d4b29e19c11a7c8f24834e0e1b4f965d3"}
,"/Users/sas/Desktop/McLovin It/Junior Year/Work Hard/Semester 2/Compilers/realhotgirlscript/ast/closure.js": {"path":"/Users/sas/Desktop/McLovin It/Junior Year/Work Hard/Semester 2/Compilers/realhotgirlscript/ast/closure.js","statementMap":{"0":{"start":{"line":1,"column":0},"end":{"line":5,"column":2}},"1":{"start":{"line":3,"column":4},"end":{"line":3,"column":44}}},"fnMap":{"0":{"name":"(anonymous_0)","decl":{"start":{"line":2,"column":2},"end":{"line":2,"column":3}},"loc":{"start":{"line":2,"column":30},"end":{"line":4,"column":3}},"line":2}},"branchMap":{},"s":{"0":1,"1":2},"f":{"0":2},"b":{},"_coverageSchema":"1a1c01bbd47fc00a2c39e90264f33305004495a9","hash":"47287539e5903bdb4c2d03db98d1ad8bc2e57560"}
,"/Users/sas/Desktop/McLovin It/Junior Year/Work Hard/Semester 2/Compilers/realhotgirlscript/ast/continue-statement.js": {"path":"/Users/sas/Desktop/McLovin It/Junior Year/Work Hard/Semester 2/Compilers/realhotgirlscript/ast/continue-statement.js","statementMap":{"0":{"start":{"line":1,"column":0},"end":{"line":1,"column":44}}},"fnMap":{},"branchMap":{},"s":{"0":1},"f":{},"b":{},"_coverageSchema":"1a1c01bbd47fc00a2c39e90264f33305004495a9","hash":"a81df10187dbc605e945a7e61f0aa7654ddda0fa"}
,"/Users/sas/Desktop/McLovin It/Junior Year/Work Hard/Semester 2/Compilers/realhotgirlscript/ast/default-case.js": {"path":"/Users/sas/Desktop/McLovin It/Junior Year/Work Hard/Semester 2/Compilers/realhotgirlscript/ast/default-case.js","statementMap":{"0":{"start":{"line":1,"column":0},"end":{"line":5,"column":2}},"1":{"start":{"line":3,"column":8},"end":{"line":3,"column":38}}},"fnMap":{"0":{"name":"(anonymous_0)","decl":{"start":{"line":2,"column":4},"end":{"line":2,"column":5}},"loc":{"start":{"line":2,"column":22},"end":{"line":4,"column":5}},"line":2}},"branchMap":{},"s":{"0":1,"1":3},"f":{"0":3},"b":{},"_coverageSchema":"1a1c01bbd47fc00a2c39e90264f33305004495a9","hash":"9369e536910322e4c1145c643d85e8cdcc0a11bd"}
,"/Users/sas/Desktop/McLovin It/Junior Year/Work Hard/Semester 2/Compilers/realhotgirlscript/ast/dict-expression.js": {"path":"/Users/sas/Desktop/McLovin It/Junior Year/Work Hard/Semester 2/Compilers/realhotgirlscript/ast/dict-expression.js","statementMap":{"0":{"start":{"line":1,"column":0},"end":{"line":5,"column":2}},"1":{"start":{"line":3,"column":4},"end":{"line":3,"column":33}}},"fnMap":{"0":{"name":"(anonymous_0)","decl":{"start":{"line":2,"column":2},"end":{"line":2,"column":3}},"loc":{"start":{"line":2,"column":26},"end":{"line":4,"column":3}},"line":2}},"branchMap":{},"s":{"0":1,"1":5},"f":{"0":5},"b":{},"_coverageSchema":"1a1c01bbd47fc00a2c39e90264f33305004495a9","hash":"f8eb585040bbaf79d36ca63a9e2de288cf6cb44b"}
,"/Users/sas/Desktop/McLovin It/Junior Year/Work Hard/Semester 2/Compilers/realhotgirlscript/ast/dict-type.js": {"path":"/Users/sas/Desktop/McLovin It/Junior Year/Work Hard/Semester 2/Compilers/realhotgirlscript/ast/dict-type.js","statementMap":{"0":{"start":{"line":1,"column":0},"end":{"line":5,"column":2}},"1":{"start":{"line":3,"column":4},"end":{"line":3,"column":55}}},"fnMap":{"0":{"name":"(anonymous_0)","decl":{"start":{"line":2,"column":2},"end":{"line":2,"column":3}},"loc":{"start":{"line":2,"column":41},"end":{"line":4,"column":3}},"line":2}},"branchMap":{},"s":{"0":1,"1":7},"f":{"0":7},"b":{},"_coverageSchema":"1a1c01bbd47fc00a2c39e90264f33305004495a9","hash":"5bef2e91d4e2c37991e5c92c8f7658f8e43b257b"}
,"/Users/sas/Desktop/McLovin It/Junior Year/Work Hard/Semester 2/Compilers/realhotgirlscript/ast/exponent.js": {"path":"/Users/sas/Desktop/McLovin It/Junior Year/Work Hard/Semester 2/Compilers/realhotgirlscript/ast/exponent.js","statementMap":{"0":{"start":{"line":1,"column":0},"end":{"line":5,"column":4}},"1":{"start":{"line":3,"column":6},"end":{"line":3,"column":52}}},"fnMap":{"0":{"name":"(anonymous_0)","decl":{"start":{"line":2,"column":4},"end":{"line":2,"column":5}},"loc":{"start":{"line":2,"column":38},"end":{"line":4,"column":5}},"line":2}},"branchMap":{},"s":{"0":1,"1":2},"f":{"0":2},"b":{},"_coverageSchema":"1a1c01bbd47fc00a2c39e90264f33305004495a9","hash":"2fac1ca966e190b04a84777eda87afb4b0fd4eb3"}
,"/Users/sas/Desktop/McLovin It/Junior Year/Work Hard/Semester 2/Compilers/realhotgirlscript/ast/fraction.js": {"path":"/Users/sas/Desktop/McLovin It/Junior Year/Work Hard/Semester 2/Compilers/realhotgirlscript/ast/fraction.js","statementMap":{"0":{"start":{"line":1,"column":0},"end":{"line":5,"column":4}},"1":{"start":{"line":3,"column":6},"end":{"line":3,"column":37}}},"fnMap":{"0":{"name":"(anonymous_0)","decl":{"start":{"line":2,"column":4},"end":{"line":2,"column":5}},"loc":{"start":{"line":2,"column":23},"end":{"line":4,"column":5}},"line":2}},"branchMap":{},"s":{"0":1,"1":2},"f":{"0":2},"b":{},"_coverageSchema":"1a1c01bbd47fc00a2c39e90264f33305004495a9","hash":"bb85f48216b67e6674b891dad18cb54748720fe2"}
,"/Users/sas/Desktop/McLovin It/Junior Year/Work Hard/Semester 2/Compilers/realhotgirlscript/ast/function-declaration.js": {"path":"/Users/sas/Desktop/McLovin It/Junior Year/Work Hard/Semester 2/Compilers/realhotgirlscript/ast/function-declaration.js","statementMap":{"0":{"start":{"line":1,"column":0},"end":{"line":6,"column":2}},"1":{"start":{"line":4,"column":4},"end":{"line":4,"column":59}}},"fnMap":{"0":{"name":"(anonymous_0)","decl":{"start":{"line":2,"column":2},"end":{"line":2,"column":3}},"loc":{"start":{"line":2,"column":45},"end":{"line":5,"column":3}},"line":2}},"branchMap":{},"s":{"0":1,"1":57},"f":{"0":57},"b":{},"_coverageSchema":"1a1c01bbd47fc00a2c39e90264f33305004495a9","hash":"92306dad97882eb0cb87ba1211c9e9baf3949009"}
,"/Users/sas/Desktop/McLovin It/Junior Year/Work Hard/Semester 2/Compilers/realhotgirlscript/ast/id-type.js": {"path":"/Users/sas/Desktop/McLovin It/Junior Year/Work Hard/Semester 2/Compilers/realhotgirlscript/ast/id-type.js","statementMap":{"0":{"start":{"line":1,"column":0},"end":{"line":5,"column":4}},"1":{"start":{"line":3,"column":6},"end":{"line":3,"column":19}}},"fnMap":{"0":{"name":"(anonymous_0)","decl":{"start":{"line":2,"column":4},"end":{"line":2,"column":5}},"loc":{"start":{"line":2,"column":20},"end":{"line":4,"column":5}},"line":2}},"branchMap":{},"s":{"0":1,"1":2},"f":{"0":2},"b":{},"_coverageSchema":"1a1c01bbd47fc00a2c39e90264f33305004495a9","hash":"19982d55eba280db6a8850e933694b25e03edac6"}
,"/Users/sas/Desktop/McLovin It/Junior Year/Work Hard/Semester 2/Compilers/realhotgirlscript/ast/identifier-declaration.js": {"path":"/Users/sas/Desktop/McLovin It/Junior Year/Work Hard/Semester 2/Compilers/realhotgirlscript/ast/identifier-declaration.js","statementMap":{"0":{"start":{"line":1,"column":0},"end":{"line":5,"column":2}},"1":{"start":{"line":3,"column":4},"end":{"line":3,"column":17}}},"fnMap":{"0":{"name":"(anonymous_0)","decl":{"start":{"line":2,"column":2},"end":{"line":2,"column":3}},"loc":{"start":{"line":2,"column":18},"end":{"line":4,"column":3}},"line":2}},"branchMap":{},"s":{"0":1,"1":59},"f":{"0":59},"b":{},"_coverageSchema":"1a1c01bbd47fc00a2c39e90264f33305004495a9","hash":"be041e33dc7a69869bbe5748ae0308b20346fa89"}
,"/Users/sas/Desktop/McLovin It/Junior Year/Work Hard/Semester 2/Compilers/realhotgirlscript/ast/identifier-expression.js": {"path":"/Users/sas/Desktop/McLovin It/Junior Year/Work Hard/Semester 2/Compilers/realhotgirlscript/ast/identifier-expression.js","statementMap":{"0":{"start":{"line":1,"column":0},"end":{"line":5,"column":2}},"1":{"start":{"line":3,"column":4},"end":{"line":3,"column":17}}},"fnMap":{"0":{"name":"(anonymous_0)","decl":{"start":{"line":2,"column":2},"end":{"line":2,"column":3}},"loc":{"start":{"line":2,"column":18},"end":{"line":4,"column":3}},"line":2}},"branchMap":{},"s":{"0":1,"1":136},"f":{"0":136},"b":{},"_coverageSchema":"1a1c01bbd47fc00a2c39e90264f33305004495a9","hash":"5b08194d90dc01c9dfaddced81404792715417bd"}
,"/Users/sas/Desktop/McLovin It/Junior Year/Work Hard/Semester 2/Compilers/realhotgirlscript/ast/if-statement.js": {"path":"/Users/sas/Desktop/McLovin It/Junior Year/Work Hard/Semester 2/Compilers/realhotgirlscript/ast/if-statement.js","statementMap":{"0":{"start":{"line":1,"column":0},"end":{"line":5,"column":2}},"1":{"start":{"line":3,"column":8},"end":{"line":3,"column":50}}},"fnMap":{"0":{"name":"(anonymous_0)","decl":{"start":{"line":2,"column":4},"end":{"line":2,"column":5}},"loc":{"start":{"line":2,"column":34},"end":{"line":4,"column":5}},"line":2}},"branchMap":{},"s":{"0":1,"1":30},"f":{"0":30},"b":{},"_coverageSchema":"1a1c01bbd47fc00a2c39e90264f33305004495a9","hash":"4fd6426b30a6d49b8274541f83a072cde4eb67a5"}
,"/Users/sas/Desktop/McLovin It/Junior Year/Work Hard/Semester 2/Compilers/realhotgirlscript/ast/keyvalue-expression.js": {"path":"/Users/sas/Desktop/McLovin It/Junior Year/Work Hard/Semester 2/Compilers/realhotgirlscript/ast/keyvalue-expression.js","statementMap":{"0":{"start":{"line":1,"column":0},"end":{"line":5,"column":2}},"1":{"start":{"line":3,"column":4},"end":{"line":3,"column":40}}},"fnMap":{"0":{"name":"(anonymous_0)","decl":{"start":{"line":2,"column":2},"end":{"line":2,"column":3}},"loc":{"start":{"line":2,"column":26},"end":{"line":4,"column":3}},"line":2}},"branchMap":{},"s":{"0":1,"1":12},"f":{"0":12},"b":{},"_coverageSchema":"1a1c01bbd47fc00a2c39e90264f33305004495a9","hash":"a501ff948979f18c9cbf7cc19a94ee52e3816373"}
,"/Users/sas/Desktop/McLovin It/Junior Year/Work Hard/Semester 2/Compilers/realhotgirlscript/ast/long-type.js": {"path":"/Users/sas/Desktop/McLovin It/Junior Year/Work Hard/Semester 2/Compilers/realhotgirlscript/ast/long-type.js","statementMap":{"0":{"start":{"line":1,"column":0},"end":{"line":2,"column":2}}},"fnMap":{},"branchMap":{},"s":{"0":1},"f":{},"b":{},"_coverageSchema":"1a1c01bbd47fc00a2c39e90264f33305004495a9","hash":"1b9a79b0bbd21d71016add8175741f42b5c6f889"}
,"/Users/sas/Desktop/McLovin It/Junior Year/Work Hard/Semester 2/Compilers/realhotgirlscript/ast/loop.js": {"path":"/Users/sas/Desktop/McLovin It/Junior Year/Work Hard/Semester 2/Compilers/realhotgirlscript/ast/loop.js","statementMap":{"0":{"start":{"line":13,"column":4},"end":{"line":13,"column":12}},"1":{"start":{"line":14,"column":4},"end":{"line":22,"column":7}},"2":{"start":{"line":28,"column":4},"end":{"line":28,"column":12}},"3":{"start":{"line":29,"column":4},"end":{"line":29,"column":56}},"4":{"start":{"line":33,"column":0},"end":{"line":33,"column":57}}},"fnMap":{"0":{"name":"(anonymous_0)","decl":{"start":{"line":4,"column":2},"end":{"line":4,"column":3}},"loc":{"start":{"line":12,"column":4},"end":{"line":23,"column":3}},"line":12},"1":{"name":"(anonymous_1)","decl":{"start":{"line":27,"column":2},"end":{"line":27,"column":3}},"loc":{"start":{"line":27,"column":42},"end":{"line":30,"column":3}},"line":27}},"branchMap":{},"s":{"0":6,"1":6,"2":12,"3":12,"4":1},"f":{"0":6,"1":12},"b":{},"_coverageSchema":"1a1c01bbd47fc00a2c39e90264f33305004495a9","hash":"e1fc409e947eb3ff38211d726b44529e5225ff5c"}
,"/Users/sas/Desktop/McLovin It/Junior Year/Work Hard/Semester 2/Compilers/realhotgirlscript/ast/numeric-literal.js": {"path":"/Users/sas/Desktop/McLovin It/Junior Year/Work Hard/Semester 2/Compilers/realhotgirlscript/ast/numeric-literal.js","statementMap":{"0":{"start":{"line":1,"column":0},"end":{"line":5,"column":2}},"1":{"start":{"line":3,"column":4},"end":{"line":3,"column":23}}},"fnMap":{"0":{"name":"(anonymous_0)","decl":{"start":{"line":2,"column":2},"end":{"line":2,"column":3}},"loc":{"start":{"line":2,"column":21},"end":{"line":4,"column":3}},"line":2}},"branchMap":{},"s":{"0":1,"1":202},"f":{"0":202},"b":{},"_coverageSchema":"1a1c01bbd47fc00a2c39e90264f33305004495a9","hash":"96b93b36872b27848d2eb01c1461835e91d7a618"}
,"/Users/sas/Desktop/McLovin It/Junior Year/Work Hard/Semester 2/Compilers/realhotgirlscript/ast/numeric-type.js": {"path":"/Users/sas/Desktop/McLovin It/Junior Year/Work Hard/Semester 2/Compilers/realhotgirlscript/ast/numeric-type.js","statementMap":{"0":{"start":{"line":1,"column":0},"end":{"line":2,"column":4}}},"fnMap":{},"branchMap":{},"s":{"0":1},"f":{},"b":{},"_coverageSchema":"1a1c01bbd47fc00a2c39e90264f33305004495a9","hash":"7449c541f9924eaa06beae43442c62fd62de0aa4"}
,"/Users/sas/Desktop/McLovin It/Junior Year/Work Hard/Semester 2/Compilers/realhotgirlscript/ast/optional-type.js": {"path":"/Users/sas/Desktop/McLovin It/Junior Year/Work Hard/Semester 2/Compilers/realhotgirlscript/ast/optional-type.js","statementMap":{"0":{"start":{"line":1,"column":0},"end":{"line":5,"column":2}},"1":{"start":{"line":3,"column":4},"end":{"line":3,"column":27}}},"fnMap":{"0":{"name":"(anonymous_0)","decl":{"start":{"line":2,"column":2},"end":{"line":2,"column":3}},"loc":{"start":{"line":2,"column":23},"end":{"line":4,"column":3}},"line":2}},"branchMap":{},"s":{"0":1,"1":14},"f":{"0":14},"b":{},"_coverageSchema":"1a1c01bbd47fc00a2c39e90264f33305004495a9","hash":"aaec28f2c4835f2918e9d708ad82e6637a35f777"}
,"/Users/sas/Desktop/McLovin It/Junior Year/Work Hard/Semester 2/Compilers/realhotgirlscript/ast/parameter.js": {"path":"/Users/sas/Desktop/McLovin It/Junior Year/Work Hard/Semester 2/Compilers/realhotgirlscript/ast/parameter.js","statementMap":{"0":{"start":{"line":1,"column":0},"end":{"line":5,"column":2}},"1":{"start":{"line":3,"column":4},"end":{"line":3,"column":50}}},"fnMap":{"0":{"name":"(anonymous_0)","decl":{"start":{"line":2,"column":2},"end":{"line":2,"column":3}},"loc":{"start":{"line":2,"column":36},"end":{"line":4,"column":3}},"line":2}},"branchMap":{},"s":{"0":1,"1":43},"f":{"0":43},"b":{},"_coverageSchema":"1a1c01bbd47fc00a2c39e90264f33305004495a9","hash":"c749d4c1cebd705b1a49cd8efd4d07d3b2d3d019"}
,"/Users/sas/Desktop/McLovin It/Junior Year/Work Hard/Semester 2/Compilers/realhotgirlscript/ast/print-statement.js": {"path":"/Users/sas/Desktop/McLovin It/Junior Year/Work Hard/Semester 2/Compilers/realhotgirlscript/ast/print-statement.js","statementMap":{"0":{"start":{"line":1,"column":0},"end":{"line":5,"column":2}},"1":{"start":{"line":3,"column":8},"end":{"line":3,"column":37}}},"fnMap":{"0":{"name":"(anonymous_0)","decl":{"start":{"line":2,"column":4},"end":{"line":2,"column":5}},"loc":{"start":{"line":2,"column":28},"end":{"line":4,"column":5}},"line":2}},"branchMap":{},"s":{"0":1,"1":100},"f":{"0":100},"b":{},"_coverageSchema":"1a1c01bbd47fc00a2c39e90264f33305004495a9","hash":"b614654c6127758a6c11b9adfc716c43fec3815e"}
,"/Users/sas/Desktop/McLovin It/Junior Year/Work Hard/Semester 2/Compilers/realhotgirlscript/ast/print.js": {"path":"/Users/sas/Desktop/McLovin It/Junior Year/Work Hard/Semester 2/Compilers/realhotgirlscript/ast/print.js","statementMap":{"0":{"start":{"line":1,"column":0},"end":{"line":5,"column":2}},"1":{"start":{"line":3,"column":8},"end":{"line":3,"column":37}}},"fnMap":{"0":{"name":"(anonymous_0)","decl":{"start":{"line":2,"column":4},"end":{"line":2,"column":5}},"loc":{"start":{"line":2,"column":28},"end":{"line":4,"column":5}},"line":2}},"branchMap":{},"s":{"0":1,"1":100},"f":{"0":100},"b":{},"_coverageSchema":"1a1c01bbd47fc00a2c39e90264f33305004495a9","hash":"38e2918bb2f5761dc05ae6826fead9d2ec635993"}
,"/Users/sas/Desktop/McLovin It/Junior Year/Work Hard/Semester 2/Compilers/realhotgirlscript/ast/program.js": {"path":"/Users/sas/Desktop/McLovin It/Junior Year/Work Hard/Semester 2/Compilers/realhotgirlscript/ast/program.js","statementMap":{"0":{"start":{"line":1,"column":0},"end":{"line":5,"column":2}},"1":{"start":{"line":3,"column":4},"end":{"line":3,"column":33}}},"fnMap":{"0":{"name":"(anonymous_0)","decl":{"start":{"line":2,"column":2},"end":{"line":2,"column":3}},"loc":{"start":{"line":2,"column":26},"end":{"line":4,"column":3}},"line":2}},"branchMap":{},"s":{"0":1,"1":29},"f":{"0":29},"b":{},"_coverageSchema":"1a1c01bbd47fc00a2c39e90264f33305004495a9","hash":"bd4e6a838a574ab0d5e1d4793e6f5001b4dc657a"}
,"/Users/sas/Desktop/McLovin It/Junior Year/Work Hard/Semester 2/Compilers/realhotgirlscript/ast/return-statement.js": {"path":"/Users/sas/Desktop/McLovin It/Junior Year/Work Hard/Semester 2/Compilers/realhotgirlscript/ast/return-statement.js","statementMap":{"0":{"start":{"line":1,"column":0},"end":{"line":5,"column":2}},"1":{"start":{"line":3,"column":4},"end":{"line":3,"column":33}}},"fnMap":{"0":{"name":"(anonymous_0)","decl":{"start":{"line":2,"column":2},"end":{"line":2,"column":3}},"loc":{"start":{"line":2,"column":26},"end":{"line":4,"column":3}},"line":2}},"branchMap":{},"s":{"0":1,"1":14},"f":{"0":14},"b":{},"_coverageSchema":"1a1c01bbd47fc00a2c39e90264f33305004495a9","hash":"a1e3f8ebf520752e7ae20771f018a4313991cbae"}
,"/Users/sas/Desktop/McLovin It/Junior Year/Work Hard/Semester 2/Compilers/realhotgirlscript/ast/set-expression.js": {"path":"/Users/sas/Desktop/McLovin It/Junior Year/Work Hard/Semester 2/Compilers/realhotgirlscript/ast/set-expression.js","statementMap":{"0":{"start":{"line":1,"column":16},"end":{"line":1,"column":37}},"1":{"start":{"line":3,"column":0},"end":{"line":7,"column":2}},"2":{"start":{"line":5,"column":4},"end":{"line":5,"column":33}}},"fnMap":{"0":{"name":"(anonymous_0)","decl":{"start":{"line":4,"column":2},"end":{"line":4,"column":3}},"loc":{"start":{"line":4,"column":26},"end":{"line":6,"column":3}},"line":4}},"branchMap":{},"s":{"0":1,"1":1,"2":4},"f":{"0":4},"b":{},"_coverageSchema":"1a1c01bbd47fc00a2c39e90264f33305004495a9","hash":"3fd56c9636fcf62ac47b53654a71859406e7583b"}
,"/Users/sas/Desktop/McLovin It/Junior Year/Work Hard/Semester 2/Compilers/realhotgirlscript/ast/set-type.js": {"path":"/Users/sas/Desktop/McLovin It/Junior Year/Work Hard/Semester 2/Compilers/realhotgirlscript/ast/set-type.js","statementMap":{"0":{"start":{"line":1,"column":0},"end":{"line":5,"column":2}},"1":{"start":{"line":3,"column":4},"end":{"line":3,"column":40}}},"fnMap":{"0":{"name":"(anonymous_0)","decl":{"start":{"line":2,"column":2},"end":{"line":2,"column":3}},"loc":{"start":{"line":2,"column":26},"end":{"line":4,"column":3}},"line":2}},"branchMap":{},"s":{"0":1,"1":7},"f":{"0":7},"b":{},"_coverageSchema":"1a1c01bbd47fc00a2c39e90264f33305004495a9","hash":"d29f4e6b505c7fd872d01ee9cfe2affe0c460c49"}
,"/Users/sas/Desktop/McLovin It/Junior Year/Work Hard/Semester 2/Compilers/realhotgirlscript/ast/simple-statement-call.js": {"path":"/Users/sas/Desktop/McLovin It/Junior Year/Work Hard/Semester 2/Compilers/realhotgirlscript/ast/simple-statement-call.js","statementMap":{"0":{"start":{"line":1,"column":0},"end":{"line":5,"column":2}},"1":{"start":{"line":3,"column":4},"end":{"line":3,"column":21}}},"fnMap":{"0":{"name":"(anonymous_0)","decl":{"start":{"line":2,"column":2},"end":{"line":2,"column":3}},"loc":{"start":{"line":2,"column":20},"end":{"line":4,"column":3}},"line":2}},"branchMap":{},"s":{"0":1,"1":36},"f":{"0":36},"b":{},"_coverageSchema":"1a1c01bbd47fc00a2c39e90264f33305004495a9","hash":"b94be66addffaca69200fa62e6726f4438cfff12"}
,"/Users/sas/Desktop/McLovin It/Junior Year/Work Hard/Semester 2/Compilers/realhotgirlscript/ast/string-literal.js": {"path":"/Users/sas/Desktop/McLovin It/Junior Year/Work Hard/Semester 2/Compilers/realhotgirlscript/ast/string-literal.js","statementMap":{"0":{"start":{"line":1,"column":0},"end":{"line":5,"column":4}},"1":{"start":{"line":3,"column":6},"end":{"line":3,"column":25}}},"fnMap":{"0":{"name":"(anonymous_0)","decl":{"start":{"line":2,"column":4},"end":{"line":2,"column":5}},"loc":{"start":{"line":2,"column":23},"end":{"line":4,"column":5}},"line":2}},"branchMap":{},"s":{"0":1,"1":134},"f":{"0":134},"b":{},"_coverageSchema":"1a1c01bbd47fc00a2c39e90264f33305004495a9","hash":"324b71f67880e284fc22c8d1ff3bd303a11bc136"}
,"/Users/sas/Desktop/McLovin It/Junior Year/Work Hard/Semester 2/Compilers/realhotgirlscript/ast/string-type.js": {"path":"/Users/sas/Desktop/McLovin It/Junior Year/Work Hard/Semester 2/Compilers/realhotgirlscript/ast/string-type.js","statementMap":{"0":{"start":{"line":1,"column":0},"end":{"line":2,"column":2}}},"fnMap":{},"branchMap":{},"s":{"0":1},"f":{},"b":{},"_coverageSchema":"1a1c01bbd47fc00a2c39e90264f33305004495a9","hash":"6f9bfa3aa6c23f35b1c1c50cf18f998a215d0c68"}
,"/Users/sas/Desktop/McLovin It/Junior Year/Work Hard/Semester 2/Compilers/realhotgirlscript/ast/subscripted-expression.js": {"path":"/Users/sas/Desktop/McLovin It/Junior Year/Work Hard/Semester 2/Compilers/realhotgirlscript/ast/subscripted-expression.js","statementMap":{"0":{"start":{"line":1,"column":0},"end":{"line":5,"column":2}},"1":{"start":{"line":3,"column":4},"end":{"line":3,"column":47}}},"fnMap":{"0":{"name":"(anonymous_0)","decl":{"start":{"line":2,"column":2},"end":{"line":2,"column":3}},"loc":{"start":{"line":2,"column":33},"end":{"line":4,"column":3}},"line":2}},"branchMap":{},"s":{"0":1,"1":4},"f":{"0":4},"b":{},"_coverageSchema":"1a1c01bbd47fc00a2c39e90264f33305004495a9","hash":"0a5939b53e87613a56456448836e64943593dcfd"}
,"/Users/sas/Desktop/McLovin It/Junior Year/Work Hard/Semester 2/Compilers/realhotgirlscript/ast/switch-statement.js": {"path":"/Users/sas/Desktop/McLovin It/Junior Year/Work Hard/Semester 2/Compilers/realhotgirlscript/ast/switch-statement.js","statementMap":{"0":{"start":{"line":1,"column":0},"end":{"line":5,"column":2}},"1":{"start":{"line":3,"column":6},"end":{"line":3,"column":60}}},"fnMap":{"0":{"name":"(anonymous_0)","decl":{"start":{"line":2,"column":4},"end":{"line":2,"column":5}},"loc":{"start":{"line":2,"column":46},"end":{"line":4,"column":5}},"line":2}},"branchMap":{},"s":{"0":1,"1":3},"f":{"0":3},"b":{},"_coverageSchema":"1a1c01bbd47fc00a2c39e90264f33305004495a9","hash":"5b0e1a28ac07ef698d0a614b46d8498dcc713321"}
,"/Users/sas/Desktop/McLovin It/Junior Year/Work Hard/Semester 2/Compilers/realhotgirlscript/ast/tuple-expression.js": {"path":"/Users/sas/Desktop/McLovin It/Junior Year/Work Hard/Semester 2/Compilers/realhotgirlscript/ast/tuple-expression.js","statementMap":{"0":{"start":{"line":1,"column":18},"end":{"line":1,"column":41}},"1":{"start":{"line":3,"column":0},"end":{"line":7,"column":2}},"2":{"start":{"line":5,"column":4},"end":{"line":5,"column":33}}},"fnMap":{"0":{"name":"(anonymous_0)","decl":{"start":{"line":4,"column":2},"end":{"line":4,"column":3}},"loc":{"start":{"line":4,"column":26},"end":{"line":6,"column":3}},"line":4}},"branchMap":{},"s":{"0":1,"1":1,"2":4},"f":{"0":4},"b":{},"_coverageSchema":"1a1c01bbd47fc00a2c39e90264f33305004495a9","hash":"3618dfb6f7408a5e507925b962f2a9542826b128"}
,"/Users/sas/Desktop/McLovin It/Junior Year/Work Hard/Semester 2/Compilers/realhotgirlscript/ast/tuple-type.js": {"path":"/Users/sas/Desktop/McLovin It/Junior Year/Work Hard/Semester 2/Compilers/realhotgirlscript/ast/tuple-type.js","statementMap":{"0":{"start":{"line":1,"column":0},"end":{"line":5,"column":2}},"1":{"start":{"line":3,"column":4},"end":{"line":3,"column":55}}},"fnMap":{"0":{"name":"(anonymous_0)","decl":{"start":{"line":2,"column":2},"end":{"line":2,"column":3}},"loc":{"start":{"line":2,"column":41},"end":{"line":4,"column":3}},"line":2}},"branchMap":{},"s":{"0":1,"1":7},"f":{"0":7},"b":{},"_coverageSchema":"1a1c01bbd47fc00a2c39e90264f33305004495a9","hash":"9726f8550d81c5cf1a7874b152befdaebfdd220a"}
,"/Users/sas/Desktop/McLovin It/Junior Year/Work Hard/Semester 2/Compilers/realhotgirlscript/ast/unary-expression.js": {"path":"/Users/sas/Desktop/McLovin It/Junior Year/Work Hard/Semester 2/Compilers/realhotgirlscript/ast/unary-expression.js","statementMap":{"0":{"start":{"line":1,"column":0},"end":{"line":5,"column":2}},"1":{"start":{"line":3,"column":4},"end":{"line":3,"column":39}}},"fnMap":{"0":{"name":"(anonymous_0)","decl":{"start":{"line":2,"column":2},"end":{"line":2,"column":3}},"loc":{"start":{"line":2,"column":27},"end":{"line":4,"column":3}},"line":2}},"branchMap":{},"s":{"0":1,"1":15},"f":{"0":15},"b":{},"_coverageSchema":"1a1c01bbd47fc00a2c39e90264f33305004495a9","hash":"f477f6a2345d3ead3637c9620aa9c8c3b7e8eeab"}
,"/Users/sas/Desktop/McLovin It/Junior Year/Work Hard/Semester 2/Compilers/realhotgirlscript/ast/variable-declaration.js": {"path":"/Users/sas/Desktop/McLovin It/Junior Year/Work Hard/Semester 2/Compilers/realhotgirlscript/ast/variable-declaration.js","statementMap":{"0":{"start":{"line":1,"column":0},"end":{"line":5,"column":4}},"1":{"start":{"line":3,"column":6},"end":{"line":3,"column":62}}},"fnMap":{"0":{"name":"(anonymous_0)","decl":{"start":{"line":2,"column":4},"end":{"line":2,"column":5}},"loc":{"start":{"line":2,"column":48},"end":{"line":4,"column":5}},"line":2}},"branchMap":{},"s":{"0":1,"1":59},"f":{"0":59},"b":{},"_coverageSchema":"1a1c01bbd47fc00a2c39e90264f33305004495a9","hash":"a2e463d525d50c10758d613ae60086d64ce7242c"}
,"/Users/sas/Desktop/McLovin It/Junior Year/Work Hard/Semester 2/Compilers/realhotgirlscript/ast/while-statement.js": {"path":"/Users/sas/Desktop/McLovin It/Junior Year/Work Hard/Semester 2/Compilers/realhotgirlscript/ast/while-statement.js","statementMap":{"0":{"start":{"line":1,"column":0},"end":{"line":5,"column":2}},"1":{"start":{"line":3,"column":4},"end":{"line":3,"column":46}}},"fnMap":{"0":{"name":"(anonymous_0)","decl":{"start":{"line":2,"column":2},"end":{"line":2,"column":3}},"loc":{"start":{"line":2,"column":32},"end":{"line":4,"column":3}},"line":2}},"branchMap":{},"s":{"0":1,"1":7},"f":{"0":7},"b":{},"_coverageSchema":"1a1c01bbd47fc00a2c39e90264f33305004495a9","hash":"9af7eb88372400e93f70bb3c533560c49307b51b"}
,"/Users/sas/Desktop/McLovin It/Junior Year/Work Hard/Semester 2/Compilers/realhotgirlscript/syntax/parser.js": {"path":"/Users/sas/Desktop/McLovin It/Junior Year/Work Hard/Semester 2/Compilers/realhotgirlscript/syntax/parser.js","statementMap":{"0":{"start":{"line":1,"column":11},"end":{"line":1,"column":24}},"1":{"start":{"line":3,"column":12},"end":{"line":3,"column":29}},"2":{"start":{"line":5,"column":24},"end":{"line":5,"column":58}},"3":{"start":{"line":6,"column":18},"end":{"line":6,"column":46}},"4":{"start":{"line":7,"column":28},"end":{"line":7,"column":66}},"5":{"start":{"line":8,"column":25},"end":{"line":8,"column":60}},"6":{"start":{"line":9,"column":14},"end":{"line":9,"column":37}},"7":{"start":{"line":10,"column":20},"end":{"line":10,"column":50}},"8":{"start":{"line":11,"column":23},"end":{"line":11,"column":56}},"9":{"start":{"line":12,"column":13},"end":{"line":12,"column":35}},"10":{"start":{"line":13,"column":25},"end":{"line":13,"column":60}},"11":{"start":{"line":14,"column":16},"end":{"line":14,"column":41}},"12":{"start":{"line":15,"column":26},"end":{"line":15,"column":62}},"13":{"start":{"line":16,"column":23},"end":{"line":16,"column":56}},"14":{"start":{"line":17,"column":17},"end":{"line":17,"column":44}},"15":{"start":{"line":18,"column":28},"end":{"line":18,"column":66}},"16":{"start":{"line":19,"column":20},"end":{"line":19,"column":50}},"17":{"start":{"line":20,"column":17},"end":{"line":20,"column":44}},"18":{"start":{"line":21,"column":16},"end":{"line":21,"column":46}},"19":{"start":{"line":22,"column":13},"end":{"line":22,"column":35}},"20":{"start":{"line":23,"column":23},"end":{"line":23,"column":56}},"21":{"start":{"line":24,"column":17},"end":{"line":24,"column":48}},"22":{"start":{"line":25,"column":14},"end":{"line":25,"column":37}},"23":{"start":{"line":26,"column":16},"end":{"line":26,"column":41}},"24":{"start":{"line":27,"column":24},"end":{"line":27,"column":58}},"25":{"start":{"line":28,"column":20},"end":{"line":28,"column":50}},"26":{"start":{"line":29,"column":22},"end":{"line":29,"column":54}},"27":{"start":{"line":30,"column":16},"end":{"line":30,"column":42}},"28":{"start":{"line":31,"column":19},"end":{"line":31,"column":48}},"29":{"start":{"line":32,"column":24},"end":{"line":32,"column":58}},"30":{"start":{"line":33,"column":24},"end":{"line":33,"column":63}},"31":{"start":{"line":34,"column":18},"end":{"line":34,"column":46}},"32":{"start":{"line":35,"column":24},"end":{"line":35,"column":58}},"33":{"start":{"line":36,"column":24},"end":{"line":36,"column":58}},"34":{"start":{"line":37,"column":28},"end":{"line":37,"column":66}},"35":{"start":{"line":38,"column":23},"end":{"line":38,"column":56}},"36":{"start":{"line":39,"column":13},"end":{"line":39,"column":35}},"37":{"start":{"line":40,"column":26},"end":{"line":40,"column":63}},"38":{"start":{"line":41,"column":30},"end":{"line":41,"column":70}},"39":{"start":{"line":42,"column":29},"end":{"line":42,"column":68}},"40":{"start":{"line":43,"column":30},"end":{"line":43,"column":70}},"41":{"start":{"line":44,"column":18},"end":{"line":44,"column":45}},"42":{"start":{"line":45,"column":17},"end":{"line":45,"column":43}},"43":{"start":{"line":46,"column":22},"end":{"line":46,"column":54}},"44":{"start":{"line":47,"column":23},"end":{"line":47,"column":56}},"45":{"start":{"line":48,"column":15},"end":{"line":48,"column":40}},"46":{"start":{"line":49,"column":23},"end":{"line":49,"column":56}},"47":{"start":{"line":50,"column":17},"end":{"line":50,"column":43}},"48":{"start":{"line":51,"column":17},"end":{"line":51,"column":43}},"49":{"start":{"line":53,"column":26},"end":{"line":55,"column":1}},"50":{"start":{"line":58,"column":2},"end":{"line":58,"column":38}},"51":{"start":{"line":62,"column":21},"end":{"line":355,"column":2}},"52":{"start":{"line":64,"column":4},"end":{"line":64,"column":40}},"53":{"start":{"line":67,"column":4},"end":{"line":67,"column":27}},"54":{"start":{"line":70,"column":4},"end":{"line":70,"column":68}},"55":{"start":{"line":73,"column":4},"end":{"line":79,"column":6}},"56":{"start":{"line":82,"column":4},"end":{"line":82,"column":60}},"57":{"start":{"line":86,"column":18},"end":{"line":86,"column":55}},"58":{"start":{"line":87,"column":24},"end":{"line":87,"column":63}},"59":{"start":{"line":88,"column":22},"end":{"line":88,"column":54}},"60":{"start":{"line":89,"column":4},"end":{"line":89,"column":58}},"61":{"start":{"line":93,"column":4},"end":{"line":97,"column":6}},"62":{"start":{"line":113,"column":4},"end":{"line":121,"column":6}},"63":{"start":{"line":125,"column":4},"end":{"line":125,"column":80}},"64":{"start":{"line":129,"column":4},"end":{"line":134,"column":6}},"65":{"start":{"line":138,"column":4},"end":{"line":138,"column":63}},"66":{"start":{"line":142,"column":4},"end":{"line":142,"column":43}},"67":{"start":{"line":146,"column":4},"end":{"line":146,"column":48}},"68":{"start":{"line":150,"column":4},"end":{"line":150,"column":32}},"69":{"start":{"line":154,"column":4},"end":{"line":154,"column":35}},"70":{"start":{"line":158,"column":4},"end":{"line":158,"column":66}},"71":{"start":{"line":162,"column":4},"end":{"line":162,"column":39}},"72":{"start":{"line":166,"column":4},"end":{"line":166,"column":32}},"73":{"start":{"line":170,"column":4},"end":{"line":170,"column":50}},"74":{"start":{"line":174,"column":4},"end":{"line":174,"column":39}},"75":{"start":{"line":178,"column":4},"end":{"line":178,"column":67}},"76":{"start":{"line":182,"column":4},"end":{"line":182,"column":67}},"77":{"start":{"line":186,"column":4},"end":{"line":186,"column":67}},"78":{"start":{"line":190,"column":4},"end":{"line":190,"column":67}},"79":{"start":{"line":194,"column":4},"end":{"line":194,"column":67}},"80":{"start":{"line":198,"column":4},"end":{"line":198,"column":56}},"81":{"start":{"line":202,"column":4},"end":{"line":202,"column":56}},"82":{"start":{"line":206,"column":4},"end":{"line":206,"column":56}},"83":{"start":{"line":210,"column":4},"end":{"line":210,"column":67}},"84":{"start":{"line":214,"column":4},"end":{"line":214,"column":51}},"85":{"start":{"line":218,"column":4},"end":{"line":218,"column":49}},"86":{"start":{"line":222,"column":4},"end":{"line":222,"column":47}},"87":{"start":{"line":226,"column":4},"end":{"line":226,"column":48}},"88":{"start":{"line":230,"column":4},"end":{"line":230,"column":49}},"89":{"start":{"line":234,"column":4},"end":{"line":234,"column":28}},"90":{"start":{"line":238,"column":4},"end":{"line":238,"column":57}},"91":{"start":{"line":242,"column":4},"end":{"line":242,"column":71}},"92":{"start":{"line":246,"column":4},"end":{"line":246,"column":70}},"93":{"start":{"line":250,"column":4},"end":{"line":250,"column":61}},"94":{"start":{"line":254,"column":4},"end":{"line":254,"column":46}},"95":{"start":{"line":258,"column":4},"end":{"line":258,"column":47}},"96":{"start":{"line":262,"column":4},"end":{"line":266,"column":6}},"97":{"start":{"line":270,"column":4},"end":{"line":270,"column":64}},"98":{"start":{"line":274,"column":4},"end":{"line":274,"column":52}},"99":{"start":{"line":278,"column":4},"end":{"line":278,"column":32}},"100":{"start":{"line":282,"column":4},"end":{"line":282,"column":40}},"101":{"start":{"line":286,"column":4},"end":{"line":286,"column":14}},"102":{"start":{"line":290,"column":4},"end":{"line":290,"column":29}},"103":{"start":{"line":294,"column":4},"end":{"line":294,"column":25}},"104":{"start":{"line":298,"column":4},"end":{"line":298,"column":26}},"105":{"start":{"line":302,"column":4},"end":{"line":302,"column":28}},"106":{"start":{"line":306,"column":4},"end":{"line":306,"column":29}},"107":{"start":{"line":310,"column":4},"end":{"line":310,"column":48}},"108":{"start":{"line":314,"column":4},"end":{"line":314,"column":47}},"109":{"start":{"line":318,"column":4},"end":{"line":318,"column":69}},"110":{"start":{"line":322,"column":4},"end":{"line":322,"column":73}},"111":{"start":{"line":327,"column":4},"end":{"line":332,"column":6}},"112":{"start":{"line":336,"column":4},"end":{"line":336,"column":49}},"113":{"start":{"line":341,"column":4},"end":{"line":341,"column":48}},"114":{"start":{"line":345,"column":4},"end":{"line":345,"column":29}},"115":{"start":{"line":349,"column":4},"end":{"line":349,"column":43}},"116":{"start":{"line":353,"column":4},"end":{"line":353,"column":70}},"117":{"start":{"line":358,"column":0},"end":{"line":364,"column":2}},"118":{"start":{"line":359,"column":16},"end":{"line":359,"column":45}},"119":{"start":{"line":360,"column":2},"end":{"line":362,"column":3}},"120":{"start":{"line":361,"column":4},"end":{"line":361,"column":54}},"121":{"start":{"line":363,"column":2},"end":{"line":363,"column":35}}},"fnMap":{"0":{"name":"arrayToNullable","decl":{"start":{"line":57,"column":9},"end":{"line":57,"column":24}},"loc":{"start":{"line":57,"column":28},"end":{"line":59,"column":1}},"line":57},"1":{"name":"(anonymous_1)","decl":{"start":{"line":63,"column":2},"end":{"line":63,"column":3}},"loc":{"start":{"line":63,"column":21},"end":{"line":65,"column":3}},"line":63},"2":{"name":"(anonymous_2)","decl":{"start":{"line":66,"column":2},"end":{"line":66,"column":3}},"loc":{"start":{"line":66,"column":28},"end":{"line":68,"column":3}},"line":66},"3":{"name":"(anonymous_3)","decl":{"start":{"line":69,"column":2},"end":{"line":69,"column":3}},"loc":{"start":{"line":69,"column":43},"end":{"line":71,"column":3}},"line":69},"4":{"name":"(anonymous_4)","decl":{"start":{"line":72,"column":2},"end":{"line":72,"column":3}},"loc":{"start":{"line":72,"column":59},"end":{"line":80,"column":3}},"line":72},"5":{"name":"(anonymous_5)","decl":{"start":{"line":81,"column":2},"end":{"line":81,"column":3}},"loc":{"start":{"line":81,"column":34},"end":{"line":83,"column":3}},"line":81},"6":{"name":"(anonymous_6)","decl":{"start":{"line":85,"column":2},"end":{"line":85,"column":3}},"loc":{"start":{"line":85,"column":79},"end":{"line":90,"column":3}},"line":85},"7":{"name":"(anonymous_7)","decl":{"start":{"line":92,"column":2},"end":{"line":92,"column":3}},"loc":{"start":{"line":92,"column":56},"end":{"line":98,"column":3}},"line":92},"8":{"name":"(anonymous_8)","decl":{"start":{"line":100,"column":2},"end":{"line":100,"column":3}},"loc":{"start":{"line":112,"column":4},"end":{"line":122,"column":3}},"line":112},"9":{"name":"(anonymous_9)","decl":{"start":{"line":124,"column":2},"end":{"line":124,"column":3}},"loc":{"start":{"line":124,"column":60},"end":{"line":126,"column":3}},"line":124},"10":{"name":"(anonymous_10)","decl":{"start":{"line":128,"column":2},"end":{"line":128,"column":3}},"loc":{"start":{"line":128,"column":56},"end":{"line":135,"column":3}},"line":128},"11":{"name":"(anonymous_11)","decl":{"start":{"line":137,"column":2},"end":{"line":137,"column":3}},"loc":{"start":{"line":137,"column":39},"end":{"line":139,"column":3}},"line":137},"12":{"name":"(anonymous_12)","decl":{"start":{"line":141,"column":2},"end":{"line":141,"column":3}},"loc":{"start":{"line":141,"column":24},"end":{"line":143,"column":3}},"line":141},"13":{"name":"(anonymous_13)","decl":{"start":{"line":145,"column":2},"end":{"line":145,"column":3}},"loc":{"start":{"line":145,"column":31},"end":{"line":147,"column":3}},"line":145},"14":{"name":"(anonymous_14)","decl":{"start":{"line":149,"column":2},"end":{"line":149,"column":3}},"loc":{"start":{"line":149,"column":22},"end":{"line":151,"column":3}},"line":149},"15":{"name":"(anonymous_15)","decl":{"start":{"line":153,"column":2},"end":{"line":153,"column":3}},"loc":{"start":{"line":153,"column":25},"end":{"line":155,"column":3}},"line":153},"16":{"name":"(anonymous_16)","decl":{"start":{"line":157,"column":2},"end":{"line":157,"column":3}},"loc":{"start":{"line":157,"column":35},"end":{"line":159,"column":3}},"line":157},"17":{"name":"(anonymous_17)","decl":{"start":{"line":161,"column":2},"end":{"line":161,"column":3}},"loc":{"start":{"line":161,"column":28},"end":{"line":163,"column":3}},"line":161},"18":{"name":"(anonymous_18)","decl":{"start":{"line":165,"column":2},"end":{"line":165,"column":3}},"loc":{"start":{"line":165,"column":16},"end":{"line":167,"column":3}},"line":165},"19":{"name":"(anonymous_19)","decl":{"start":{"line":169,"column":2},"end":{"line":169,"column":3}},"loc":{"start":{"line":169,"column":28},"end":{"line":171,"column":3}},"line":169},"20":{"name":"(anonymous_20)","decl":{"start":{"line":173,"column":2},"end":{"line":173,"column":3}},"loc":{"start":{"line":173,"column":23},"end":{"line":175,"column":3}},"line":173},"21":{"name":"(anonymous_21)","decl":{"start":{"line":177,"column":2},"end":{"line":177,"column":3}},"loc":{"start":{"line":177,"column":26},"end":{"line":179,"column":3}},"line":177},"22":{"name":"(anonymous_22)","decl":{"start":{"line":181,"column":2},"end":{"line":181,"column":3}},"loc":{"start":{"line":181,"column":27},"end":{"line":183,"column":3}},"line":181},"23":{"name":"(anonymous_23)","decl":{"start":{"line":185,"column":2},"end":{"line":185,"column":3}},"loc":{"start":{"line":185,"column":31},"end":{"line":187,"column":3}},"line":185},"24":{"name":"(anonymous_24)","decl":{"start":{"line":189,"column":2},"end":{"line":189,"column":3}},"loc":{"start":{"line":189,"column":31},"end":{"line":191,"column":3}},"line":189},"25":{"name":"(anonymous_25)","decl":{"start":{"line":193,"column":2},"end":{"line":193,"column":3}},"loc":{"start":{"line":193,"column":31},"end":{"line":195,"column":3}},"line":193},"26":{"name":"(anonymous_26)","decl":{"start":{"line":197,"column":2},"end":{"line":197,"column":3}},"loc":{"start":{"line":197,"column":26},"end":{"line":199,"column":3}},"line":197},"27":{"name":"(anonymous_27)","decl":{"start":{"line":201,"column":2},"end":{"line":201,"column":3}},"loc":{"start":{"line":201,"column":29},"end":{"line":203,"column":3}},"line":201},"28":{"name":"(anonymous_28)","decl":{"start":{"line":205,"column":2},"end":{"line":205,"column":3}},"loc":{"start":{"line":205,"column":30},"end":{"line":207,"column":3}},"line":205},"29":{"name":"(anonymous_29)","decl":{"start":{"line":209,"column":2},"end":{"line":209,"column":3}},"loc":{"start":{"line":209,"column":39},"end":{"line":211,"column":3}},"line":209},"30":{"name":"(anonymous_30)","decl":{"start":{"line":213,"column":2},"end":{"line":213,"column":3}},"loc":{"start":{"line":213,"column":47},"end":{"line":215,"column":3}},"line":213},"31":{"name":"(anonymous_31)","decl":{"start":{"line":217,"column":2},"end":{"line":217,"column":3}},"loc":{"start":{"line":217,"column":34},"end":{"line":219,"column":3}},"line":217},"32":{"name":"(anonymous_32)","decl":{"start":{"line":221,"column":2},"end":{"line":221,"column":3}},"loc":{"start":{"line":221,"column":31},"end":{"line":223,"column":3}},"line":221},"33":{"name":"(anonymous_33)","decl":{"start":{"line":225,"column":2},"end":{"line":225,"column":3}},"loc":{"start":{"line":225,"column":32},"end":{"line":227,"column":3}},"line":225},"34":{"name":"(anonymous_34)","decl":{"start":{"line":229,"column":2},"end":{"line":229,"column":3}},"loc":{"start":{"line":229,"column":33},"end":{"line":231,"column":3}},"line":229},"35":{"name":"(anonymous_35)","decl":{"start":{"line":233,"column":2},"end":{"line":233,"column":3}},"loc":{"start":{"line":233,"column":34},"end":{"line":235,"column":3}},"line":233},"36":{"name":"(anonymous_36)","decl":{"start":{"line":237,"column":2},"end":{"line":237,"column":3}},"loc":{"start":{"line":237,"column":26},"end":{"line":239,"column":3}},"line":237},"37":{"name":"(anonymous_37)","decl":{"start":{"line":241,"column":2},"end":{"line":241,"column":3}},"loc":{"start":{"line":241,"column":31},"end":{"line":243,"column":3}},"line":241},"38":{"name":"(anonymous_38)","decl":{"start":{"line":245,"column":2},"end":{"line":245,"column":3}},"loc":{"start":{"line":245,"column":50},"end":{"line":247,"column":3}},"line":245},"39":{"name":"(anonymous_39)","decl":{"start":{"line":249,"column":2},"end":{"line":249,"column":3}},"loc":{"start":{"line":249,"column":32},"end":{"line":251,"column":3}},"line":249},"40":{"name":"(anonymous_40)","decl":{"start":{"line":253,"column":2},"end":{"line":253,"column":3}},"loc":{"start":{"line":253,"column":20},"end":{"line":255,"column":3}},"line":253},"41":{"name":"(anonymous_41)","decl":{"start":{"line":257,"column":2},"end":{"line":257,"column":3}},"loc":{"start":{"line":257,"column":13},"end":{"line":259,"column":3}},"line":257},"42":{"name":"(anonymous_42)","decl":{"start":{"line":261,"column":2},"end":{"line":261,"column":3}},"loc":{"start":{"line":261,"column":33},"end":{"line":267,"column":3}},"line":261},"43":{"name":"(anonymous_43)","decl":{"start":{"line":269,"column":2},"end":{"line":269,"column":3}},"loc":{"start":{"line":269,"column":31},"end":{"line":271,"column":3}},"line":269},"44":{"name":"(anonymous_44)","decl":{"start":{"line":273,"column":2},"end":{"line":273,"column":3}},"loc":{"start":{"line":273,"column":32},"end":{"line":275,"column":3}},"line":273},"45":{"name":"(anonymous_45)","decl":{"start":{"line":277,"column":2},"end":{"line":277,"column":3}},"loc":{"start":{"line":277,"column":14},"end":{"line":279,"column":3}},"line":277},"46":{"name":"(anonymous_46)","decl":{"start":{"line":281,"column":2},"end":{"line":281,"column":3}},"loc":{"start":{"line":281,"column":33},"end":{"line":283,"column":3}},"line":281},"47":{"name":"(anonymous_47)","decl":{"start":{"line":285,"column":2},"end":{"line":285,"column":3}},"loc":{"start":{"line":285,"column":16},"end":{"line":287,"column":3}},"line":285},"48":{"name":"(anonymous_48)","decl":{"start":{"line":289,"column":2},"end":{"line":289,"column":3}},"loc":{"start":{"line":289,"column":12},"end":{"line":291,"column":3}},"line":289},"49":{"name":"(anonymous_49)","decl":{"start":{"line":293,"column":2},"end":{"line":293,"column":3}},"loc":{"start":{"line":293,"column":13},"end":{"line":295,"column":3}},"line":293},"50":{"name":"(anonymous_50)","decl":{"start":{"line":297,"column":2},"end":{"line":297,"column":3}},"loc":{"start":{"line":297,"column":14},"end":{"line":299,"column":3}},"line":297},"51":{"name":"(anonymous_51)","decl":{"start":{"line":301,"column":2},"end":{"line":301,"column":3}},"loc":{"start":{"line":301,"column":16},"end":{"line":303,"column":3}},"line":301},"52":{"name":"(anonymous_52)","decl":{"start":{"line":305,"column":2},"end":{"line":305,"column":3}},"loc":{"start":{"line":305,"column":17},"end":{"line":307,"column":3}},"line":305},"53":{"name":"(anonymous_53)","decl":{"start":{"line":309,"column":2},"end":{"line":309,"column":3}},"loc":{"start":{"line":309,"column":31},"end":{"line":311,"column":3}},"line":309},"54":{"name":"(anonymous_54)","decl":{"start":{"line":313,"column":2},"end":{"line":313,"column":3}},"loc":{"start":{"line":313,"column":30},"end":{"line":315,"column":3}},"line":313},"55":{"name":"(anonymous_55)","decl":{"start":{"line":317,"column":2},"end":{"line":317,"column":3}},"loc":{"start":{"line":317,"column":50},"end":{"line":319,"column":3}},"line":317},"56":{"name":"(anonymous_56)","decl":{"start":{"line":321,"column":2},"end":{"line":321,"column":3}},"loc":{"start":{"line":321,"column":54},"end":{"line":323,"column":3}},"line":321},"57":{"name":"(anonymous_57)","decl":{"start":{"line":326,"column":2},"end":{"line":326,"column":3}},"loc":{"start":{"line":326,"column":39},"end":{"line":333,"column":3}},"line":326},"58":{"name":"(anonymous_58)","decl":{"start":{"line":335,"column":2},"end":{"line":335,"column":3}},"loc":{"start":{"line":335,"column":13},"end":{"line":337,"column":3}},"line":335},"59":{"name":"(anonymous_59)","decl":{"start":{"line":340,"column":2},"end":{"line":340,"column":3}},"loc":{"start":{"line":340,"column":24},"end":{"line":342,"column":3}},"line":340},"60":{"name":"(anonymous_60)","decl":{"start":{"line":344,"column":2},"end":{"line":344,"column":3}},"loc":{"start":{"line":344,"column":14},"end":{"line":346,"column":3}},"line":344},"61":{"name":"(anonymous_61)","decl":{"start":{"line":348,"column":2},"end":{"line":348,"column":3}},"loc":{"start":{"line":348,"column":17},"end":{"line":350,"column":3}},"line":348},"62":{"name":"(anonymous_62)","decl":{"start":{"line":352,"column":2},"end":{"line":352,"column":3}},"loc":{"start":{"line":352,"column":30},"end":{"line":354,"column":3}},"line":352},"63":{"name":"(anonymous_63)","decl":{"start":{"line":358,"column":17},"end":{"line":358,"column":18}},"loc":{"start":{"line":358,"column":25},"end":{"line":364,"column":1}},"line":358}},"branchMap":{"0":{"loc":{"start":{"line":58,"column":9},"end":{"line":58,"column":37}},"type":"cond-expr","locations":[{"start":{"line":58,"column":26},"end":{"line":58,"column":30}},{"start":{"line":58,"column":33},"end":{"line":58,"column":37}}],"line":58},"1":{"loc":{"start":{"line":360,"column":2},"end":{"line":362,"column":3}},"type":"if","locations":[{"start":{"line":360,"column":2},"end":{"line":362,"column":3}},{"start":{"line":360,"column":2},"end":{"line":362,"column":3}}],"line":360}},"s":{"0":1,"1":1,"2":1,"3":1,"4":1,"5":1,"6":1,"7":1,"8":1,"9":1,"10":1,"11":1,"12":1,"13":1,"14":1,"15":1,"16":1,"17":1,"18":1,"19":1,"20":1,"21":1,"22":1,"23":1,"24":1,"25":1,"26":1,"27":1,"28":1,"29":1,"30":1,"31":1,"32":1,"33":1,"34":1,"35":1,"36":1,"37":1,"38":1,"39":1,"40":1,"41":1,"42":1,"43":1,"44":1,"45":1,"46":1,"47":1,"48":1,"49":1,"50":849,"51":1,"52":29,"53":256,"54":8,"55":57,"56":7,"57":30,"58":30,"59":30,"60":30,"61":3,"62":6,"63":12,"64":59,"65":15,"66":36,"67":100,"68":11,"69":4,"70":14,"71":166,"72":100,"73":6,"74":3,"75":4,"76":4,"77":57,"78":20,"79":9,"80":7,"81":1,"82":7,"83":3,"84":2,"85":2,"86":4,"87":5,"88":4,"89":35,"90":12,"91":37,"92":2,"93":2,"94":136,"95":59,"96":43,"97":34,"98":14,"99":2,"100":222,"101":43,"102":392,"103":102,"104":1,"105":26,"106":29,"107":5,"108":7,"109":7,"110":7,"111":202,"112":13,"113":134,"114":243,"115":2,"116":2,"117":1,"118":29,"119":29,"120":0,"121":29},"f":{"0":849,"1":29,"2":256,"3":8,"4":57,"5":7,"6":30,"7":3,"8":6,"9":12,"10":59,"11":15,"12":36,"13":100,"14":11,"15":4,"16":14,"17":166,"18":100,"19":6,"20":3,"21":4,"22":4,"23":57,"24":20,"25":9,"26":7,"27":1,"28":7,"29":3,"30":2,"31":2,"32":4,"33":5,"34":4,"35":35,"36":12,"37":37,"38":2,"39":2,"40":136,"41":59,"42":43,"43":34,"44":14,"45":2,"46":222,"47":43,"48":392,"49":102,"50":1,"51":26,"52":29,"53":5,"54":7,"55":7,"56":7,"57":202,"58":13,"59":134,"60":243,"61":2,"62":2,"63":29},"b":{"0":[772,77],"1":[0,29]},"_coverageSchema":"1a1c01bbd47fc00a2c39e90264f33305004495a9","hash":"735f4dc67425bc76682a03c7c440a556dd511a03"}
}
