{"/Users/Shanaya/Desktop/Compilers/realhotgirlscript/ast/None.js": {"path":"/Users/Shanaya/Desktop/Compilers/realhotgirlscript/ast/None.js","statementMap":{"0":{"start":{"line":1,"column":0},"end":{"line":1,"column":31}}},"fnMap":{},"branchMap":{},"s":{"0":1},"f":{},"b":{},"_coverageSchema":"1a1c01bbd47fc00a2c39e90264f33305004495a9","hash":"60c871026697b9ee3ffd7a6531244a404d9e3363"}
,"/Users/Shanaya/Desktop/Compilers/realhotgirlscript/ast/argument.js": {"path":"/Users/Shanaya/Desktop/Compilers/realhotgirlscript/ast/argument.js","statementMap":{"0":{"start":{"line":1,"column":0},"end":{"line":5,"column":2}},"1":{"start":{"line":3,"column":4},"end":{"line":3,"column":50}}},"fnMap":{"0":{"name":"(anonymous_0)","decl":{"start":{"line":2,"column":2},"end":{"line":2,"column":3}},"loc":{"start":{"line":2,"column":36},"end":{"line":4,"column":3}},"line":2}},"branchMap":{},"s":{"0":1,"1":34},"f":{"0":34},"b":{},"_coverageSchema":"1a1c01bbd47fc00a2c39e90264f33305004495a9","hash":"16f4f5dc8bddeeeb8c56f2e304aaf613043b9089"}
,"/Users/Shanaya/Desktop/Compilers/realhotgirlscript/ast/array-expression.js": {"path":"/Users/Shanaya/Desktop/Compilers/realhotgirlscript/ast/array-expression.js","statementMap":{"0":{"start":{"line":1,"column":0},"end":{"line":5,"column":2}},"1":{"start":{"line":3,"column":4},"end":{"line":3,"column":33}}},"fnMap":{"0":{"name":"(anonymous_0)","decl":{"start":{"line":2,"column":2},"end":{"line":2,"column":3}},"loc":{"start":{"line":2,"column":26},"end":{"line":4,"column":3}},"line":2}},"branchMap":{},"s":{"0":1,"1":2},"f":{"0":2},"b":{},"_coverageSchema":"1a1c01bbd47fc00a2c39e90264f33305004495a9","hash":"dbe7a9ae07524fb16a1e33d58e4a62667ae6734d"}
,"/Users/Shanaya/Desktop/Compilers/realhotgirlscript/ast/array-type.js": {"path":"/Users/Shanaya/Desktop/Compilers/realhotgirlscript/ast/array-type.js","statementMap":{"0":{"start":{"line":1,"column":0},"end":{"line":5,"column":2}},"1":{"start":{"line":3,"column":4},"end":{"line":3,"column":39}}},"fnMap":{"0":{"name":"(anonymous_0)","decl":{"start":{"line":2,"column":2},"end":{"line":2,"column":3}},"loc":{"start":{"line":2,"column":25},"end":{"line":4,"column":3}},"line":2}},"branchMap":{},"s":{"0":1,"1":5},"f":{"0":5},"b":{},"_coverageSchema":"1a1c01bbd47fc00a2c39e90264f33305004495a9","hash":"f2baa8d279bbec8ff51f0cc5aa18e17423de25a5"}
,"/Users/Shanaya/Desktop/Compilers/realhotgirlscript/ast/assignment-statement.js": {"path":"/Users/Shanaya/Desktop/Compilers/realhotgirlscript/ast/assignment-statement.js","statementMap":{"0":{"start":{"line":1,"column":0},"end":{"line":5,"column":2}},"1":{"start":{"line":3,"column":4},"end":{"line":3,"column":44}}},"fnMap":{"0":{"name":"(anonymous_0)","decl":{"start":{"line":2,"column":2},"end":{"line":2,"column":3}},"loc":{"start":{"line":2,"column":30},"end":{"line":4,"column":3}},"line":2}},"branchMap":{},"s":{"0":1,"1":15},"f":{"0":15},"b":{},"_coverageSchema":"1a1c01bbd47fc00a2c39e90264f33305004495a9","hash":"6a2d05542521de9210e666e800bea5cf23dcf4d6"}
,"/Users/Shanaya/Desktop/Compilers/realhotgirlscript/ast/binary-expression.js": {"path":"/Users/Shanaya/Desktop/Compilers/realhotgirlscript/ast/binary-expression.js","statementMap":{"0":{"start":{"line":1,"column":0},"end":{"line":5,"column":2}},"1":{"start":{"line":3,"column":4},"end":{"line":3,"column":45}}},"fnMap":{"0":{"name":"(anonymous_0)","decl":{"start":{"line":2,"column":2},"end":{"line":2,"column":3}},"loc":{"start":{"line":2,"column":31},"end":{"line":4,"column":3}},"line":2}},"branchMap":{},"s":{"0":1,"1":97},"f":{"0":97},"b":{},"_coverageSchema":"1a1c01bbd47fc00a2c39e90264f33305004495a9","hash":"64f8bab3cc558b97807fd7c1eba4bacc19b2c3ba"}
,"/Users/Shanaya/Desktop/Compilers/realhotgirlscript/ast/block.js": {"path":"/Users/Shanaya/Desktop/Compilers/realhotgirlscript/ast/block.js","statementMap":{"0":{"start":{"line":1,"column":0},"end":{"line":5,"column":2}},"1":{"start":{"line":3,"column":4},"end":{"line":3,"column":33}}},"fnMap":{"0":{"name":"(anonymous_0)","decl":{"start":{"line":2,"column":2},"end":{"line":2,"column":3}},"loc":{"start":{"line":2,"column":26},"end":{"line":4,"column":3}},"line":2}},"branchMap":{},"s":{"0":1,"1":166},"f":{"0":166},"b":{},"_coverageSchema":"1a1c01bbd47fc00a2c39e90264f33305004495a9","hash":"71c6d97c774b4eaa6a709ad0831d5fa8d6506c00"}
,"/Users/Shanaya/Desktop/Compilers/realhotgirlscript/ast/boolean-literal.js": {"path":"/Users/Shanaya/Desktop/Compilers/realhotgirlscript/ast/boolean-literal.js","statementMap":{"0":{"start":{"line":1,"column":0},"end":{"line":5,"column":4}},"1":{"start":{"line":3,"column":6},"end":{"line":3,"column":25}}},"fnMap":{"0":{"name":"(anonymous_0)","decl":{"start":{"line":2,"column":4},"end":{"line":2,"column":5}},"loc":{"start":{"line":2,"column":23},"end":{"line":4,"column":5}},"line":2}},"branchMap":{},"s":{"0":1,"1":13},"f":{"0":13},"b":{},"_coverageSchema":"1a1c01bbd47fc00a2c39e90264f33305004495a9","hash":"d2b7a6a0e537207c46660595fff5ead96a991872"}
,"/Users/Shanaya/Desktop/Compilers/realhotgirlscript/ast/boolean-type.js": {"path":"/Users/Shanaya/Desktop/Compilers/realhotgirlscript/ast/boolean-type.js","statementMap":{"0":{"start":{"line":1,"column":0},"end":{"line":1,"column":38}}},"fnMap":{},"branchMap":{},"s":{"0":1},"f":{},"b":{},"_coverageSchema":"1a1c01bbd47fc00a2c39e90264f33305004495a9","hash":"0a92a6e448a9aaecd584e17cd59acca8eb9cf6fd"}
,"/Users/Shanaya/Desktop/Compilers/realhotgirlscript/ast/break-statement.js": {"path":"/Users/Shanaya/Desktop/Compilers/realhotgirlscript/ast/break-statement.js","statementMap":{"0":{"start":{"line":1,"column":0},"end":{"line":1,"column":41}}},"fnMap":{},"branchMap":{},"s":{"0":1},"f":{},"b":{},"_coverageSchema":"1a1c01bbd47fc00a2c39e90264f33305004495a9","hash":"d8d6b50d439601b73860bb7d167129d93c2c4126"}
,"/Users/Shanaya/Desktop/Compilers/realhotgirlscript/ast/call.js": {"path":"/Users/Shanaya/Desktop/Compilers/realhotgirlscript/ast/call.js","statementMap":{"0":{"start":{"line":1,"column":0},"end":{"line":5,"column":2}},"1":{"start":{"line":3,"column":4},"end":{"line":3,"column":44}}},"fnMap":{"0":{"name":"(anonymous_0)","decl":{"start":{"line":2,"column":2},"end":{"line":2,"column":3}},"loc":{"start":{"line":2,"column":31},"end":{"line":4,"column":3}},"line":2}},"branchMap":{},"s":{"0":1,"1":37},"f":{"0":37},"b":{},"_coverageSchema":"1a1c01bbd47fc00a2c39e90264f33305004495a9","hash":"bb2fc17f9f207e6f42c6a5e644d101b682668829"}
,"/Users/Shanaya/Desktop/Compilers/realhotgirlscript/ast/case.js": {"path":"/Users/Shanaya/Desktop/Compilers/realhotgirlscript/ast/case.js","statementMap":{"0":{"start":{"line":1,"column":0},"end":{"line":5,"column":2}},"1":{"start":{"line":3,"column":8},"end":{"line":3,"column":50}}},"fnMap":{"0":{"name":"(anonymous_0)","decl":{"start":{"line":2,"column":4},"end":{"line":2,"column":5}},"loc":{"start":{"line":2,"column":34},"end":{"line":4,"column":5}},"line":2}},"branchMap":{},"s":{"0":1,"1":6},"f":{"0":6},"b":{},"_coverageSchema":"1a1c01bbd47fc00a2c39e90264f33305004495a9","hash":"084755570ee1ac3a98819ac323a4015186959132"}
,"/Users/Shanaya/Desktop/Compilers/realhotgirlscript/ast/class-declaration.js": {"path":"/Users/Shanaya/Desktop/Compilers/realhotgirlscript/ast/class-declaration.js","statementMap":{"0":{"start":{"line":1,"column":0},"end":{"line":5,"column":2}},"1":{"start":{"line":3,"column":4},"end":{"line":3,"column":46}}},"fnMap":{"0":{"name":"(anonymous_0)","decl":{"start":{"line":2,"column":2},"end":{"line":2,"column":3}},"loc":{"start":{"line":2,"column":32},"end":{"line":4,"column":3}},"line":2}},"branchMap":{},"s":{"0":1,"1":8},"f":{"0":8},"b":{},"_coverageSchema":"1a1c01bbd47fc00a2c39e90264f33305004495a9","hash":"c007a12ca1e1e5e839ae500881c016942601ea65"}
,"/Users/Shanaya/Desktop/Compilers/realhotgirlscript/ast/closure.js": {"path":"/Users/Shanaya/Desktop/Compilers/realhotgirlscript/ast/closure.js","statementMap":{"0":{"start":{"line":1,"column":0},"end":{"line":5,"column":2}},"1":{"start":{"line":3,"column":4},"end":{"line":3,"column":44}}},"fnMap":{"0":{"name":"(anonymous_0)","decl":{"start":{"line":2,"column":2},"end":{"line":2,"column":3}},"loc":{"start":{"line":2,"column":30},"end":{"line":4,"column":3}},"line":2}},"branchMap":{},"s":{"0":1,"1":2},"f":{"0":2},"b":{},"_coverageSchema":"1a1c01bbd47fc00a2c39e90264f33305004495a9","hash":"7a818a6dea2e89c481966b7601fb5a4ae409fd7e"}
,"/Users/Shanaya/Desktop/Compilers/realhotgirlscript/ast/continue-statement.js": {"path":"/Users/Shanaya/Desktop/Compilers/realhotgirlscript/ast/continue-statement.js","statementMap":{"0":{"start":{"line":1,"column":0},"end":{"line":1,"column":44}}},"fnMap":{},"branchMap":{},"s":{"0":1},"f":{},"b":{},"_coverageSchema":"1a1c01bbd47fc00a2c39e90264f33305004495a9","hash":"90a7c471c9b7560e5c4495c7b0df7dfeaa4c6ad3"}
,"/Users/Shanaya/Desktop/Compilers/realhotgirlscript/ast/default-case.js": {"path":"/Users/Shanaya/Desktop/Compilers/realhotgirlscript/ast/default-case.js","statementMap":{"0":{"start":{"line":1,"column":0},"end":{"line":5,"column":2}},"1":{"start":{"line":3,"column":8},"end":{"line":3,"column":38}}},"fnMap":{"0":{"name":"(anonymous_0)","decl":{"start":{"line":2,"column":4},"end":{"line":2,"column":5}},"loc":{"start":{"line":2,"column":22},"end":{"line":4,"column":5}},"line":2}},"branchMap":{},"s":{"0":1,"1":3},"f":{"0":3},"b":{},"_coverageSchema":"1a1c01bbd47fc00a2c39e90264f33305004495a9","hash":"48de5e1bdb54b4d6464bf3a5ade50478352081b0"}
,"/Users/Shanaya/Desktop/Compilers/realhotgirlscript/ast/dict-expression.js": {"path":"/Users/Shanaya/Desktop/Compilers/realhotgirlscript/ast/dict-expression.js","statementMap":{"0":{"start":{"line":1,"column":0},"end":{"line":5,"column":2}},"1":{"start":{"line":3,"column":4},"end":{"line":3,"column":33}}},"fnMap":{"0":{"name":"(anonymous_0)","decl":{"start":{"line":2,"column":2},"end":{"line":2,"column":3}},"loc":{"start":{"line":2,"column":26},"end":{"line":4,"column":3}},"line":2}},"branchMap":{},"s":{"0":1,"1":5},"f":{"0":5},"b":{},"_coverageSchema":"1a1c01bbd47fc00a2c39e90264f33305004495a9","hash":"5a1c8f8d48c11827ea9ef485aed6e662a23a502e"}
,"/Users/Shanaya/Desktop/Compilers/realhotgirlscript/ast/dict-type.js": {"path":"/Users/Shanaya/Desktop/Compilers/realhotgirlscript/ast/dict-type.js","statementMap":{"0":{"start":{"line":1,"column":0},"end":{"line":5,"column":2}},"1":{"start":{"line":3,"column":4},"end":{"line":3,"column":55}}},"fnMap":{"0":{"name":"(anonymous_0)","decl":{"start":{"line":2,"column":2},"end":{"line":2,"column":3}},"loc":{"start":{"line":2,"column":41},"end":{"line":4,"column":3}},"line":2}},"branchMap":{},"s":{"0":1,"1":7},"f":{"0":7},"b":{},"_coverageSchema":"1a1c01bbd47fc00a2c39e90264f33305004495a9","hash":"3fd83f323422429e5d0e062cb30aee398c7204bb"}
,"/Users/Shanaya/Desktop/Compilers/realhotgirlscript/ast/exponent.js": {"path":"/Users/Shanaya/Desktop/Compilers/realhotgirlscript/ast/exponent.js","statementMap":{"0":{"start":{"line":1,"column":0},"end":{"line":5,"column":4}},"1":{"start":{"line":3,"column":6},"end":{"line":3,"column":52}}},"fnMap":{"0":{"name":"(anonymous_0)","decl":{"start":{"line":2,"column":4},"end":{"line":2,"column":5}},"loc":{"start":{"line":2,"column":38},"end":{"line":4,"column":5}},"line":2}},"branchMap":{},"s":{"0":1,"1":2},"f":{"0":2},"b":{},"_coverageSchema":"1a1c01bbd47fc00a2c39e90264f33305004495a9","hash":"098631cb9edeba5d3681e95f35d64b786da9510a"}
,"/Users/Shanaya/Desktop/Compilers/realhotgirlscript/ast/fraction.js": {"path":"/Users/Shanaya/Desktop/Compilers/realhotgirlscript/ast/fraction.js","statementMap":{"0":{"start":{"line":1,"column":0},"end":{"line":5,"column":4}},"1":{"start":{"line":3,"column":6},"end":{"line":3,"column":37}}},"fnMap":{"0":{"name":"(anonymous_0)","decl":{"start":{"line":2,"column":4},"end":{"line":2,"column":5}},"loc":{"start":{"line":2,"column":23},"end":{"line":4,"column":5}},"line":2}},"branchMap":{},"s":{"0":1,"1":2},"f":{"0":2},"b":{},"_coverageSchema":"1a1c01bbd47fc00a2c39e90264f33305004495a9","hash":"981acf9437e7739be94746ac916a6ff169f94b45"}
,"/Users/Shanaya/Desktop/Compilers/realhotgirlscript/ast/function-declaration.js": {"path":"/Users/Shanaya/Desktop/Compilers/realhotgirlscript/ast/function-declaration.js","statementMap":{"0":{"start":{"line":1,"column":0},"end":{"line":5,"column":2}},"1":{"start":{"line":3,"column":4},"end":{"line":3,"column":59}}},"fnMap":{"0":{"name":"(anonymous_0)","decl":{"start":{"line":2,"column":2},"end":{"line":2,"column":3}},"loc":{"start":{"line":2,"column":45},"end":{"line":4,"column":3}},"line":2}},"branchMap":{},"s":{"0":1,"1":57},"f":{"0":57},"b":{},"_coverageSchema":"1a1c01bbd47fc00a2c39e90264f33305004495a9","hash":"5e28412e615f3820b309aac9570a678bc8afdf9d"}
,"/Users/Shanaya/Desktop/Compilers/realhotgirlscript/ast/id-type.js": {"path":"/Users/Shanaya/Desktop/Compilers/realhotgirlscript/ast/id-type.js","statementMap":{"0":{"start":{"line":1,"column":0},"end":{"line":5,"column":4}},"1":{"start":{"line":3,"column":6},"end":{"line":3,"column":19}}},"fnMap":{"0":{"name":"(anonymous_0)","decl":{"start":{"line":2,"column":4},"end":{"line":2,"column":5}},"loc":{"start":{"line":2,"column":20},"end":{"line":4,"column":5}},"line":2}},"branchMap":{},"s":{"0":1,"1":2},"f":{"0":2},"b":{},"_coverageSchema":"1a1c01bbd47fc00a2c39e90264f33305004495a9","hash":"aeac6b9ce51cbd7389e367bbcf59b08da42ce0f9"}
,"/Users/Shanaya/Desktop/Compilers/realhotgirlscript/ast/identifier-declaration.js": {"path":"/Users/Shanaya/Desktop/Compilers/realhotgirlscript/ast/identifier-declaration.js","statementMap":{"0":{"start":{"line":1,"column":0},"end":{"line":5,"column":2}},"1":{"start":{"line":3,"column":4},"end":{"line":3,"column":17}}},"fnMap":{"0":{"name":"(anonymous_0)","decl":{"start":{"line":2,"column":2},"end":{"line":2,"column":3}},"loc":{"start":{"line":2,"column":18},"end":{"line":4,"column":3}},"line":2}},"branchMap":{},"s":{"0":1,"1":59},"f":{"0":59},"b":{},"_coverageSchema":"1a1c01bbd47fc00a2c39e90264f33305004495a9","hash":"fb0a9982402c72b28e130a926055c5a8383cd68b"}
,"/Users/Shanaya/Desktop/Compilers/realhotgirlscript/ast/identifier-expression.js": {"path":"/Users/Shanaya/Desktop/Compilers/realhotgirlscript/ast/identifier-expression.js","statementMap":{"0":{"start":{"line":1,"column":0},"end":{"line":5,"column":2}},"1":{"start":{"line":3,"column":4},"end":{"line":3,"column":17}}},"fnMap":{"0":{"name":"(anonymous_0)","decl":{"start":{"line":2,"column":2},"end":{"line":2,"column":3}},"loc":{"start":{"line":2,"column":18},"end":{"line":4,"column":3}},"line":2}},"branchMap":{},"s":{"0":1,"1":136},"f":{"0":136},"b":{},"_coverageSchema":"1a1c01bbd47fc00a2c39e90264f33305004495a9","hash":"fcdbd3790cf82716d1e5a40853bf7511d82cc233"}
,"/Users/Shanaya/Desktop/Compilers/realhotgirlscript/ast/if-statement.js": {"path":"/Users/Shanaya/Desktop/Compilers/realhotgirlscript/ast/if-statement.js","statementMap":{"0":{"start":{"line":1,"column":0},"end":{"line":5,"column":2}},"1":{"start":{"line":3,"column":8},"end":{"line":3,"column":50}}},"fnMap":{"0":{"name":"(anonymous_0)","decl":{"start":{"line":2,"column":4},"end":{"line":2,"column":5}},"loc":{"start":{"line":2,"column":34},"end":{"line":4,"column":5}},"line":2}},"branchMap":{},"s":{"0":1,"1":30},"f":{"0":30},"b":{},"_coverageSchema":"1a1c01bbd47fc00a2c39e90264f33305004495a9","hash":"71fded8a366dbc7faf2cb21664e8569ec1c9e69b"}
,"/Users/Shanaya/Desktop/Compilers/realhotgirlscript/ast/keyvalue-expression.js": {"path":"/Users/Shanaya/Desktop/Compilers/realhotgirlscript/ast/keyvalue-expression.js","statementMap":{"0":{"start":{"line":1,"column":0},"end":{"line":5,"column":2}},"1":{"start":{"line":3,"column":4},"end":{"line":3,"column":40}}},"fnMap":{"0":{"name":"(anonymous_0)","decl":{"start":{"line":2,"column":2},"end":{"line":2,"column":3}},"loc":{"start":{"line":2,"column":26},"end":{"line":4,"column":3}},"line":2}},"branchMap":{},"s":{"0":1,"1":12},"f":{"0":12},"b":{},"_coverageSchema":"1a1c01bbd47fc00a2c39e90264f33305004495a9","hash":"f737edac3e0f405445832838a23020124379fb97"}
,"/Users/Shanaya/Desktop/Compilers/realhotgirlscript/ast/long-type.js": {"path":"/Users/Shanaya/Desktop/Compilers/realhotgirlscript/ast/long-type.js","statementMap":{"0":{"start":{"line":1,"column":0},"end":{"line":1,"column":35}}},"fnMap":{},"branchMap":{},"s":{"0":1},"f":{},"b":{},"_coverageSchema":"1a1c01bbd47fc00a2c39e90264f33305004495a9","hash":"b7cbedff7b3e340c37e9cec746aff2f750178448"}
,"/Users/Shanaya/Desktop/Compilers/realhotgirlscript/ast/loop.js": {"path":"/Users/Shanaya/Desktop/Compilers/realhotgirlscript/ast/loop.js","statementMap":{"0":{"start":{"line":13,"column":4},"end":{"line":13,"column":12}},"1":{"start":{"line":14,"column":4},"end":{"line":22,"column":7}},"2":{"start":{"line":28,"column":4},"end":{"line":28,"column":12}},"3":{"start":{"line":29,"column":4},"end":{"line":29,"column":44}},"4":{"start":{"line":33,"column":0},"end":{"line":33,"column":57}}},"fnMap":{"0":{"name":"(anonymous_0)","decl":{"start":{"line":4,"column":2},"end":{"line":4,"column":3}},"loc":{"start":{"line":12,"column":4},"end":{"line":23,"column":3}},"line":12},"1":{"name":"(anonymous_1)","decl":{"start":{"line":27,"column":2},"end":{"line":27,"column":3}},"loc":{"start":{"line":27,"column":30},"end":{"line":30,"column":3}},"line":27}},"branchMap":{},"s":{"0":6,"1":6,"2":12,"3":12,"4":1},"f":{"0":6,"1":12},"b":{},"_coverageSchema":"1a1c01bbd47fc00a2c39e90264f33305004495a9","hash":"a54c024b526bd1e014e90e48d8447ae3e50aa749"}
,"/Users/Shanaya/Desktop/Compilers/realhotgirlscript/ast/numeric-literal.js": {"path":"/Users/Shanaya/Desktop/Compilers/realhotgirlscript/ast/numeric-literal.js","statementMap":{"0":{"start":{"line":1,"column":0},"end":{"line":5,"column":2}},"1":{"start":{"line":3,"column":4},"end":{"line":3,"column":23}}},"fnMap":{"0":{"name":"(anonymous_0)","decl":{"start":{"line":2,"column":2},"end":{"line":2,"column":3}},"loc":{"start":{"line":2,"column":21},"end":{"line":4,"column":3}},"line":2}},"branchMap":{},"s":{"0":1,"1":202},"f":{"0":202},"b":{},"_coverageSchema":"1a1c01bbd47fc00a2c39e90264f33305004495a9","hash":"991926ba6c62834e7f2d453479163ccdeae8a82f"}
,"/Users/Shanaya/Desktop/Compilers/realhotgirlscript/ast/numeric-type.js": {"path":"/Users/Shanaya/Desktop/Compilers/realhotgirlscript/ast/numeric-type.js","statementMap":{"0":{"start":{"line":1,"column":0},"end":{"line":1,"column":34}}},"fnMap":{},"branchMap":{},"s":{"0":1},"f":{},"b":{},"_coverageSchema":"1a1c01bbd47fc00a2c39e90264f33305004495a9","hash":"8c0db00f88f27139dcb42a453543b49c3b5d348d"}
,"/Users/Shanaya/Desktop/Compilers/realhotgirlscript/ast/optional-type.js": {"path":"/Users/Shanaya/Desktop/Compilers/realhotgirlscript/ast/optional-type.js","statementMap":{"0":{"start":{"line":1,"column":0},"end":{"line":5,"column":2}},"1":{"start":{"line":3,"column":4},"end":{"line":3,"column":27}}},"fnMap":{"0":{"name":"(anonymous_0)","decl":{"start":{"line":2,"column":2},"end":{"line":2,"column":3}},"loc":{"start":{"line":2,"column":23},"end":{"line":4,"column":3}},"line":2}},"branchMap":{},"s":{"0":1,"1":14},"f":{"0":14},"b":{},"_coverageSchema":"1a1c01bbd47fc00a2c39e90264f33305004495a9","hash":"23626cdb94bc57f0c39b857edf69057f9d9a2e93"}
,"/Users/Shanaya/Desktop/Compilers/realhotgirlscript/ast/parameter.js": {"path":"/Users/Shanaya/Desktop/Compilers/realhotgirlscript/ast/parameter.js","statementMap":{"0":{"start":{"line":1,"column":0},"end":{"line":5,"column":2}},"1":{"start":{"line":3,"column":4},"end":{"line":3,"column":50}}},"fnMap":{"0":{"name":"(anonymous_0)","decl":{"start":{"line":2,"column":2},"end":{"line":2,"column":3}},"loc":{"start":{"line":2,"column":36},"end":{"line":4,"column":3}},"line":2}},"branchMap":{},"s":{"0":1,"1":43},"f":{"0":43},"b":{},"_coverageSchema":"1a1c01bbd47fc00a2c39e90264f33305004495a9","hash":"a92c3ea726d4cfe55a07937533bbb951534db40f"}
,"/Users/Shanaya/Desktop/Compilers/realhotgirlscript/ast/print-statement.js": {"path":"/Users/Shanaya/Desktop/Compilers/realhotgirlscript/ast/print-statement.js","statementMap":{"0":{"start":{"line":1,"column":0},"end":{"line":5,"column":2}},"1":{"start":{"line":3,"column":8},"end":{"line":3,"column":37}}},"fnMap":{"0":{"name":"(anonymous_0)","decl":{"start":{"line":2,"column":4},"end":{"line":2,"column":5}},"loc":{"start":{"line":2,"column":28},"end":{"line":4,"column":5}},"line":2}},"branchMap":{},"s":{"0":1,"1":100},"f":{"0":100},"b":{},"_coverageSchema":"1a1c01bbd47fc00a2c39e90264f33305004495a9","hash":"a5d2d25f0bfad29c9ddf11df25cb278a041c7118"}
,"/Users/Shanaya/Desktop/Compilers/realhotgirlscript/ast/print.js": {"path":"/Users/Shanaya/Desktop/Compilers/realhotgirlscript/ast/print.js","statementMap":{"0":{"start":{"line":1,"column":0},"end":{"line":5,"column":2}},"1":{"start":{"line":3,"column":8},"end":{"line":3,"column":37}}},"fnMap":{"0":{"name":"(anonymous_0)","decl":{"start":{"line":2,"column":4},"end":{"line":2,"column":5}},"loc":{"start":{"line":2,"column":28},"end":{"line":4,"column":5}},"line":2}},"branchMap":{},"s":{"0":1,"1":100},"f":{"0":100},"b":{},"_coverageSchema":"1a1c01bbd47fc00a2c39e90264f33305004495a9","hash":"398f2a0508c324d3ca8ef8709ce5384ddc1a0090"}
,"/Users/Shanaya/Desktop/Compilers/realhotgirlscript/ast/program.js": {"path":"/Users/Shanaya/Desktop/Compilers/realhotgirlscript/ast/program.js","statementMap":{"0":{"start":{"line":1,"column":0},"end":{"line":5,"column":2}},"1":{"start":{"line":3,"column":4},"end":{"line":3,"column":33}}},"fnMap":{"0":{"name":"(anonymous_0)","decl":{"start":{"line":2,"column":2},"end":{"line":2,"column":3}},"loc":{"start":{"line":2,"column":26},"end":{"line":4,"column":3}},"line":2}},"branchMap":{},"s":{"0":1,"1":29},"f":{"0":29},"b":{},"_coverageSchema":"1a1c01bbd47fc00a2c39e90264f33305004495a9","hash":"887ba56a363b3ea7ec1ed9ebc64e78c96de30ad9"}
,"/Users/Shanaya/Desktop/Compilers/realhotgirlscript/ast/return-statement.js": {"path":"/Users/Shanaya/Desktop/Compilers/realhotgirlscript/ast/return-statement.js","statementMap":{"0":{"start":{"line":1,"column":0},"end":{"line":5,"column":2}},"1":{"start":{"line":3,"column":4},"end":{"line":3,"column":33}}},"fnMap":{"0":{"name":"(anonymous_0)","decl":{"start":{"line":2,"column":2},"end":{"line":2,"column":3}},"loc":{"start":{"line":2,"column":26},"end":{"line":4,"column":3}},"line":2}},"branchMap":{},"s":{"0":1,"1":14},"f":{"0":14},"b":{},"_coverageSchema":"1a1c01bbd47fc00a2c39e90264f33305004495a9","hash":"2860838f2264333076e604369faaa523e0ac9a70"}
,"/Users/Shanaya/Desktop/Compilers/realhotgirlscript/ast/set-expression.js": {"path":"/Users/Shanaya/Desktop/Compilers/realhotgirlscript/ast/set-expression.js","statementMap":{"0":{"start":{"line":1,"column":16},"end":{"line":1,"column":37}},"1":{"start":{"line":3,"column":0},"end":{"line":7,"column":2}},"2":{"start":{"line":5,"column":4},"end":{"line":5,"column":33}}},"fnMap":{"0":{"name":"(anonymous_0)","decl":{"start":{"line":4,"column":2},"end":{"line":4,"column":3}},"loc":{"start":{"line":4,"column":26},"end":{"line":6,"column":3}},"line":4}},"branchMap":{},"s":{"0":1,"1":1,"2":4},"f":{"0":4},"b":{},"_coverageSchema":"1a1c01bbd47fc00a2c39e90264f33305004495a9","hash":"41b5d0afdb8405a69536d55f0c64ce22a7fcccc6"}
,"/Users/Shanaya/Desktop/Compilers/realhotgirlscript/ast/set-type.js": {"path":"/Users/Shanaya/Desktop/Compilers/realhotgirlscript/ast/set-type.js","statementMap":{"0":{"start":{"line":1,"column":0},"end":{"line":5,"column":2}},"1":{"start":{"line":3,"column":4},"end":{"line":3,"column":40}}},"fnMap":{"0":{"name":"(anonymous_0)","decl":{"start":{"line":2,"column":2},"end":{"line":2,"column":3}},"loc":{"start":{"line":2,"column":26},"end":{"line":4,"column":3}},"line":2}},"branchMap":{},"s":{"0":1,"1":7},"f":{"0":7},"b":{},"_coverageSchema":"1a1c01bbd47fc00a2c39e90264f33305004495a9","hash":"b93abbf15d5714bdec7d644bf6e0eda4ce6fdcf2"}
,"/Users/Shanaya/Desktop/Compilers/realhotgirlscript/ast/simple-statement-call.js": {"path":"/Users/Shanaya/Desktop/Compilers/realhotgirlscript/ast/simple-statement-call.js","statementMap":{"0":{"start":{"line":1,"column":0},"end":{"line":5,"column":2}},"1":{"start":{"line":3,"column":4},"end":{"line":3,"column":21}}},"fnMap":{"0":{"name":"(anonymous_0)","decl":{"start":{"line":2,"column":2},"end":{"line":2,"column":3}},"loc":{"start":{"line":2,"column":20},"end":{"line":4,"column":3}},"line":2}},"branchMap":{},"s":{"0":1,"1":36},"f":{"0":36},"b":{},"_coverageSchema":"1a1c01bbd47fc00a2c39e90264f33305004495a9","hash":"b1b2c1d51b65e3a0b81325e440e46d8de313ebb7"}
,"/Users/Shanaya/Desktop/Compilers/realhotgirlscript/ast/string-literal.js": {"path":"/Users/Shanaya/Desktop/Compilers/realhotgirlscript/ast/string-literal.js","statementMap":{"0":{"start":{"line":1,"column":0},"end":{"line":5,"column":4}},"1":{"start":{"line":3,"column":6},"end":{"line":3,"column":25}}},"fnMap":{"0":{"name":"(anonymous_0)","decl":{"start":{"line":2,"column":4},"end":{"line":2,"column":5}},"loc":{"start":{"line":2,"column":23},"end":{"line":4,"column":5}},"line":2}},"branchMap":{},"s":{"0":1,"1":134},"f":{"0":134},"b":{},"_coverageSchema":"1a1c01bbd47fc00a2c39e90264f33305004495a9","hash":"7904849c0cc8cba3eae2e935423141991344d525"}
,"/Users/Shanaya/Desktop/Compilers/realhotgirlscript/ast/string-type.js": {"path":"/Users/Shanaya/Desktop/Compilers/realhotgirlscript/ast/string-type.js","statementMap":{"0":{"start":{"line":1,"column":0},"end":{"line":2,"column":2}}},"fnMap":{},"branchMap":{},"s":{"0":1},"f":{},"b":{},"_coverageSchema":"1a1c01bbd47fc00a2c39e90264f33305004495a9","hash":"9bdaac928d9b0b2b6c7ae4426c34ef5a4fbb5666"}
,"/Users/Shanaya/Desktop/Compilers/realhotgirlscript/ast/subscripted-expression.js": {"path":"/Users/Shanaya/Desktop/Compilers/realhotgirlscript/ast/subscripted-expression.js","statementMap":{"0":{"start":{"line":1,"column":0},"end":{"line":5,"column":2}},"1":{"start":{"line":3,"column":4},"end":{"line":3,"column":47}}},"fnMap":{"0":{"name":"(anonymous_0)","decl":{"start":{"line":2,"column":2},"end":{"line":2,"column":3}},"loc":{"start":{"line":2,"column":33},"end":{"line":4,"column":3}},"line":2}},"branchMap":{},"s":{"0":1,"1":4},"f":{"0":4},"b":{},"_coverageSchema":"1a1c01bbd47fc00a2c39e90264f33305004495a9","hash":"47c116cbcf50dd4489c4fe5264f4418b4823299e"}
,"/Users/Shanaya/Desktop/Compilers/realhotgirlscript/ast/switch-statement.js": {"path":"/Users/Shanaya/Desktop/Compilers/realhotgirlscript/ast/switch-statement.js","statementMap":{"0":{"start":{"line":1,"column":0},"end":{"line":5,"column":2}},"1":{"start":{"line":3,"column":6},"end":{"line":3,"column":60}}},"fnMap":{"0":{"name":"(anonymous_0)","decl":{"start":{"line":2,"column":4},"end":{"line":2,"column":5}},"loc":{"start":{"line":2,"column":46},"end":{"line":4,"column":5}},"line":2}},"branchMap":{},"s":{"0":1,"1":3},"f":{"0":3},"b":{},"_coverageSchema":"1a1c01bbd47fc00a2c39e90264f33305004495a9","hash":"efcaa6e15677c8c1503709fb239483933a56fb93"}
,"/Users/Shanaya/Desktop/Compilers/realhotgirlscript/ast/tuple-expression.js": {"path":"/Users/Shanaya/Desktop/Compilers/realhotgirlscript/ast/tuple-expression.js","statementMap":{"0":{"start":{"line":1,"column":18},"end":{"line":1,"column":41}},"1":{"start":{"line":3,"column":0},"end":{"line":7,"column":2}},"2":{"start":{"line":5,"column":4},"end":{"line":5,"column":33}}},"fnMap":{"0":{"name":"(anonymous_0)","decl":{"start":{"line":4,"column":2},"end":{"line":4,"column":3}},"loc":{"start":{"line":4,"column":26},"end":{"line":6,"column":3}},"line":4}},"branchMap":{},"s":{"0":1,"1":1,"2":4},"f":{"0":4},"b":{},"_coverageSchema":"1a1c01bbd47fc00a2c39e90264f33305004495a9","hash":"b601790fe2c3687e799975c5bc840fee90b4eac9"}
,"/Users/Shanaya/Desktop/Compilers/realhotgirlscript/ast/tuple-type.js": {"path":"/Users/Shanaya/Desktop/Compilers/realhotgirlscript/ast/tuple-type.js","statementMap":{"0":{"start":{"line":1,"column":0},"end":{"line":5,"column":2}},"1":{"start":{"line":3,"column":4},"end":{"line":3,"column":55}}},"fnMap":{"0":{"name":"(anonymous_0)","decl":{"start":{"line":2,"column":2},"end":{"line":2,"column":3}},"loc":{"start":{"line":2,"column":41},"end":{"line":4,"column":3}},"line":2}},"branchMap":{},"s":{"0":1,"1":7},"f":{"0":7},"b":{},"_coverageSchema":"1a1c01bbd47fc00a2c39e90264f33305004495a9","hash":"40fbf0eb9d7c3f84b2be7bdfc1063676603f7731"}
,"/Users/Shanaya/Desktop/Compilers/realhotgirlscript/ast/unary-expression.js": {"path":"/Users/Shanaya/Desktop/Compilers/realhotgirlscript/ast/unary-expression.js","statementMap":{"0":{"start":{"line":1,"column":0},"end":{"line":5,"column":2}},"1":{"start":{"line":3,"column":4},"end":{"line":3,"column":39}}},"fnMap":{"0":{"name":"(anonymous_0)","decl":{"start":{"line":2,"column":2},"end":{"line":2,"column":3}},"loc":{"start":{"line":2,"column":27},"end":{"line":4,"column":3}},"line":2}},"branchMap":{},"s":{"0":1,"1":15},"f":{"0":15},"b":{},"_coverageSchema":"1a1c01bbd47fc00a2c39e90264f33305004495a9","hash":"5134c4344537a2d6e7ace38841427f120bfe6d0b"}
,"/Users/Shanaya/Desktop/Compilers/realhotgirlscript/ast/variable-declaration.js": {"path":"/Users/Shanaya/Desktop/Compilers/realhotgirlscript/ast/variable-declaration.js","statementMap":{"0":{"start":{"line":1,"column":0},"end":{"line":5,"column":2}},"1":{"start":{"line":3,"column":4},"end":{"line":3,"column":62}}},"fnMap":{"0":{"name":"(anonymous_0)","decl":{"start":{"line":2,"column":2},"end":{"line":2,"column":3}},"loc":{"start":{"line":2,"column":48},"end":{"line":4,"column":3}},"line":2}},"branchMap":{},"s":{"0":1,"1":59},"f":{"0":59},"b":{},"_coverageSchema":"1a1c01bbd47fc00a2c39e90264f33305004495a9","hash":"7c1af781ef24b79ac668bfe359f9f9e0d81d81d9"}
,"/Users/Shanaya/Desktop/Compilers/realhotgirlscript/ast/while-statement.js": {"path":"/Users/Shanaya/Desktop/Compilers/realhotgirlscript/ast/while-statement.js","statementMap":{"0":{"start":{"line":1,"column":0},"end":{"line":5,"column":2}},"1":{"start":{"line":3,"column":4},"end":{"line":3,"column":46}}},"fnMap":{"0":{"name":"(anonymous_0)","decl":{"start":{"line":2,"column":2},"end":{"line":2,"column":3}},"loc":{"start":{"line":2,"column":32},"end":{"line":4,"column":3}},"line":2}},"branchMap":{},"s":{"0":1,"1":7},"f":{"0":7},"b":{},"_coverageSchema":"1a1c01bbd47fc00a2c39e90264f33305004495a9","hash":"627dd57a3bdfd051617a5349ef951346763027df"}
,"/Users/Shanaya/Desktop/Compilers/realhotgirlscript/syntax/parser.js": {"path":"/Users/Shanaya/Desktop/Compilers/realhotgirlscript/syntax/parser.js","statementMap":{"0":{"start":{"line":1,"column":11},"end":{"line":1,"column":24}},"1":{"start":{"line":3,"column":12},"end":{"line":3,"column":29}},"2":{"start":{"line":5,"column":24},"end":{"line":5,"column":58}},"3":{"start":{"line":6,"column":18},"end":{"line":6,"column":46}},"4":{"start":{"line":7,"column":28},"end":{"line":7,"column":66}},"5":{"start":{"line":8,"column":25},"end":{"line":8,"column":60}},"6":{"start":{"line":9,"column":14},"end":{"line":9,"column":37}},"7":{"start":{"line":10,"column":20},"end":{"line":10,"column":50}},"8":{"start":{"line":11,"column":23},"end":{"line":11,"column":56}},"9":{"start":{"line":12,"column":13},"end":{"line":12,"column":35}},"10":{"start":{"line":13,"column":25},"end":{"line":13,"column":60}},"11":{"start":{"line":14,"column":16},"end":{"line":14,"column":41}},"12":{"start":{"line":15,"column":26},"end":{"line":15,"column":62}},"13":{"start":{"line":16,"column":23},"end":{"line":16,"column":56}},"14":{"start":{"line":17,"column":17},"end":{"line":17,"column":44}},"15":{"start":{"line":18,"column":28},"end":{"line":18,"column":66}},"16":{"start":{"line":19,"column":20},"end":{"line":19,"column":50}},"17":{"start":{"line":20,"column":17},"end":{"line":20,"column":44}},"18":{"start":{"line":21,"column":16},"end":{"line":21,"column":46}},"19":{"start":{"line":22,"column":13},"end":{"line":22,"column":35}},"20":{"start":{"line":23,"column":23},"end":{"line":23,"column":56}},"21":{"start":{"line":24,"column":17},"end":{"line":24,"column":48}},"22":{"start":{"line":25,"column":14},"end":{"line":25,"column":37}},"23":{"start":{"line":26,"column":16},"end":{"line":26,"column":41}},"24":{"start":{"line":27,"column":24},"end":{"line":27,"column":58}},"25":{"start":{"line":28,"column":20},"end":{"line":28,"column":50}},"26":{"start":{"line":29,"column":22},"end":{"line":29,"column":54}},"27":{"start":{"line":30,"column":16},"end":{"line":30,"column":42}},"28":{"start":{"line":31,"column":19},"end":{"line":31,"column":48}},"29":{"start":{"line":32,"column":24},"end":{"line":32,"column":58}},"30":{"start":{"line":33,"column":24},"end":{"line":33,"column":63}},"31":{"start":{"line":34,"column":18},"end":{"line":34,"column":46}},"32":{"start":{"line":35,"column":24},"end":{"line":35,"column":58}},"33":{"start":{"line":36,"column":24},"end":{"line":36,"column":58}},"34":{"start":{"line":37,"column":28},"end":{"line":37,"column":66}},"35":{"start":{"line":38,"column":23},"end":{"line":38,"column":56}},"36":{"start":{"line":39,"column":13},"end":{"line":39,"column":35}},"37":{"start":{"line":40,"column":26},"end":{"line":40,"column":63}},"38":{"start":{"line":41,"column":30},"end":{"line":41,"column":70}},"39":{"start":{"line":42,"column":29},"end":{"line":42,"column":68}},"40":{"start":{"line":43,"column":30},"end":{"line":43,"column":70}},"41":{"start":{"line":44,"column":18},"end":{"line":44,"column":45}},"42":{"start":{"line":45,"column":17},"end":{"line":45,"column":43}},"43":{"start":{"line":46,"column":22},"end":{"line":46,"column":54}},"44":{"start":{"line":47,"column":23},"end":{"line":47,"column":56}},"45":{"start":{"line":48,"column":15},"end":{"line":48,"column":40}},"46":{"start":{"line":49,"column":23},"end":{"line":49,"column":56}},"47":{"start":{"line":50,"column":17},"end":{"line":50,"column":43}},"48":{"start":{"line":51,"column":17},"end":{"line":51,"column":43}},"49":{"start":{"line":52,"column":20},"end":{"line":52,"column":42}},"50":{"start":{"line":54,"column":26},"end":{"line":56,"column":1}},"51":{"start":{"line":59,"column":2},"end":{"line":59,"column":38}},"52":{"start":{"line":63,"column":21},"end":{"line":358,"column":2}},"53":{"start":{"line":65,"column":4},"end":{"line":65,"column":40}},"54":{"start":{"line":68,"column":4},"end":{"line":68,"column":27}},"55":{"start":{"line":71,"column":4},"end":{"line":71,"column":68}},"56":{"start":{"line":74,"column":4},"end":{"line":80,"column":6}},"57":{"start":{"line":83,"column":4},"end":{"line":83,"column":60}},"58":{"start":{"line":87,"column":18},"end":{"line":87,"column":55}},"59":{"start":{"line":88,"column":24},"end":{"line":88,"column":63}},"60":{"start":{"line":89,"column":22},"end":{"line":89,"column":54}},"61":{"start":{"line":90,"column":4},"end":{"line":90,"column":58}},"62":{"start":{"line":94,"column":4},"end":{"line":98,"column":6}},"63":{"start":{"line":114,"column":4},"end":{"line":122,"column":6}},"64":{"start":{"line":126,"column":4},"end":{"line":126,"column":68}},"65":{"start":{"line":131,"column":4},"end":{"line":136,"column":6}},"66":{"start":{"line":140,"column":4},"end":{"line":140,"column":63}},"67":{"start":{"line":144,"column":4},"end":{"line":144,"column":43}},"68":{"start":{"line":148,"column":4},"end":{"line":148,"column":48}},"69":{"start":{"line":152,"column":4},"end":{"line":152,"column":32}},"70":{"start":{"line":156,"column":4},"end":{"line":156,"column":35}},"71":{"start":{"line":160,"column":4},"end":{"line":160,"column":66}},"72":{"start":{"line":164,"column":4},"end":{"line":164,"column":39}},"73":{"start":{"line":168,"column":4},"end":{"line":168,"column":32}},"74":{"start":{"line":172,"column":4},"end":{"line":172,"column":50}},"75":{"start":{"line":176,"column":4},"end":{"line":176,"column":39}},"76":{"start":{"line":180,"column":4},"end":{"line":180,"column":67}},"77":{"start":{"line":184,"column":4},"end":{"line":184,"column":67}},"78":{"start":{"line":188,"column":4},"end":{"line":188,"column":67}},"79":{"start":{"line":192,"column":4},"end":{"line":192,"column":67}},"80":{"start":{"line":196,"column":4},"end":{"line":196,"column":67}},"81":{"start":{"line":200,"column":4},"end":{"line":200,"column":56}},"82":{"start":{"line":204,"column":4},"end":{"line":204,"column":56}},"83":{"start":{"line":208,"column":4},"end":{"line":208,"column":56}},"84":{"start":{"line":212,"column":4},"end":{"line":212,"column":67}},"85":{"start":{"line":216,"column":4},"end":{"line":216,"column":51}},"86":{"start":{"line":220,"column":4},"end":{"line":220,"column":49}},"87":{"start":{"line":224,"column":4},"end":{"line":224,"column":47}},"88":{"start":{"line":228,"column":4},"end":{"line":228,"column":48}},"89":{"start":{"line":232,"column":4},"end":{"line":232,"column":49}},"90":{"start":{"line":236,"column":4},"end":{"line":236,"column":28}},"91":{"start":{"line":240,"column":4},"end":{"line":240,"column":57}},"92":{"start":{"line":244,"column":4},"end":{"line":244,"column":71}},"93":{"start":{"line":248,"column":4},"end":{"line":248,"column":70}},"94":{"start":{"line":252,"column":4},"end":{"line":252,"column":61}},"95":{"start":{"line":256,"column":4},"end":{"line":256,"column":46}},"96":{"start":{"line":260,"column":4},"end":{"line":260,"column":47}},"97":{"start":{"line":264,"column":4},"end":{"line":268,"column":6}},"98":{"start":{"line":272,"column":4},"end":{"line":272,"column":64}},"99":{"start":{"line":276,"column":4},"end":{"line":276,"column":52}},"100":{"start":{"line":280,"column":4},"end":{"line":280,"column":32}},"101":{"start":{"line":284,"column":4},"end":{"line":284,"column":40}},"102":{"start":{"line":288,"column":4},"end":{"line":288,"column":14}},"103":{"start":{"line":292,"column":4},"end":{"line":292,"column":29}},"104":{"start":{"line":296,"column":4},"end":{"line":296,"column":25}},"105":{"start":{"line":300,"column":4},"end":{"line":300,"column":26}},"106":{"start":{"line":304,"column":4},"end":{"line":304,"column":28}},"107":{"start":{"line":308,"column":4},"end":{"line":308,"column":29}},"108":{"start":{"line":312,"column":4},"end":{"line":312,"column":48}},"109":{"start":{"line":316,"column":4},"end":{"line":316,"column":47}},"110":{"start":{"line":320,"column":4},"end":{"line":320,"column":69}},"111":{"start":{"line":324,"column":4},"end":{"line":324,"column":73}},"112":{"start":{"line":328,"column":4},"end":{"line":333,"column":6}},"113":{"start":{"line":337,"column":4},"end":{"line":337,"column":49}},"114":{"start":{"line":341,"column":4},"end":{"line":341,"column":48}},"115":{"start":{"line":345,"column":4},"end":{"line":345,"column":29}},"116":{"start":{"line":349,"column":4},"end":{"line":349,"column":43}},"117":{"start":{"line":353,"column":4},"end":{"line":353,"column":70}},"118":{"start":{"line":356,"column":4},"end":{"line":356,"column":29}},"119":{"start":{"line":361,"column":0},"end":{"line":367,"column":2}},"120":{"start":{"line":362,"column":16},"end":{"line":362,"column":45}},"121":{"start":{"line":363,"column":2},"end":{"line":365,"column":3}},"122":{"start":{"line":364,"column":4},"end":{"line":364,"column":54}},"123":{"start":{"line":366,"column":2},"end":{"line":366,"column":35}}},"fnMap":{"0":{"name":"arrayToNullable","decl":{"start":{"line":58,"column":9},"end":{"line":58,"column":24}},"loc":{"start":{"line":58,"column":28},"end":{"line":60,"column":1}},"line":58},"1":{"name":"(anonymous_1)","decl":{"start":{"line":64,"column":2},"end":{"line":64,"column":3}},"loc":{"start":{"line":64,"column":21},"end":{"line":66,"column":3}},"line":64},"2":{"name":"(anonymous_2)","decl":{"start":{"line":67,"column":2},"end":{"line":67,"column":3}},"loc":{"start":{"line":67,"column":28},"end":{"line":69,"column":3}},"line":67},"3":{"name":"(anonymous_3)","decl":{"start":{"line":70,"column":2},"end":{"line":70,"column":3}},"loc":{"start":{"line":70,"column":43},"end":{"line":72,"column":3}},"line":70},"4":{"name":"(anonymous_4)","decl":{"start":{"line":73,"column":2},"end":{"line":73,"column":3}},"loc":{"start":{"line":73,"column":59},"end":{"line":81,"column":3}},"line":73},"5":{"name":"(anonymous_5)","decl":{"start":{"line":82,"column":2},"end":{"line":82,"column":3}},"loc":{"start":{"line":82,"column":34},"end":{"line":84,"column":3}},"line":82},"6":{"name":"(anonymous_6)","decl":{"start":{"line":86,"column":2},"end":{"line":86,"column":3}},"loc":{"start":{"line":86,"column":79},"end":{"line":91,"column":3}},"line":86},"7":{"name":"(anonymous_7)","decl":{"start":{"line":93,"column":2},"end":{"line":93,"column":3}},"loc":{"start":{"line":93,"column":56},"end":{"line":99,"column":3}},"line":93},"8":{"name":"(anonymous_8)","decl":{"start":{"line":101,"column":2},"end":{"line":101,"column":3}},"loc":{"start":{"line":113,"column":4},"end":{"line":123,"column":3}},"line":113},"9":{"name":"(anonymous_9)","decl":{"start":{"line":125,"column":2},"end":{"line":125,"column":3}},"loc":{"start":{"line":125,"column":48},"end":{"line":127,"column":3}},"line":125},"10":{"name":"(anonymous_10)","decl":{"start":{"line":130,"column":2},"end":{"line":130,"column":3}},"loc":{"start":{"line":130,"column":58},"end":{"line":137,"column":3}},"line":130},"11":{"name":"(anonymous_11)","decl":{"start":{"line":139,"column":2},"end":{"line":139,"column":3}},"loc":{"start":{"line":139,"column":39},"end":{"line":141,"column":3}},"line":139},"12":{"name":"(anonymous_12)","decl":{"start":{"line":143,"column":2},"end":{"line":143,"column":3}},"loc":{"start":{"line":143,"column":24},"end":{"line":145,"column":3}},"line":143},"13":{"name":"(anonymous_13)","decl":{"start":{"line":147,"column":2},"end":{"line":147,"column":3}},"loc":{"start":{"line":147,"column":31},"end":{"line":149,"column":3}},"line":147},"14":{"name":"(anonymous_14)","decl":{"start":{"line":151,"column":2},"end":{"line":151,"column":3}},"loc":{"start":{"line":151,"column":22},"end":{"line":153,"column":3}},"line":151},"15":{"name":"(anonymous_15)","decl":{"start":{"line":155,"column":2},"end":{"line":155,"column":3}},"loc":{"start":{"line":155,"column":25},"end":{"line":157,"column":3}},"line":155},"16":{"name":"(anonymous_16)","decl":{"start":{"line":159,"column":2},"end":{"line":159,"column":3}},"loc":{"start":{"line":159,"column":35},"end":{"line":161,"column":3}},"line":159},"17":{"name":"(anonymous_17)","decl":{"start":{"line":163,"column":2},"end":{"line":163,"column":3}},"loc":{"start":{"line":163,"column":28},"end":{"line":165,"column":3}},"line":163},"18":{"name":"(anonymous_18)","decl":{"start":{"line":167,"column":2},"end":{"line":167,"column":3}},"loc":{"start":{"line":167,"column":16},"end":{"line":169,"column":3}},"line":167},"19":{"name":"(anonymous_19)","decl":{"start":{"line":171,"column":2},"end":{"line":171,"column":3}},"loc":{"start":{"line":171,"column":28},"end":{"line":173,"column":3}},"line":171},"20":{"name":"(anonymous_20)","decl":{"start":{"line":175,"column":2},"end":{"line":175,"column":3}},"loc":{"start":{"line":175,"column":23},"end":{"line":177,"column":3}},"line":175},"21":{"name":"(anonymous_21)","decl":{"start":{"line":179,"column":2},"end":{"line":179,"column":3}},"loc":{"start":{"line":179,"column":26},"end":{"line":181,"column":3}},"line":179},"22":{"name":"(anonymous_22)","decl":{"start":{"line":183,"column":2},"end":{"line":183,"column":3}},"loc":{"start":{"line":183,"column":27},"end":{"line":185,"column":3}},"line":183},"23":{"name":"(anonymous_23)","decl":{"start":{"line":187,"column":2},"end":{"line":187,"column":3}},"loc":{"start":{"line":187,"column":31},"end":{"line":189,"column":3}},"line":187},"24":{"name":"(anonymous_24)","decl":{"start":{"line":191,"column":2},"end":{"line":191,"column":3}},"loc":{"start":{"line":191,"column":31},"end":{"line":193,"column":3}},"line":191},"25":{"name":"(anonymous_25)","decl":{"start":{"line":195,"column":2},"end":{"line":195,"column":3}},"loc":{"start":{"line":195,"column":31},"end":{"line":197,"column":3}},"line":195},"26":{"name":"(anonymous_26)","decl":{"start":{"line":199,"column":2},"end":{"line":199,"column":3}},"loc":{"start":{"line":199,"column":26},"end":{"line":201,"column":3}},"line":199},"27":{"name":"(anonymous_27)","decl":{"start":{"line":203,"column":2},"end":{"line":203,"column":3}},"loc":{"start":{"line":203,"column":29},"end":{"line":205,"column":3}},"line":203},"28":{"name":"(anonymous_28)","decl":{"start":{"line":207,"column":2},"end":{"line":207,"column":3}},"loc":{"start":{"line":207,"column":30},"end":{"line":209,"column":3}},"line":207},"29":{"name":"(anonymous_29)","decl":{"start":{"line":211,"column":2},"end":{"line":211,"column":3}},"loc":{"start":{"line":211,"column":39},"end":{"line":213,"column":3}},"line":211},"30":{"name":"(anonymous_30)","decl":{"start":{"line":215,"column":2},"end":{"line":215,"column":3}},"loc":{"start":{"line":215,"column":47},"end":{"line":217,"column":3}},"line":215},"31":{"name":"(anonymous_31)","decl":{"start":{"line":219,"column":2},"end":{"line":219,"column":3}},"loc":{"start":{"line":219,"column":34},"end":{"line":221,"column":3}},"line":219},"32":{"name":"(anonymous_32)","decl":{"start":{"line":223,"column":2},"end":{"line":223,"column":3}},"loc":{"start":{"line":223,"column":31},"end":{"line":225,"column":3}},"line":223},"33":{"name":"(anonymous_33)","decl":{"start":{"line":227,"column":2},"end":{"line":227,"column":3}},"loc":{"start":{"line":227,"column":32},"end":{"line":229,"column":3}},"line":227},"34":{"name":"(anonymous_34)","decl":{"start":{"line":231,"column":2},"end":{"line":231,"column":3}},"loc":{"start":{"line":231,"column":33},"end":{"line":233,"column":3}},"line":231},"35":{"name":"(anonymous_35)","decl":{"start":{"line":235,"column":2},"end":{"line":235,"column":3}},"loc":{"start":{"line":235,"column":34},"end":{"line":237,"column":3}},"line":235},"36":{"name":"(anonymous_36)","decl":{"start":{"line":239,"column":2},"end":{"line":239,"column":3}},"loc":{"start":{"line":239,"column":26},"end":{"line":241,"column":3}},"line":239},"37":{"name":"(anonymous_37)","decl":{"start":{"line":243,"column":2},"end":{"line":243,"column":3}},"loc":{"start":{"line":243,"column":31},"end":{"line":245,"column":3}},"line":243},"38":{"name":"(anonymous_38)","decl":{"start":{"line":247,"column":2},"end":{"line":247,"column":3}},"loc":{"start":{"line":247,"column":50},"end":{"line":249,"column":3}},"line":247},"39":{"name":"(anonymous_39)","decl":{"start":{"line":251,"column":2},"end":{"line":251,"column":3}},"loc":{"start":{"line":251,"column":32},"end":{"line":253,"column":3}},"line":251},"40":{"name":"(anonymous_40)","decl":{"start":{"line":255,"column":2},"end":{"line":255,"column":3}},"loc":{"start":{"line":255,"column":20},"end":{"line":257,"column":3}},"line":255},"41":{"name":"(anonymous_41)","decl":{"start":{"line":259,"column":2},"end":{"line":259,"column":3}},"loc":{"start":{"line":259,"column":13},"end":{"line":261,"column":3}},"line":259},"42":{"name":"(anonymous_42)","decl":{"start":{"line":263,"column":2},"end":{"line":263,"column":3}},"loc":{"start":{"line":263,"column":33},"end":{"line":269,"column":3}},"line":263},"43":{"name":"(anonymous_43)","decl":{"start":{"line":271,"column":2},"end":{"line":271,"column":3}},"loc":{"start":{"line":271,"column":31},"end":{"line":273,"column":3}},"line":271},"44":{"name":"(anonymous_44)","decl":{"start":{"line":275,"column":2},"end":{"line":275,"column":3}},"loc":{"start":{"line":275,"column":32},"end":{"line":277,"column":3}},"line":275},"45":{"name":"(anonymous_45)","decl":{"start":{"line":279,"column":2},"end":{"line":279,"column":3}},"loc":{"start":{"line":279,"column":14},"end":{"line":281,"column":3}},"line":279},"46":{"name":"(anonymous_46)","decl":{"start":{"line":283,"column":2},"end":{"line":283,"column":3}},"loc":{"start":{"line":283,"column":33},"end":{"line":285,"column":3}},"line":283},"47":{"name":"(anonymous_47)","decl":{"start":{"line":287,"column":2},"end":{"line":287,"column":3}},"loc":{"start":{"line":287,"column":16},"end":{"line":289,"column":3}},"line":287},"48":{"name":"(anonymous_48)","decl":{"start":{"line":291,"column":2},"end":{"line":291,"column":3}},"loc":{"start":{"line":291,"column":12},"end":{"line":293,"column":3}},"line":291},"49":{"name":"(anonymous_49)","decl":{"start":{"line":295,"column":2},"end":{"line":295,"column":3}},"loc":{"start":{"line":295,"column":13},"end":{"line":297,"column":3}},"line":295},"50":{"name":"(anonymous_50)","decl":{"start":{"line":299,"column":2},"end":{"line":299,"column":3}},"loc":{"start":{"line":299,"column":14},"end":{"line":301,"column":3}},"line":299},"51":{"name":"(anonymous_51)","decl":{"start":{"line":303,"column":2},"end":{"line":303,"column":3}},"loc":{"start":{"line":303,"column":16},"end":{"line":305,"column":3}},"line":303},"52":{"name":"(anonymous_52)","decl":{"start":{"line":307,"column":2},"end":{"line":307,"column":3}},"loc":{"start":{"line":307,"column":17},"end":{"line":309,"column":3}},"line":307},"53":{"name":"(anonymous_53)","decl":{"start":{"line":311,"column":2},"end":{"line":311,"column":3}},"loc":{"start":{"line":311,"column":31},"end":{"line":313,"column":3}},"line":311},"54":{"name":"(anonymous_54)","decl":{"start":{"line":315,"column":2},"end":{"line":315,"column":3}},"loc":{"start":{"line":315,"column":30},"end":{"line":317,"column":3}},"line":315},"55":{"name":"(anonymous_55)","decl":{"start":{"line":319,"column":2},"end":{"line":319,"column":3}},"loc":{"start":{"line":319,"column":50},"end":{"line":321,"column":3}},"line":319},"56":{"name":"(anonymous_56)","decl":{"start":{"line":323,"column":2},"end":{"line":323,"column":3}},"loc":{"start":{"line":323,"column":54},"end":{"line":325,"column":3}},"line":323},"57":{"name":"(anonymous_57)","decl":{"start":{"line":327,"column":2},"end":{"line":327,"column":3}},"loc":{"start":{"line":327,"column":39},"end":{"line":334,"column":3}},"line":327},"58":{"name":"(anonymous_58)","decl":{"start":{"line":336,"column":2},"end":{"line":336,"column":3}},"loc":{"start":{"line":336,"column":13},"end":{"line":338,"column":3}},"line":336},"59":{"name":"(anonymous_59)","decl":{"start":{"line":340,"column":2},"end":{"line":340,"column":3}},"loc":{"start":{"line":340,"column":24},"end":{"line":342,"column":3}},"line":340},"60":{"name":"(anonymous_60)","decl":{"start":{"line":344,"column":2},"end":{"line":344,"column":3}},"loc":{"start":{"line":344,"column":14},"end":{"line":346,"column":3}},"line":344},"61":{"name":"(anonymous_61)","decl":{"start":{"line":348,"column":2},"end":{"line":348,"column":3}},"loc":{"start":{"line":348,"column":17},"end":{"line":350,"column":3}},"line":348},"62":{"name":"(anonymous_62)","decl":{"start":{"line":352,"column":2},"end":{"line":352,"column":3}},"loc":{"start":{"line":352,"column":30},"end":{"line":354,"column":3}},"line":352},"63":{"name":"(anonymous_63)","decl":{"start":{"line":355,"column":2},"end":{"line":355,"column":3}},"loc":{"start":{"line":355,"column":13},"end":{"line":357,"column":3}},"line":355},"64":{"name":"(anonymous_64)","decl":{"start":{"line":361,"column":17},"end":{"line":361,"column":18}},"loc":{"start":{"line":361,"column":25},"end":{"line":367,"column":1}},"line":361}},"branchMap":{"0":{"loc":{"start":{"line":59,"column":9},"end":{"line":59,"column":37}},"type":"cond-expr","locations":[{"start":{"line":59,"column":26},"end":{"line":59,"column":30}},{"start":{"line":59,"column":33},"end":{"line":59,"column":37}}],"line":59},"1":{"loc":{"start":{"line":363,"column":2},"end":{"line":365,"column":3}},"type":"if","locations":[{"start":{"line":363,"column":2},"end":{"line":365,"column":3}},{"start":{"line":363,"column":2},"end":{"line":365,"column":3}}],"line":363}},"s":{"0":1,"1":1,"2":1,"3":1,"4":1,"5":1,"6":1,"7":1,"8":1,"9":1,"10":1,"11":1,"12":1,"13":1,"14":1,"15":1,"16":1,"17":1,"18":1,"19":1,"20":1,"21":1,"22":1,"23":1,"24":1,"25":1,"26":1,"27":1,"28":1,"29":1,"30":1,"31":1,"32":1,"33":1,"34":1,"35":1,"36":1,"37":1,"38":1,"39":1,"40":1,"41":1,"42":1,"43":1,"44":1,"45":1,"46":1,"47":1,"48":1,"49":1,"50":1,"51":849,"52":1,"53":29,"54":256,"55":8,"56":57,"57":7,"58":30,"59":30,"60":30,"61":30,"62":3,"63":6,"64":12,"65":59,"66":15,"67":36,"68":100,"69":11,"70":4,"71":14,"72":166,"73":100,"74":6,"75":3,"76":4,"77":4,"78":57,"79":20,"80":9,"81":7,"82":1,"83":7,"84":3,"85":2,"86":2,"87":4,"88":5,"89":4,"90":35,"91":12,"92":37,"93":2,"94":2,"95":136,"96":59,"97":43,"98":34,"99":14,"100":2,"101":222,"102":43,"103":392,"104":102,"105":1,"106":26,"107":29,"108":5,"109":7,"110":7,"111":7,"112":202,"113":13,"114":134,"115":238,"116":2,"117":2,"118":5,"119":1,"120":33,"121":33,"122":4,"123":29},"f":{"0":849,"1":29,"2":256,"3":8,"4":57,"5":7,"6":30,"7":3,"8":6,"9":12,"10":59,"11":15,"12":36,"13":100,"14":11,"15":4,"16":14,"17":166,"18":100,"19":6,"20":3,"21":4,"22":4,"23":57,"24":20,"25":9,"26":7,"27":1,"28":7,"29":3,"30":2,"31":2,"32":4,"33":5,"34":4,"35":35,"36":12,"37":37,"38":2,"39":2,"40":136,"41":59,"42":43,"43":34,"44":14,"45":2,"46":222,"47":43,"48":392,"49":102,"50":1,"51":26,"52":29,"53":5,"54":7,"55":7,"56":7,"57":202,"58":13,"59":134,"60":238,"61":2,"62":2,"63":5,"64":33},"b":{"0":[772,77],"1":[4,29]},"_coverageSchema":"1a1c01bbd47fc00a2c39e90264f33305004495a9","hash":"cf02cde9f0dfd79cdb79f871b00954acfb5a4310"}
}
