TN:
SF:ast/None.js
FNF:0
FNH:0
DA:1,2
LF:1
LH:1
BRF:0
BRH:0
end_of_record
TN:
SF:ast/argument.js
FN:2,(anonymous_0)
FNF:1
FNH:1
FNDA:37,(anonymous_0)
DA:1,2
DA:3,37
LF:2
LH:2
BRF:0
BRH:0
end_of_record
TN:
SF:ast/array-expression.js
FN:2,(anonymous_0)
FNF:1
FNH:1
FNDA:6,(anonymous_0)
DA:1,2
DA:3,6
LF:2
LH:2
BRF:0
BRH:0
end_of_record
TN:
SF:ast/array-type.js
FN:2,(anonymous_0)
FNF:1
FNH:1
FNDA:8,(anonymous_0)
DA:1,2
DA:3,8
LF:2
LH:2
BRF:0
BRH:0
end_of_record
TN:
SF:ast/assignment-statement.js
FN:2,(anonymous_0)
FNF:1
FNH:1
FNDA:24,(anonymous_0)
DA:1,2
DA:3,24
LF:2
LH:2
BRF:0
BRH:0
end_of_record
TN:
SF:ast/binary-expression.js
FN:2,(anonymous_0)
FNF:1
FNH:1
FNDA:137,(anonymous_0)
DA:1,2
DA:3,137
LF:2
LH:2
BRF:0
BRH:0
end_of_record
TN:
SF:ast/block.js
FN:2,(anonymous_0)
FNF:1
FNH:1
FNDA:191,(anonymous_0)
DA:1,2
DA:3,191
LF:2
LH:2
BRF:0
BRH:0
end_of_record
TN:
SF:ast/boolean-literal.js
FN:2,(anonymous_0)
FNF:1
FNH:1
FNDA:21,(anonymous_0)
DA:1,2
DA:3,21
LF:2
LH:2
BRF:0
BRH:0
end_of_record
TN:
SF:ast/boolean-type.js
FNF:0
FNH:0
DA:1,2
LF:1
LH:1
BRF:0
BRH:0
end_of_record
TN:
SF:ast/break-statement.js
FNF:0
FNH:0
DA:1,2
LF:1
LH:1
BRF:0
BRH:0
end_of_record
TN:
SF:ast/call.js
FN:2,(anonymous_0)
FNF:1
FNH:1
FNDA:38,(anonymous_0)
DA:1,2
DA:3,38
LF:2
LH:2
BRF:0
BRH:0
end_of_record
TN:
SF:ast/case.js
FN:2,(anonymous_0)
FNF:1
FNH:1
FNDA:8,(anonymous_0)
DA:1,2
DA:3,8
LF:2
LH:2
BRF:0
BRH:0
end_of_record
TN:
SF:ast/class-declaration.js
FN:2,(anonymous_0)
FNF:1
FNH:1
FNDA:8,(anonymous_0)
DA:1,2
DA:3,8
LF:2
LH:2
BRF:0
BRH:0
end_of_record
TN:
SF:ast/closure.js
FN:2,(anonymous_0)
FNF:1
FNH:1
FNDA:2,(anonymous_0)
DA:1,2
DA:3,2
LF:2
LH:2
BRF:0
BRH:0
end_of_record
TN:
SF:ast/continue-statement.js
FNF:0
FNH:0
DA:1,2
LF:1
LH:1
BRF:0
BRH:0
end_of_record
TN:
SF:ast/default-case.js
FN:2,(anonymous_0)
FNF:1
FNH:1
FNDA:4,(anonymous_0)
DA:1,2
DA:3,4
LF:2
LH:2
BRF:0
BRH:0
end_of_record
TN:
SF:ast/dict-expression.js
FN:2,(anonymous_0)
FNF:1
FNH:1
FNDA:6,(anonymous_0)
DA:1,2
DA:3,6
LF:2
LH:2
BRF:0
BRH:0
end_of_record
TN:
SF:ast/dict-type.js
FN:2,(anonymous_0)
FNF:1
FNH:1
FNDA:10,(anonymous_0)
DA:1,2
DA:3,10
LF:2
LH:2
BRF:0
BRH:0
end_of_record
TN:
SF:ast/exponent.js
FN:2,(anonymous_0)
FNF:1
FNH:1
FNDA:2,(anonymous_0)
DA:1,2
DA:3,2
LF:2
LH:2
BRF:0
BRH:0
end_of_record
TN:
SF:ast/fraction.js
FN:2,(anonymous_0)
FNF:1
FNH:1
FNDA:2,(anonymous_0)
DA:1,2
DA:3,2
LF:2
LH:2
BRF:0
BRH:0
end_of_record
TN:
SF:ast/function-declaration.js
FN:2,(anonymous_0)
FNF:1
FNH:1
FNDA:66,(anonymous_0)
DA:1,2
DA:3,66
LF:2
LH:2
BRF:0
BRH:0
end_of_record
TN:
SF:ast/function-object.js
FN:5,(anonymous_0)
FNF:1
FNH:1
FNDA:1,(anonymous_0)
DA:1,1
DA:2,1
DA:4,1
DA:6,1
LF:4
LH:4
BRF:0
BRH:0
end_of_record
TN:
SF:ast/id-type.js
FN:2,(anonymous_0)
FNF:1
FNH:1
FNDA:4,(anonymous_0)
DA:1,2
DA:3,4
LF:2
LH:2
BRF:0
BRH:0
end_of_record
TN:
SF:ast/identifier-declaration.js
FN:2,(anonymous_0)
FNF:1
FNH:1
FNDA:104,(anonymous_0)
DA:1,2
DA:3,104
LF:2
LH:2
BRF:0
BRH:0
end_of_record
TN:
SF:ast/identifier-expression.js
FN:2,(anonymous_0)
FNF:1
FNH:1
FNDA:196,(anonymous_0)
DA:1,2
DA:3,196
LF:2
LH:2
BRF:0
BRH:0
end_of_record
TN:
SF:ast/if-statement.js
FN:2,(anonymous_0)
FNF:1
FNH:1
FNDA:36,(anonymous_0)
DA:1,2
DA:3,36
LF:2
LH:2
BRF:0
BRH:0
end_of_record
TN:
SF:ast/keyvalue-expression.js
FN:2,(anonymous_0)
FNF:1
FNH:1
FNDA:15,(anonymous_0)
DA:1,2
DA:3,15
LF:2
LH:2
BRF:0
BRH:0
end_of_record
TN:
SF:ast/long-type.js
FNF:0
FNH:0
DA:1,2
LF:1
LH:1
BRF:0
BRH:0
end_of_record
TN:
SF:ast/loop.js
FN:4,(anonymous_0)
FN:27,(anonymous_1)
FNF:2
FNH:2
FNDA:7,(anonymous_0)
FNDA:12,(anonymous_1)
DA:13,7
DA:14,7
DA:28,12
DA:29,12
DA:33,2
LF:5
LH:5
BRF:0
BRH:0
end_of_record
TN:
SF:ast/member-expression.js
FN:2,(anonymous_0)
FNF:1
FNH:0
FNDA:0,(anonymous_0)
DA:1,1
DA:3,0
LF:2
LH:1
BRF:0
BRH:0
end_of_record
TN:
SF:ast/numeric-literal.js
FN:2,(anonymous_0)
FNF:1
FNH:1
FNDA:266,(anonymous_0)
DA:1,2
DA:3,266
LF:2
LH:2
BRF:0
BRH:0
end_of_record
TN:
SF:ast/numeric-type.js
FNF:0
FNH:0
DA:1,2
LF:1
LH:1
BRF:0
BRH:0
end_of_record
TN:
SF:ast/optional-type.js
FN:2,(anonymous_0)
FNF:1
FNH:1
FNDA:14,(anonymous_0)
DA:1,2
DA:3,14
LF:2
LH:2
BRF:0
BRH:0
end_of_record
TN:
SF:ast/parameter.js
FN:2,(anonymous_0)
FNF:1
FNH:1
FNDA:55,(anonymous_0)
DA:1,2
DA:3,55
LF:2
LH:2
BRF:0
BRH:0
end_of_record
TN:
SF:ast/primitive-type.js
FN:2,(anonymous_0)
FNF:1
FNH:1
FNDA:5,(anonymous_0)
DA:1,1
DA:3,5
LF:2
LH:2
BRF:0
BRH:0
end_of_record
TN:
SF:ast/print-statement.js
FN:2,(anonymous_0)
FNF:1
FNH:1
FNDA:111,(anonymous_0)
DA:1,2
DA:3,111
LF:2
LH:2
BRF:0
BRH:0
end_of_record
TN:
SF:ast/print.js
FN:2,(anonymous_0)
FNF:1
FNH:1
FNDA:111,(anonymous_0)
DA:1,2
DA:3,111
LF:2
LH:2
BRF:0
BRH:0
end_of_record
TN:
SF:ast/program.js
FN:2,(anonymous_0)
FNF:1
FNH:1
FNDA:61,(anonymous_0)
DA:1,2
DA:3,61
LF:2
LH:2
BRF:0
BRH:0
end_of_record
TN:
SF:ast/return-statement.js
FN:2,(anonymous_0)
FNF:1
FNH:1
FNDA:26,(anonymous_0)
DA:1,2
DA:3,26
LF:2
LH:2
BRF:0
BRH:0
end_of_record
TN:
SF:ast/set-expression.js
FN:4,(anonymous_0)
FNF:1
FNH:1
FNDA:6,(anonymous_0)
DA:1,2
DA:3,2
DA:5,6
LF:3
LH:3
BRF:0
BRH:0
end_of_record
TN:
SF:ast/set-type.js
FN:2,(anonymous_0)
FNF:1
FNH:1
FNDA:9,(anonymous_0)
DA:1,2
DA:3,9
LF:2
LH:2
BRF:0
BRH:0
end_of_record
TN:
SF:ast/simple-statement-call.js
FN:2,(anonymous_0)
FNF:1
FNH:1
FNDA:37,(anonymous_0)
DA:1,2
DA:3,37
LF:2
LH:2
BRF:0
BRH:0
end_of_record
TN:
SF:ast/string-literal.js
FN:2,(anonymous_0)
FNF:1
FNH:1
FNDA:162,(anonymous_0)
DA:1,2
DA:3,162
LF:2
LH:2
BRF:0
BRH:0
end_of_record
TN:
SF:ast/string-type.js
FNF:0
FNH:0
DA:1,2
LF:1
LH:1
BRF:0
BRH:0
end_of_record
TN:
SF:ast/subscripted-expression.js
FN:2,(anonymous_0)
FNF:1
FNH:1
FNDA:7,(anonymous_0)
DA:1,2
DA:3,7
LF:2
LH:2
BRF:0
BRH:0
end_of_record
TN:
SF:ast/switch-statement.js
FN:2,(anonymous_0)
FNF:1
FNH:1
FNDA:4,(anonymous_0)
DA:1,2
DA:3,4
LF:2
LH:2
BRF:0
BRH:0
end_of_record
TN:
SF:ast/tuple-expression.js
FN:4,(anonymous_0)
FNF:1
FNH:1
FNDA:4,(anonymous_0)
DA:1,2
DA:3,2
DA:5,4
LF:3
LH:3
BRF:0
BRH:0
end_of_record
TN:
SF:ast/tuple-type.js
FN:2,(anonymous_0)
FNF:1
FNH:1
FNDA:7,(anonymous_0)
DA:1,2
DA:3,7
LF:2
LH:2
BRF:0
BRH:0
end_of_record
TN:
SF:ast/unary-expression.js
FN:2,(anonymous_0)
FNF:1
FNH:1
FNDA:17,(anonymous_0)
DA:1,2
DA:3,17
LF:2
LH:2
BRF:0
BRH:0
end_of_record
TN:
SF:ast/variable-declaration.js
FN:2,(anonymous_0)
FNF:1
FNH:1
FNDA:100,(anonymous_0)
DA:1,2
DA:3,100
LF:2
LH:2
BRF:0
BRH:0
end_of_record
TN:
SF:ast/while-statement.js
FN:2,(anonymous_0)
FNF:1
FNH:1
FNDA:7,(anonymous_0)
DA:1,2
DA:3,7
LF:2
LH:2
BRF:0
BRH:0
end_of_record
TN:
SF:semantics/analyzer.js
FN:60,(anonymous_0)
FN:66,(anonymous_1)
FN:72,(anonymous_2)
FN:77,(anonymous_3)
FN:85,(anonymous_4)
FN:93,(anonymous_5)
FN:116,(anonymous_6)
FN:118,(anonymous_7)
FN:122,(anonymous_8)
FN:127,(anonymous_9)
FN:130,(anonymous_10)
FN:134,(anonymous_11)
FN:143,(anonymous_12)
FN:144,(anonymous_13)
FN:155,(anonymous_14)
FN:171,(anonymous_15)
FN:173,(anonymous_16)
FN:177,(anonymous_17)
FN:182,(anonymous_18)
FN:187,(anonymous_19)
FN:191,(anonymous_20)
FN:195,(anonymous_21)
FN:201,(anonymous_22)
FN:210,(anonymous_23)
FN:219,(anonymous_24)
FN:221,(anonymous_25)
FN:225,(anonymous_26)
FN:236,(anonymous_27)
FN:242,(anonymous_28)
FN:247,(anonymous_29)
FN:253,(anonymous_30)
FN:255,(anonymous_31)
FN:270,(anonymous_32)
FN:280,(anonymous_33)
FN:293,(anonymous_34)
FN:303,(anonymous_35)
FN:310,(anonymous_36)
FN:319,(anonymous_37)
FN:320,(anonymous_38)
FN:325,(anonymous_39)
FN:330,(anonymous_40)
FN:331,(anonymous_41)
FN:340,(anonymous_42)
FN:343,(anonymous_43)
FN:351,(anonymous_44)
FN:352,(anonymous_45)
FN:359,(anonymous_46)
FN:363,(anonymous_47)
FN:377,(anonymous_48)
FN:381,(anonymous_49)
FN:390,(anonymous_50)
FN:395,(anonymous_51)
FN:404,(anonymous_52)
FN:409,(anonymous_53)
FN:430,(anonymous_54)
FN:445,(anonymous_55)
FN:449,(anonymous_56)
FNF:57
FNH:7
FNDA:0,(anonymous_0)
FNDA:0,(anonymous_1)
FNDA:0,(anonymous_2)
FNDA:0,(anonymous_3)
FNDA:0,(anonymous_4)
FNDA:0,(anonymous_5)
FNDA:9,(anonymous_6)
FNDA:0,(anonymous_7)
FNDA:0,(anonymous_8)
FNDA:0,(anonymous_9)
FNDA:0,(anonymous_10)
FNDA:0,(anonymous_11)
FNDA:0,(anonymous_12)
FNDA:0,(anonymous_13)
FNDA:1,(anonymous_14)
FNDA:0,(anonymous_15)
FNDA:0,(anonymous_16)
FNDA:0,(anonymous_17)
FNDA:0,(anonymous_18)
FNDA:0,(anonymous_19)
FNDA:0,(anonymous_20)
FNDA:0,(anonymous_21)
FNDA:0,(anonymous_22)
FNDA:0,(anonymous_23)
FNDA:0,(anonymous_24)
FNDA:0,(anonymous_25)
FNDA:9,(anonymous_26)
FNDA:0,(anonymous_27)
FNDA:0,(anonymous_28)
FNDA:0,(anonymous_29)
FNDA:2,(anonymous_30)
FNDA:0,(anonymous_31)
FNDA:0,(anonymous_32)
FNDA:0,(anonymous_33)
FNDA:0,(anonymous_34)
FNDA:0,(anonymous_35)
FNDA:0,(anonymous_36)
FNDA:32,(anonymous_37)
FNDA:32,(anonymous_38)
FNDA:0,(anonymous_39)
FNDA:0,(anonymous_40)
FNDA:0,(anonymous_41)
FNDA:0,(anonymous_42)
FNDA:0,(anonymous_43)
FNDA:0,(anonymous_44)
FNDA:0,(anonymous_45)
FNDA:0,(anonymous_46)
FNDA:0,(anonymous_47)
FNDA:0,(anonymous_48)
FNDA:0,(anonymous_49)
FNDA:0,(anonymous_50)
FNDA:0,(anonymous_51)
FNDA:0,(anonymous_52)
FNDA:0,(anonymous_53)
FNDA:19,(anonymous_54)
FNDA:0,(anonymous_55)
FNDA:0,(anonymous_56)
DA:1,1
DA:2,1
DA:3,1
DA:4,1
DA:5,1
DA:6,1
DA:7,1
DA:8,1
DA:9,1
DA:10,1
DA:11,1
DA:13,1
DA:14,1
DA:15,1
DA:16,1
DA:17,1
DA:18,1
DA:19,1
DA:20,1
DA:21,1
DA:22,1
DA:23,1
DA:24,1
DA:25,1
DA:26,1
DA:27,1
DA:28,1
DA:29,1
DA:31,1
DA:32,1
DA:33,1
DA:34,1
DA:35,1
DA:36,1
DA:37,1
DA:38,1
DA:39,1
DA:40,1
DA:41,1
DA:42,1
DA:43,1
DA:44,1
DA:45,1
DA:46,1
DA:47,1
DA:56,1
DA:57,1
DA:58,1
DA:60,1
DA:61,0
DA:66,1
DA:67,0
DA:68,0
DA:72,1
DA:73,0
DA:74,0
DA:77,1
DA:78,0
DA:79,0
DA:81,0
DA:85,1
DA:86,0
DA:87,0
DA:88,0
DA:89,0
DA:93,1
DA:94,0
DA:95,0
DA:96,0
DA:97,0
DA:98,0
DA:99,0
DA:100,0
DA:102,0
DA:103,0
DA:104,0
DA:105,0
DA:106,0
DA:107,0
DA:108,0
DA:109,0
DA:111,0
DA:112,0
DA:116,1
DA:117,9
DA:118,0
DA:119,0
DA:122,1
DA:123,0
DA:127,1
DA:128,0
DA:129,0
DA:130,0
DA:131,0
DA:134,1
DA:135,0
DA:136,0
DA:137,0
DA:138,0
DA:143,1
DA:144,0
DA:145,0
DA:146,0
DA:147,0
DA:150,0
DA:151,0
DA:152,0
DA:155,1
DA:156,1
DA:157,0
DA:158,0
DA:159,0
DA:160,0
DA:161,0
DA:162,0
DA:163,0
DA:164,0
DA:165,0
DA:166,0
DA:167,0
DA:171,1
DA:173,1
DA:174,0
DA:177,1
DA:178,0
DA:179,0
DA:182,1
DA:183,0
DA:184,0
DA:187,1
DA:188,0
DA:189,0
DA:190,0
DA:191,0
DA:192,0
DA:193,0
DA:195,0
DA:196,0
DA:197,0
DA:201,1
DA:202,0
DA:203,0
DA:204,0
DA:205,0
DA:206,0
DA:207,0
DA:210,1
DA:211,0
DA:212,0
DA:219,1
DA:220,0
DA:221,0
DA:222,0
DA:225,1
DA:226,9
DA:227,0
DA:232,0
DA:236,1
DA:237,0
DA:238,0
DA:242,1
DA:243,0
DA:244,0
DA:247,1
DA:248,0
DA:249,0
DA:253,1
DA:254,2
DA:255,0
DA:256,0
DA:257,0
DA:258,0
DA:259,0
DA:260,0
DA:261,0
DA:263,0
DA:267,0
DA:270,1
DA:271,0
DA:272,0
DA:273,0
DA:274,0
DA:280,1
DA:281,0
DA:282,0
DA:283,0
DA:284,0
DA:285,0
DA:286,0
DA:287,0
DA:289,0
DA:293,1
DA:294,0
DA:296,0
DA:297,0
DA:299,0
DA:303,1
DA:304,0
DA:305,0
DA:310,1
DA:311,0
DA:313,0
DA:314,0
DA:316,0
DA:319,1
DA:320,32
DA:321,32
DA:325,1
DA:326,0
DA:327,0
DA:330,1
DA:331,0
DA:332,0
DA:333,0
DA:334,0
DA:335,0
DA:340,1
DA:342,0
DA:343,0
DA:344,0
DA:345,0
DA:346,0
DA:351,1
DA:352,0
DA:353,0
DA:354,0
DA:356,0
DA:359,1
DA:363,1
DA:364,0
DA:365,0
DA:366,0
DA:367,0
DA:368,0
DA:369,0
DA:372,0
DA:373,0
DA:374,0
DA:377,1
DA:381,1
DA:383,0
DA:384,0
DA:385,0
DA:386,0
DA:387,0
DA:390,1
DA:391,0
DA:392,0
DA:393,0
DA:394,0
DA:395,0
DA:396,0
DA:397,0
DA:398,0
DA:400,0
DA:401,0
DA:404,1
DA:409,1
DA:410,0
DA:411,0
DA:412,0
DA:413,0
DA:414,0
DA:415,0
DA:416,0
DA:417,0
DA:419,0
DA:420,0
DA:421,0
DA:423,0
DA:430,1
DA:434,19
DA:435,0
DA:436,0
DA:437,0
DA:440,0
DA:442,0
DA:445,1
DA:446,0
DA:447,0
DA:448,0
DA:449,0
LF:282
LH:99
BRDA:96,0,0,0
BRDA:96,0,1,0
BRDA:100,1,0,0
BRDA:100,1,1,0
BRDA:105,2,0,0
BRDA:105,2,1,0
BRDA:222,3,0,0
BRDA:222,3,1,0
BRDA:258,4,0,0
BRDA:258,4,1,0
BRDA:260,5,0,0
BRDA:260,5,1,0
BRDA:281,6,0,0
BRDA:281,6,1,0
BRDA:284,7,0,0
BRDA:284,7,1,0
BRDA:286,8,0,0
BRDA:286,8,1,0
BRDA:304,9,0,0
BRDA:304,9,1,0
BRDA:313,10,0,0
BRDA:313,10,1,0
BRDA:332,11,0,0
BRDA:332,11,1,0
BRDA:353,12,0,0
BRDA:353,12,1,0
BRDA:411,13,0,0
BRDA:411,13,1,0
BRDA:414,14,0,0
BRDA:414,14,1,0
BRDA:435,15,0,0
BRDA:435,15,1,0
BRF:32
BRH:0
end_of_record
TN:
SF:semantics/builtins.js
FN:31,(anonymous_0)
FNF:1
FNH:1
FNDA:1,(anonymous_0)
DA:1,1
DA:2,1
DA:3,1
DA:6,1
DA:7,1
DA:8,1
DA:9,1
DA:10,1
DA:13,1
DA:31,1
DA:32,1
DA:36,1
LF:12
LH:12
BRF:0
BRH:0
end_of_record
TN:
SF:semantics/check.js
FN:24,doCheck
FN:33,(anonymous_1)
FN:38,(anonymous_2)
FN:42,(anonymous_3)
FN:46,(anonymous_4)
FN:51,(anonymous_5)
FN:55,(anonymous_6)
FN:60,(anonymous_7)
FN:64,(anonymous_8)
FN:69,(anonymous_9)
FN:74,(anonymous_10)
FN:78,(anonymous_11)
FN:82,(anonymous_12)
FN:86,(anonymous_13)
FN:93,(anonymous_14)
FN:100,(anonymous_15)
FN:104,(anonymous_16)
FN:108,(anonymous_17)
FN:112,(anonymous_18)
FN:117,(anonymous_19)
FN:122,(anonymous_20)
FN:132,(anonymous_21)
FN:139,(anonymous_22)
FN:143,(anonymous_23)
FN:148,(anonymous_24)
FN:153,(anonymous_25)
FNF:26
FNH:0
FNDA:0,doCheck
FNDA:0,(anonymous_1)
FNDA:0,(anonymous_2)
FNDA:0,(anonymous_3)
FNDA:0,(anonymous_4)
FNDA:0,(anonymous_5)
FNDA:0,(anonymous_6)
FNDA:0,(anonymous_7)
FNDA:0,(anonymous_8)
FNDA:0,(anonymous_9)
FNDA:0,(anonymous_10)
FNDA:0,(anonymous_11)
FNDA:0,(anonymous_12)
FNDA:0,(anonymous_13)
FNDA:0,(anonymous_14)
FNDA:0,(anonymous_15)
FNDA:0,(anonymous_16)
FNDA:0,(anonymous_17)
FNDA:0,(anonymous_18)
FNDA:0,(anonymous_19)
FNDA:0,(anonymous_20)
FNDA:0,(anonymous_21)
FNDA:0,(anonymous_22)
FNDA:0,(anonymous_23)
FNDA:0,(anonymous_24)
FNDA:0,(anonymous_25)
DA:1,1
DA:4,1
DA:5,1
DA:6,1
DA:7,1
DA:8,1
DA:9,1
DA:10,1
DA:11,1
DA:12,1
DA:22,1
DA:25,0
DA:26,0
DA:31,1
DA:35,0
DA:39,0
DA:43,0
DA:47,0
DA:52,0
DA:57,0
DA:61,0
DA:65,0
DA:71,0
DA:75,0
DA:79,0
DA:83,0
DA:87,0
DA:94,0
DA:109,0
DA:113,0
DA:118,0
DA:123,0
DA:133,0
DA:140,0
DA:144,0
DA:149,0
DA:153,0
LF:37
LH:12
BRDA:25,0,0,0
BRDA:25,0,1,0
BRDA:61,1,0,0
BRDA:61,1,1,0
BRDA:65,2,0,0
BRDA:65,2,1,0
BRDA:65,2,2,0
BRDA:88,3,0,0
BRDA:88,3,1,0
BRDA:95,4,0,0
BRDA:95,4,1,0
BRDA:124,5,0,0
BRDA:124,5,1,0
BRDA:124,5,2,0
BRDA:134,6,0,0
BRDA:134,6,1,0
BRF:16
BRH:0
end_of_record
TN:
SF:semantics/context.js
FN:41,(anonymous_0)
FN:52,(anonymous_1)
FN:57,(anonymous_2)
FN:66,(anonymous_3)
FN:75,(anonymous_4)
FN:84,(anonymous_5)
FN:112,(anonymous_6)
FN:122,(anonymous_7)
FN:129,(anonymous_8)
FN:137,(anonymous_9)
FNF:10
FNH:4
FNDA:33,(anonymous_0)
FNDA:0,(anonymous_1)
FNDA:0,(anonymous_2)
FNDA:32,(anonymous_3)
FNDA:0,(anonymous_4)
FNDA:0,(anonymous_5)
FNDA:1,(anonymous_6)
FNDA:0,(anonymous_7)
FNDA:0,(anonymous_8)
FNDA:1,(anonymous_9)
DA:11,1
DA:21,1
DA:23,1
DA:42,33
DA:54,0
DA:59,0
DA:68,32
DA:76,0
DA:77,0
DA:79,0
DA:85,0
DA:86,0
DA:88,0
DA:113,1
DA:114,1
DA:115,0
DA:118,0
DA:123,0
DA:124,0
DA:130,0
DA:131,0
DA:136,1
DA:137,1
DA:138,1
DA:143,1
DA:144,1
DA:145,1
DA:146,1
DA:147,1
DA:151,1
LF:30
LH:16
BRDA:41,0,0,1
BRDA:41,1,0,1
BRDA:41,2,0,1
BRDA:41,3,0,1
BRDA:76,4,0,0
BRDA:76,4,1,0
BRDA:76,5,0,0
BRDA:76,5,1,0
BRDA:79,6,0,0
BRDA:79,6,1,0
BRDA:85,7,0,0
BRDA:85,7,1,0
BRDA:85,8,0,0
BRDA:85,8,1,0
BRDA:88,9,0,0
BRDA:88,9,1,0
BRDA:114,10,0,0
BRDA:114,10,1,0
BRDA:123,11,0,0
BRDA:123,11,1,0
BRDA:130,12,0,0
BRDA:130,12,1,0
BRF:22
BRH:4
end_of_record
TN:
SF:syntax/parser.js
FN:58,arrayToNullable
FN:64,(anonymous_1)
FN:67,(anonymous_2)
FN:70,(anonymous_3)
FN:73,(anonymous_4)
FN:82,(anonymous_5)
FN:86,(anonymous_6)
FN:93,(anonymous_7)
FN:101,(anonymous_8)
FN:125,(anonymous_9)
FN:130,(anonymous_10)
FN:139,(anonymous_11)
FN:143,(anonymous_12)
FN:147,(anonymous_13)
FN:151,(anonymous_14)
FN:155,(anonymous_15)
FN:159,(anonymous_16)
FN:163,(anonymous_17)
FN:167,(anonymous_18)
FN:171,(anonymous_19)
FN:175,(anonymous_20)
FN:179,(anonymous_21)
FN:183,(anonymous_22)
FN:187,(anonymous_23)
FN:191,(anonymous_24)
FN:195,(anonymous_25)
FN:199,(anonymous_26)
FN:203,(anonymous_27)
FN:207,(anonymous_28)
FN:211,(anonymous_29)
FN:215,(anonymous_30)
FN:219,(anonymous_31)
FN:223,(anonymous_32)
FN:227,(anonymous_33)
FN:231,(anonymous_34)
FN:235,(anonymous_35)
FN:239,(anonymous_36)
FN:243,(anonymous_37)
FN:247,(anonymous_38)
FN:251,(anonymous_39)
FN:255,(anonymous_40)
FN:259,(anonymous_41)
FN:263,(anonymous_42)
FN:271,(anonymous_43)
FN:275,(anonymous_44)
FN:279,(anonymous_45)
FN:283,(anonymous_46)
FN:287,(anonymous_47)
FN:291,(anonymous_48)
FN:295,(anonymous_49)
FN:299,(anonymous_50)
FN:303,(anonymous_51)
FN:307,(anonymous_52)
FN:311,(anonymous_53)
FN:315,(anonymous_54)
FN:319,(anonymous_55)
FN:323,(anonymous_56)
FN:331,(anonymous_57)
FN:340,(anonymous_58)
FN:344,(anonymous_59)
FN:348,(anonymous_60)
FN:352,(anonymous_61)
FN:356,(anonymous_62)
FN:359,(anonymous_63)
FN:365,(anonymous_64)
FNF:65
FNH:65
FNDA:1129,arrayToNullable
FNDA:61,(anonymous_1)
FNDA:336,(anonymous_2)
FNDA:8,(anonymous_3)
FNDA:66,(anonymous_4)
FNDA:7,(anonymous_5)
FNDA:36,(anonymous_6)
FNDA:4,(anonymous_7)
FNDA:7,(anonymous_8)
FNDA:12,(anonymous_9)
FNDA:100,(anonymous_10)
FNDA:24,(anonymous_11)
FNDA:37,(anonymous_12)
FNDA:111,(anonymous_13)
FNDA:15,(anonymous_14)
FNDA:4,(anonymous_15)
FNDA:26,(anonymous_16)
FNDA:191,(anonymous_17)
FNDA:111,(anonymous_18)
FNDA:8,(anonymous_19)
FNDA:4,(anonymous_20)
FNDA:5,(anonymous_21)
FNDA:11,(anonymous_22)
FNDA:78,(anonymous_23)
FNDA:25,(anonymous_24)
FNDA:15,(anonymous_25)
FNDA:9,(anonymous_26)
FNDA:1,(anonymous_27)
FNDA:7,(anonymous_28)
FNDA:3,(anonymous_29)
FNDA:2,(anonymous_30)
FNDA:6,(anonymous_31)
FNDA:6,(anonymous_32)
FNDA:6,(anonymous_33)
FNDA:4,(anonymous_34)
FNDA:35,(anonymous_35)
FNDA:15,(anonymous_36)
FNDA:38,(anonymous_37)
FNDA:5,(anonymous_38)
FNDA:2,(anonymous_39)
FNDA:196,(anonymous_40)
FNDA:104,(anonymous_41)
FNDA:54,(anonymous_42)
FNDA:37,(anonymous_43)
FNDA:14,(anonymous_44)
FNDA:4,(anonymous_45)
FNDA:332,(anonymous_46)
FNDA:50,(anonymous_47)
FNDA:525,(anonymous_48)
FNDA:136,(anonymous_49)
FNDA:2,(anonymous_50)
FNDA:45,(anonymous_51)
FNDA:38,(anonymous_52)
FNDA:8,(anonymous_53)
FNDA:9,(anonymous_54)
FNDA:10,(anonymous_55)
FNDA:7,(anonymous_56)
FNDA:266,(anonymous_57)
FNDA:21,(anonymous_58)
FNDA:162,(anonymous_59)
FNDA:293,(anonymous_60)
FNDA:2,(anonymous_61)
FNDA:2,(anonymous_62)
FNDA:5,(anonymous_63)
FNDA:73,(anonymous_64)
DA:1,2
DA:3,2
DA:5,2
DA:6,2
DA:7,2
DA:8,2
DA:9,2
DA:10,2
DA:11,2
DA:12,2
DA:13,2
DA:14,2
DA:15,2
DA:16,2
DA:17,2
DA:18,2
DA:19,2
DA:20,2
DA:21,2
DA:22,2
DA:23,2
DA:24,2
DA:25,2
DA:26,2
DA:27,2
DA:28,2
DA:29,2
DA:30,2
DA:31,2
DA:32,2
DA:33,2
DA:34,2
DA:35,2
DA:36,2
DA:37,2
DA:38,2
DA:39,2
DA:40,2
DA:41,2
DA:42,2
DA:43,2
DA:44,2
DA:45,2
DA:46,2
DA:47,2
DA:48,2
DA:49,2
DA:50,2
DA:51,2
DA:52,2
DA:54,2
DA:59,1129
DA:63,2
DA:65,61
DA:68,336
DA:71,8
DA:74,66
DA:83,7
DA:87,36
DA:88,36
DA:89,36
DA:90,36
DA:94,4
DA:114,7
DA:126,12
DA:131,100
DA:140,24
DA:144,37
DA:148,111
DA:152,15
DA:156,4
DA:160,26
DA:164,191
DA:168,111
DA:172,8
DA:176,4
DA:180,5
DA:184,11
DA:188,78
DA:192,25
DA:196,15
DA:200,9
DA:204,1
DA:208,7
DA:212,3
DA:216,2
DA:220,6
DA:224,6
DA:228,6
DA:232,4
DA:236,35
DA:240,15
DA:244,38
DA:248,5
DA:252,2
DA:256,196
DA:260,104
DA:264,54
DA:272,37
DA:276,14
DA:280,4
DA:284,332
DA:288,50
DA:292,525
DA:296,136
DA:300,2
DA:304,45
DA:308,38
DA:312,8
DA:316,9
DA:320,10
DA:324,7
DA:332,266
DA:341,21
DA:345,162
DA:349,293
DA:353,2
DA:357,2
DA:360,5
DA:365,2
DA:366,73
DA:367,73
DA:368,12
DA:370,61
LF:124
LH:124
BRDA:59,0,0,1035
BRDA:59,0,1,94
BRDA:367,1,0,12
BRDA:367,1,1,61
BRF:4
BRH:4
end_of_record
