TN:
SF:ast/argument.js
FN:2,(anonymous_0)
FNF:1
FNH:1
FNDA:34,(anonymous_0)
DA:1,1
DA:3,34
LF:2
LH:2
BRF:0
BRH:0
end_of_record
TN:
SF:ast/array-expression.js
FN:2,(anonymous_0)
FNF:1
FNH:1
FNDA:2,(anonymous_0)
DA:1,1
DA:3,2
LF:2
LH:2
BRF:0
BRH:0
end_of_record
TN:
SF:ast/array-type.js
FN:2,(anonymous_0)
FNF:1
FNH:1
FNDA:5,(anonymous_0)
DA:1,1
DA:3,5
LF:2
LH:2
BRF:0
BRH:0
end_of_record
TN:
SF:ast/assignment-statement.js
FN:2,(anonymous_0)
FNF:1
FNH:1
FNDA:15,(anonymous_0)
DA:1,1
DA:3,15
LF:2
LH:2
BRF:0
BRH:0
end_of_record
TN:
SF:ast/binary-expression.js
FN:2,(anonymous_0)
FNF:1
FNH:1
FNDA:97,(anonymous_0)
DA:1,1
DA:3,97
LF:2
LH:2
BRF:0
BRH:0
end_of_record
TN:
SF:ast/block.js
FN:2,(anonymous_0)
FNF:1
FNH:1
FNDA:166,(anonymous_0)
DA:1,1
DA:3,166
LF:2
LH:2
BRF:0
BRH:0
end_of_record
TN:
SF:ast/boolean-literal.js
FN:2,(anonymous_0)
FNF:1
FNH:1
FNDA:13,(anonymous_0)
DA:1,1
DA:3,13
LF:2
LH:2
BRF:0
BRH:0
end_of_record
TN:
SF:ast/boolean-type.js
FNF:0
FNH:0
DA:1,1
LF:1
LH:1
BRF:0
BRH:0
end_of_record
TN:
SF:ast/break-statement.js
FNF:0
FNH:0
DA:1,1
LF:1
LH:1
BRF:0
BRH:0
end_of_record
TN:
SF:ast/call.js
FN:2,(anonymous_0)
FNF:1
FNH:1
FNDA:37,(anonymous_0)
DA:1,1
DA:3,37
LF:2
LH:2
BRF:0
BRH:0
end_of_record
TN:
SF:ast/case.js
FN:2,(anonymous_0)
FNF:1
FNH:1
FNDA:6,(anonymous_0)
DA:1,1
DA:3,6
LF:2
LH:2
BRF:0
BRH:0
end_of_record
TN:
SF:ast/class-declaration.js
FN:2,(anonymous_0)
FNF:1
FNH:1
FNDA:8,(anonymous_0)
DA:1,1
DA:3,8
LF:2
LH:2
BRF:0
BRH:0
end_of_record
TN:
SF:ast/closure.js
FN:2,(anonymous_0)
FNF:1
FNH:1
FNDA:2,(anonymous_0)
DA:1,1
DA:3,2
LF:2
LH:2
BRF:0
BRH:0
end_of_record
TN:
SF:ast/continue-statement.js
FNF:0
FNH:0
DA:1,1
LF:1
LH:1
BRF:0
BRH:0
end_of_record
TN:
SF:ast/default-case.js
FN:2,(anonymous_0)
FNF:1
FNH:1
FNDA:3,(anonymous_0)
DA:1,1
DA:3,3
LF:2
LH:2
BRF:0
BRH:0
end_of_record
TN:
SF:ast/dict-expression.js
FN:2,(anonymous_0)
FNF:1
FNH:1
FNDA:5,(anonymous_0)
DA:1,1
DA:3,5
LF:2
LH:2
BRF:0
BRH:0
end_of_record
TN:
SF:ast/dict-type.js
FN:2,(anonymous_0)
FNF:1
FNH:1
FNDA:7,(anonymous_0)
DA:1,1
DA:3,7
LF:2
LH:2
BRF:0
BRH:0
end_of_record
TN:
SF:ast/exponent.js
FN:2,(anonymous_0)
FNF:1
FNH:1
FNDA:2,(anonymous_0)
DA:1,1
DA:3,2
LF:2
LH:2
BRF:0
BRH:0
end_of_record
TN:
SF:ast/fraction.js
FN:2,(anonymous_0)
FNF:1
FNH:1
FNDA:2,(anonymous_0)
DA:1,1
DA:3,2
LF:2
LH:2
BRF:0
BRH:0
end_of_record
TN:
SF:ast/function-declaration.js
FN:2,(anonymous_0)
FNF:1
FNH:1
FNDA:57,(anonymous_0)
DA:1,1
DA:4,57
LF:2
LH:2
BRF:0
BRH:0
end_of_record
TN:
SF:ast/id-type.js
FN:2,(anonymous_0)
FNF:1
FNH:1
FNDA:2,(anonymous_0)
DA:1,1
DA:3,2
LF:2
LH:2
BRF:0
BRH:0
end_of_record
TN:
SF:ast/identifier-declaration.js
FN:2,(anonymous_0)
FNF:1
FNH:1
FNDA:59,(anonymous_0)
DA:1,1
DA:3,59
LF:2
LH:2
BRF:0
BRH:0
end_of_record
TN:
SF:ast/identifier-expression.js
FN:2,(anonymous_0)
FNF:1
FNH:1
FNDA:136,(anonymous_0)
DA:1,1
DA:3,136
LF:2
LH:2
BRF:0
BRH:0
end_of_record
TN:
SF:ast/if-statement.js
FN:2,(anonymous_0)
FNF:1
FNH:1
FNDA:30,(anonymous_0)
DA:1,1
DA:3,30
LF:2
LH:2
BRF:0
BRH:0
end_of_record
TN:
SF:ast/keyvalue-expression.js
FN:2,(anonymous_0)
FNF:1
FNH:1
FNDA:12,(anonymous_0)
DA:1,1
DA:3,12
LF:2
LH:2
BRF:0
BRH:0
end_of_record
TN:
SF:ast/long-type.js
FNF:0
FNH:0
DA:1,1
LF:1
LH:1
BRF:0
BRH:0
end_of_record
TN:
SF:ast/loop.js
FN:4,(anonymous_0)
FN:27,(anonymous_1)
FNF:2
FNH:2
FNDA:6,(anonymous_0)
FNDA:12,(anonymous_1)
DA:13,6
DA:14,6
DA:28,12
DA:29,12
DA:33,1
LF:5
LH:5
BRF:0
BRH:0
end_of_record
TN:
SF:ast/numeric-literal.js
FN:2,(anonymous_0)
FNF:1
FNH:1
FNDA:202,(anonymous_0)
DA:1,1
DA:3,202
LF:2
LH:2
BRF:0
BRH:0
end_of_record
TN:
SF:ast/numeric-type.js
FNF:0
FNH:0
DA:1,1
LF:1
LH:1
BRF:0
BRH:0
end_of_record
TN:
SF:ast/optional-type.js
FN:2,(anonymous_0)
FNF:1
FNH:1
FNDA:14,(anonymous_0)
DA:1,1
DA:3,14
LF:2
LH:2
BRF:0
BRH:0
end_of_record
TN:
SF:ast/parameter.js
FN:2,(anonymous_0)
FNF:1
FNH:1
FNDA:43,(anonymous_0)
DA:1,1
DA:3,43
LF:2
LH:2
BRF:0
BRH:0
end_of_record
TN:
SF:ast/print-statement.js
FN:2,(anonymous_0)
FNF:1
FNH:1
FNDA:100,(anonymous_0)
DA:1,1
DA:3,100
LF:2
LH:2
BRF:0
BRH:0
end_of_record
TN:
SF:ast/print.js
FN:2,(anonymous_0)
FNF:1
FNH:1
FNDA:100,(anonymous_0)
DA:1,1
DA:3,100
LF:2
LH:2
BRF:0
BRH:0
end_of_record
TN:
SF:ast/program.js
FN:2,(anonymous_0)
FNF:1
FNH:1
FNDA:29,(anonymous_0)
DA:1,1
DA:3,29
LF:2
LH:2
BRF:0
BRH:0
end_of_record
TN:
SF:ast/return-statement.js
FN:2,(anonymous_0)
FNF:1
FNH:1
FNDA:14,(anonymous_0)
DA:1,1
DA:3,14
LF:2
LH:2
BRF:0
BRH:0
end_of_record
TN:
SF:ast/set-expression.js
FN:4,(anonymous_0)
FNF:1
FNH:1
FNDA:4,(anonymous_0)
DA:1,1
DA:3,1
DA:5,4
LF:3
LH:3
BRF:0
BRH:0
end_of_record
TN:
SF:ast/set-type.js
FN:2,(anonymous_0)
FNF:1
FNH:1
FNDA:7,(anonymous_0)
DA:1,1
DA:3,7
LF:2
LH:2
BRF:0
BRH:0
end_of_record
TN:
SF:ast/simple-statement-call.js
FN:2,(anonymous_0)
FNF:1
FNH:1
FNDA:36,(anonymous_0)
DA:1,1
DA:3,36
LF:2
LH:2
BRF:0
BRH:0
end_of_record
TN:
SF:ast/string-literal.js
FN:2,(anonymous_0)
FNF:1
FNH:1
FNDA:134,(anonymous_0)
DA:1,1
DA:3,134
LF:2
LH:2
BRF:0
BRH:0
end_of_record
TN:
SF:ast/string-type.js
FNF:0
FNH:0
DA:1,1
LF:1
LH:1
BRF:0
BRH:0
end_of_record
TN:
SF:ast/subscripted-expression.js
FN:2,(anonymous_0)
FNF:1
FNH:1
FNDA:4,(anonymous_0)
DA:1,1
DA:3,4
LF:2
LH:2
BRF:0
BRH:0
end_of_record
TN:
SF:ast/switch-statement.js
FN:2,(anonymous_0)
FNF:1
FNH:1
FNDA:3,(anonymous_0)
DA:1,1
DA:3,3
LF:2
LH:2
BRF:0
BRH:0
end_of_record
TN:
SF:ast/tuple-expression.js
FN:4,(anonymous_0)
FNF:1
FNH:1
FNDA:4,(anonymous_0)
DA:1,1
DA:3,1
DA:5,4
LF:3
LH:3
BRF:0
BRH:0
end_of_record
TN:
SF:ast/tuple-type.js
FN:2,(anonymous_0)
FNF:1
FNH:1
FNDA:7,(anonymous_0)
DA:1,1
DA:3,7
LF:2
LH:2
BRF:0
BRH:0
end_of_record
TN:
SF:ast/unary-expression.js
FN:2,(anonymous_0)
FNF:1
FNH:1
FNDA:15,(anonymous_0)
DA:1,1
DA:3,15
LF:2
LH:2
BRF:0
BRH:0
end_of_record
TN:
SF:ast/variable-declaration.js
FN:2,(anonymous_0)
FNF:1
FNH:1
FNDA:59,(anonymous_0)
DA:1,1
DA:3,59
LF:2
LH:2
BRF:0
BRH:0
end_of_record
TN:
SF:ast/while-statement.js
FN:2,(anonymous_0)
FNF:1
FNH:1
FNDA:7,(anonymous_0)
DA:1,1
DA:3,7
LF:2
LH:2
BRF:0
BRH:0
end_of_record
TN:
SF:syntax/parser.js
FN:57,arrayToNullable
FN:63,(anonymous_1)
FN:66,(anonymous_2)
FN:69,(anonymous_3)
FN:72,(anonymous_4)
FN:81,(anonymous_5)
FN:85,(anonymous_6)
FN:92,(anonymous_7)
FN:100,(anonymous_8)
FN:124,(anonymous_9)
FN:128,(anonymous_10)
FN:137,(anonymous_11)
FN:141,(anonymous_12)
FN:145,(anonymous_13)
FN:149,(anonymous_14)
FN:153,(anonymous_15)
FN:157,(anonymous_16)
FN:161,(anonymous_17)
FN:165,(anonymous_18)
FN:169,(anonymous_19)
FN:173,(anonymous_20)
FN:177,(anonymous_21)
FN:181,(anonymous_22)
FN:185,(anonymous_23)
FN:189,(anonymous_24)
FN:193,(anonymous_25)
FN:197,(anonymous_26)
FN:201,(anonymous_27)
FN:205,(anonymous_28)
FN:209,(anonymous_29)
FN:213,(anonymous_30)
FN:217,(anonymous_31)
FN:221,(anonymous_32)
FN:225,(anonymous_33)
FN:229,(anonymous_34)
FN:233,(anonymous_35)
FN:237,(anonymous_36)
FN:241,(anonymous_37)
FN:245,(anonymous_38)
FN:249,(anonymous_39)
FN:253,(anonymous_40)
FN:257,(anonymous_41)
FN:261,(anonymous_42)
FN:269,(anonymous_43)
FN:273,(anonymous_44)
FN:277,(anonymous_45)
FN:281,(anonymous_46)
FN:285,(anonymous_47)
FN:289,(anonymous_48)
FN:293,(anonymous_49)
FN:297,(anonymous_50)
FN:301,(anonymous_51)
FN:305,(anonymous_52)
FN:309,(anonymous_53)
FN:313,(anonymous_54)
FN:317,(anonymous_55)
FN:321,(anonymous_56)
FN:326,(anonymous_57)
FN:335,(anonymous_58)
FN:340,(anonymous_59)
FN:344,(anonymous_60)
FN:348,(anonymous_61)
FN:352,(anonymous_62)
FN:358,(anonymous_63)
FNF:64
FNH:64
FNDA:849,arrayToNullable
FNDA:29,(anonymous_1)
FNDA:256,(anonymous_2)
FNDA:8,(anonymous_3)
FNDA:57,(anonymous_4)
FNDA:7,(anonymous_5)
FNDA:30,(anonymous_6)
FNDA:3,(anonymous_7)
FNDA:6,(anonymous_8)
FNDA:12,(anonymous_9)
FNDA:59,(anonymous_10)
FNDA:15,(anonymous_11)
FNDA:36,(anonymous_12)
FNDA:100,(anonymous_13)
FNDA:11,(anonymous_14)
FNDA:4,(anonymous_15)
FNDA:14,(anonymous_16)
FNDA:166,(anonymous_17)
FNDA:100,(anonymous_18)
FNDA:6,(anonymous_19)
FNDA:3,(anonymous_20)
FNDA:4,(anonymous_21)
FNDA:4,(anonymous_22)
FNDA:57,(anonymous_23)
FNDA:20,(anonymous_24)
FNDA:9,(anonymous_25)
FNDA:7,(anonymous_26)
FNDA:1,(anonymous_27)
FNDA:7,(anonymous_28)
FNDA:3,(anonymous_29)
FNDA:2,(anonymous_30)
FNDA:2,(anonymous_31)
FNDA:4,(anonymous_32)
FNDA:5,(anonymous_33)
FNDA:4,(anonymous_34)
FNDA:35,(anonymous_35)
FNDA:12,(anonymous_36)
FNDA:37,(anonymous_37)
FNDA:2,(anonymous_38)
FNDA:2,(anonymous_39)
FNDA:136,(anonymous_40)
FNDA:59,(anonymous_41)
FNDA:43,(anonymous_42)
FNDA:34,(anonymous_43)
FNDA:14,(anonymous_44)
FNDA:2,(anonymous_45)
FNDA:222,(anonymous_46)
FNDA:43,(anonymous_47)
FNDA:392,(anonymous_48)
FNDA:102,(anonymous_49)
FNDA:1,(anonymous_50)
FNDA:26,(anonymous_51)
FNDA:29,(anonymous_52)
FNDA:5,(anonymous_53)
FNDA:7,(anonymous_54)
FNDA:7,(anonymous_55)
FNDA:7,(anonymous_56)
FNDA:202,(anonymous_57)
FNDA:13,(anonymous_58)
FNDA:134,(anonymous_59)
FNDA:243,(anonymous_60)
FNDA:2,(anonymous_61)
FNDA:2,(anonymous_62)
FNDA:33,(anonymous_63)
DA:1,1
DA:3,1
DA:5,1
DA:6,1
DA:7,1
DA:8,1
DA:9,1
DA:10,1
DA:11,1
DA:12,1
DA:13,1
DA:14,1
DA:15,1
DA:16,1
DA:17,1
DA:18,1
DA:19,1
DA:20,1
DA:21,1
DA:22,1
DA:23,1
DA:24,1
DA:25,1
DA:26,1
DA:27,1
DA:28,1
DA:29,1
DA:30,1
DA:31,1
DA:32,1
DA:33,1
DA:34,1
DA:35,1
DA:36,1
DA:37,1
DA:38,1
DA:39,1
DA:40,1
DA:41,1
DA:42,1
DA:43,1
DA:44,1
DA:45,1
DA:46,1
DA:47,1
DA:48,1
DA:49,1
DA:50,1
DA:51,1
DA:53,1
DA:58,849
DA:62,1
DA:64,29
DA:67,256
DA:70,8
DA:73,57
DA:82,7
DA:86,30
DA:87,30
DA:88,30
DA:89,30
DA:93,3
DA:113,6
DA:125,12
DA:129,59
DA:138,15
DA:142,36
DA:146,100
DA:150,11
DA:154,4
DA:158,14
DA:162,166
DA:166,100
DA:170,6
DA:174,3
DA:178,4
DA:182,4
DA:186,57
DA:190,20
DA:194,9
DA:198,7
DA:202,1
DA:206,7
DA:210,3
DA:214,2
DA:218,2
DA:222,4
DA:226,5
DA:230,4
DA:234,35
DA:238,12
DA:242,37
DA:246,2
DA:250,2
DA:254,136
DA:258,59
DA:262,43
DA:270,34
DA:274,14
DA:278,2
DA:282,222
DA:286,43
DA:290,392
DA:294,102
DA:298,1
DA:302,26
DA:306,29
DA:310,5
DA:314,7
DA:318,7
DA:322,7
DA:327,202
DA:336,13
DA:341,134
DA:345,243
DA:349,2
DA:353,2
DA:358,1
DA:359,33
DA:360,33
DA:361,4
DA:363,29
LF:122
LH:122
BRDA:58,0,0,772
BRDA:58,0,1,77
BRDA:360,1,0,4
BRDA:360,1,1,29
BRF:4
BRH:4
end_of_record
